[0.140s] DEBUG:colcon:Command line arguments: ['/usr/bin/colcon', 'build', '--packages-select', 'task1cpp']
[0.140s] DEBUG:colcon:Parsed command line arguments: Namespace(log_base=None, log_level=None, verb_name='build', build_base='build', install_base='install', merge_install=False, symlink_install=False, test_result_base=None, continue_on_error=False, executor='parallel', parallel_workers=8, event_handlers=None, ignore_user_meta=False, metas=['./colcon.meta'], base_paths=['.'], packages_ignore=None, packages_ignore_regex=None, paths=None, packages_up_to=None, packages_up_to_regex=None, packages_above=None, packages_above_and_dependencies=None, packages_above_depth=None, packages_select_by_dep=None, packages_skip_by_dep=None, packages_skip_up_to=None, packages_select_build_failed=False, packages_skip_build_finished=False, packages_select_test_failures=False, packages_skip_test_passed=False, packages_select=['task1cpp'], packages_skip=None, packages_select_regex=None, packages_skip_regex=None, packages_start=None, packages_end=None, allow_overriding=[], cmake_args=None, cmake_target=None, cmake_target_skip_unavailable=False, cmake_clean_cache=False, cmake_clean_first=False, cmake_force_configure=False, ament_cmake_args=None, catkin_cmake_args=None, catkin_skip_building_tests=False, verb_parser=<colcon_defaults.argument_parser.defaults.DefaultArgumentsDecorator object at 0x79905db0fd30>, verb_extension=<colcon_core.verb.build.BuildVerb object at 0x79905dc48940>, main=<bound method BuildVerb.main of <colcon_core.verb.build.BuildVerb object at 0x79905dc48940>>)
[0.355s] Level 1:colcon.colcon_core.package_discovery:discover_packages(colcon_meta) check parameters
[0.355s] Level 1:colcon.colcon_core.package_discovery:discover_packages(recursive) check parameters
[0.355s] Level 1:colcon.colcon_core.package_discovery:discover_packages(ignore) check parameters
[0.355s] Level 1:colcon.colcon_core.package_discovery:discover_packages(path) check parameters
[0.355s] Level 1:colcon.colcon_core.package_discovery:discover_packages(colcon_meta) discover
[0.355s] Level 1:colcon.colcon_core.package_discovery:discover_packages(recursive) discover
[0.355s] INFO:colcon.colcon_core.package_discovery:Crawling recursively for packages in '/home/sachinb/ros2_ws'
[0.355s] Level 1:colcon.colcon_core.package_identification:_identify(.) by extensions ['ignore', 'ignore_ament_install']
[0.355s] Level 1:colcon.colcon_core.package_identification:_identify(.) by extension 'ignore'
[0.355s] Level 1:colcon.colcon_core.package_identification:_identify(.) by extension 'ignore_ament_install'
[0.355s] Level 1:colcon.colcon_core.package_identification:_identify(.) by extensions ['colcon_pkg']
[0.355s] Level 1:colcon.colcon_core.package_identification:_identify(.) by extension 'colcon_pkg'
[0.356s] Level 1:colcon.colcon_core.package_identification:_identify(.) by extensions ['colcon_meta']
[0.356s] Level 1:colcon.colcon_core.package_identification:_identify(.) by extension 'colcon_meta'
[0.356s] Level 1:colcon.colcon_core.package_identification:_identify(.) by extensions ['ros']
[0.356s] Level 1:colcon.colcon_core.package_identification:_identify(.) by extension 'ros'
[0.371s] Level 1:colcon.colcon_core.package_identification:_identify(.) by extensions ['cmake', 'python']
[0.371s] Level 1:colcon.colcon_core.package_identification:_identify(.) by extension 'cmake'
[0.371s] Level 1:colcon.colcon_core.package_identification:_identify(.) by extension 'python'
[0.371s] Level 1:colcon.colcon_core.package_identification:_identify(.) by extensions ['python_setup_py']
[0.371s] Level 1:colcon.colcon_core.package_identification:_identify(.) by extension 'python_setup_py'
[0.371s] Level 1:colcon.colcon_core.package_identification:_identify(build) by extensions ['ignore', 'ignore_ament_install']
[0.371s] Level 1:colcon.colcon_core.package_identification:_identify(build) by extension 'ignore'
[0.371s] Level 1:colcon.colcon_core.package_identification:_identify(build) ignored
[0.372s] Level 1:colcon.colcon_core.package_identification:_identify(install) by extensions ['ignore', 'ignore_ament_install']
[0.372s] Level 1:colcon.colcon_core.package_identification:_identify(install) by extension 'ignore'
[0.372s] Level 1:colcon.colcon_core.package_identification:_identify(install) ignored
[0.372s] Level 1:colcon.colcon_core.package_identification:_identify(log) by extensions ['ignore', 'ignore_ament_install']
[0.372s] Level 1:colcon.colcon_core.package_identification:_identify(log) by extension 'ignore'
[0.372s] Level 1:colcon.colcon_core.package_identification:_identify(log) ignored
[0.372s] Level 1:colcon.colcon_core.package_identification:_identify(src) by extensions ['ignore', 'ignore_ament_install']
[0.372s] Level 1:colcon.colcon_core.package_identification:_identify(src) by extension 'ignore'
[0.372s] Level 1:colcon.colcon_core.package_identification:_identify(src) by extension 'ignore_ament_install'
[0.372s] Level 1:colcon.colcon_core.package_identification:_identify(src) by extensions ['colcon_pkg']
[0.372s] Level 1:colcon.colcon_core.package_identification:_identify(src) by extension 'colcon_pkg'
[0.373s] Level 1:colcon.colcon_core.package_identification:_identify(src) by extensions ['colcon_meta']
[0.373s] Level 1:colcon.colcon_core.package_identification:_identify(src) by extension 'colcon_meta'
[0.373s] Level 1:colcon.colcon_core.package_identification:_identify(src) by extensions ['ros']
[0.373s] Level 1:colcon.colcon_core.package_identification:_identify(src) by extension 'ros'
[0.373s] Level 1:colcon.colcon_core.package_identification:_identify(src) by extensions ['cmake', 'python']
[0.373s] Level 1:colcon.colcon_core.package_identification:_identify(src) by extension 'cmake'
[0.373s] Level 1:colcon.colcon_core.package_identification:_identify(src) by extension 'python'
[0.373s] Level 1:colcon.colcon_core.package_identification:_identify(src) by extensions ['python_setup_py']
[0.373s] Level 1:colcon.colcon_core.package_identification:_identify(src) by extension 'python_setup_py'
[0.373s] Level 1:colcon.colcon_core.package_identification:_identify(src/task1) by extensions ['ignore', 'ignore_ament_install']
[0.373s] Level 1:colcon.colcon_core.package_identification:_identify(src/task1) by extension 'ignore'
[0.373s] Level 1:colcon.colcon_core.package_identification:_identify(src/task1) by extension 'ignore_ament_install'
[0.373s] Level 1:colcon.colcon_core.package_identification:_identify(src/task1) by extensions ['colcon_pkg']
[0.373s] Level 1:colcon.colcon_core.package_identification:_identify(src/task1) by extension 'colcon_pkg'
[0.373s] Level 1:colcon.colcon_core.package_identification:_identify(src/task1) by extensions ['colcon_meta']
[0.373s] Level 1:colcon.colcon_core.package_identification:_identify(src/task1) by extension 'colcon_meta'
[0.374s] Level 1:colcon.colcon_core.package_identification:_identify(src/task1) by extensions ['ros']
[0.374s] Level 1:colcon.colcon_core.package_identification:_identify(src/task1) by extension 'ros'
[0.377s] DEBUG:colcon.colcon_core.package_identification:Package 'src/task1' with type 'ros.ament_python' and name 'task1'
[0.377s] Level 1:colcon.colcon_core.package_identification:_identify(src/task1cpp) by extensions ['ignore', 'ignore_ament_install']
[0.377s] Level 1:colcon.colcon_core.package_identification:_identify(src/task1cpp) by extension 'ignore'
[0.377s] Level 1:colcon.colcon_core.package_identification:_identify(src/task1cpp) by extension 'ignore_ament_install'
[0.377s] Level 1:colcon.colcon_core.package_identification:_identify(src/task1cpp) by extensions ['colcon_pkg']
[0.378s] Level 1:colcon.colcon_core.package_identification:_identify(src/task1cpp) by extension 'colcon_pkg'
[0.378s] Level 1:colcon.colcon_core.package_identification:_identify(src/task1cpp) by extensions ['colcon_meta']
[0.378s] Level 1:colcon.colcon_core.package_identification:_identify(src/task1cpp) by extension 'colcon_meta'
[0.378s] Level 1:colcon.colcon_core.package_identification:_identify(src/task1cpp) by extensions ['ros']
[0.378s] Level 1:colcon.colcon_core.package_identification:_identify(src/task1cpp) by extension 'ros'
[0.378s] DEBUG:colcon.colcon_core.package_identification:Package 'src/task1cpp' with type 'ros.ament_cmake' and name 'task1cpp'
[0.379s] Level 1:colcon.colcon_core.package_identification:_identify(src/task2) by extensions ['ignore', 'ignore_ament_install']
[0.379s] Level 1:colcon.colcon_core.package_identification:_identify(src/task2) by extension 'ignore'
[0.379s] Level 1:colcon.colcon_core.package_identification:_identify(src/task2) by extension 'ignore_ament_install'
[0.379s] Level 1:colcon.colcon_core.package_identification:_identify(src/task2) by extensions ['colcon_pkg']
[0.379s] Level 1:colcon.colcon_core.package_identification:_identify(src/task2) by extension 'colcon_pkg'
[0.379s] Level 1:colcon.colcon_core.package_identification:_identify(src/task2) by extensions ['colcon_meta']
[0.379s] Level 1:colcon.colcon_core.package_identification:_identify(src/task2) by extension 'colcon_meta'
[0.379s] Level 1:colcon.colcon_core.package_identification:_identify(src/task2) by extensions ['ros']
[0.379s] Level 1:colcon.colcon_core.package_identification:_identify(src/task2) by extension 'ros'
[0.380s] DEBUG:colcon.colcon_core.package_identification:Package 'src/task2' with type 'ros.ament_cmake' and name 'task2'
[0.380s] Level 1:colcon.colcon_core.package_discovery:discover_packages(recursive) using defaults
[0.380s] Level 1:colcon.colcon_core.package_discovery:discover_packages(ignore) discover
[0.380s] Level 1:colcon.colcon_core.package_discovery:discover_packages(ignore) using defaults
[0.380s] Level 1:colcon.colcon_core.package_discovery:discover_packages(path) discover
[0.380s] Level 1:colcon.colcon_core.package_discovery:discover_packages(path) using defaults
[0.405s] INFO:colcon.colcon_core.package_selection:Skipping not selected package 'task1' in 'src/task1'
[0.405s] INFO:colcon.colcon_core.package_selection:Skipping not selected package 'task2' in 'src/task2'
[0.406s] Level 1:colcon.colcon_core.package_discovery:discover_packages(prefix_path) check parameters
[0.406s] Level 1:colcon.colcon_core.package_discovery:discover_packages(prefix_path) discover
[0.408s] DEBUG:colcon.colcon_installed_package_information.package_discovery:Found 3 installed packages in /home/sachinb/ros2_ws/install
[0.410s] DEBUG:colcon.colcon_installed_package_information.package_discovery:Found 270 installed packages in /opt/ros/humble
[0.412s] Level 1:colcon.colcon_core.package_discovery:discover_packages(prefix_path) using defaults
[0.472s] Level 5:colcon.colcon_core.verb:set package 'task1cpp' build argument 'cmake_args' from command line to 'None'
[0.472s] Level 5:colcon.colcon_core.verb:set package 'task1cpp' build argument 'cmake_target' from command line to 'None'
[0.472s] Level 5:colcon.colcon_core.verb:set package 'task1cpp' build argument 'cmake_target_skip_unavailable' from command line to 'False'
[0.472s] Level 5:colcon.colcon_core.verb:set package 'task1cpp' build argument 'cmake_clean_cache' from command line to 'False'
[0.472s] Level 5:colcon.colcon_core.verb:set package 'task1cpp' build argument 'cmake_clean_first' from command line to 'False'
[0.472s] Level 5:colcon.colcon_core.verb:set package 'task1cpp' build argument 'cmake_force_configure' from command line to 'False'
[0.472s] Level 5:colcon.colcon_core.verb:set package 'task1cpp' build argument 'ament_cmake_args' from command line to 'None'
[0.472s] Level 5:colcon.colcon_core.verb:set package 'task1cpp' build argument 'catkin_cmake_args' from command line to 'None'
[0.472s] Level 5:colcon.colcon_core.verb:set package 'task1cpp' build argument 'catkin_skip_building_tests' from command line to 'False'
[0.472s] DEBUG:colcon.colcon_core.verb:Building package 'task1cpp' with the following arguments: {'ament_cmake_args': None, 'build_base': '/home/sachinb/ros2_ws/build/task1cpp', 'catkin_cmake_args': None, 'catkin_skip_building_tests': False, 'cmake_args': None, 'cmake_clean_cache': False, 'cmake_clean_first': False, 'cmake_force_configure': False, 'cmake_target': None, 'cmake_target_skip_unavailable': False, 'install_base': '/home/sachinb/ros2_ws/install/task1cpp', 'merge_install': False, 'path': '/home/sachinb/ros2_ws/src/task1cpp', 'symlink_install': False, 'test_result_base': None}
[0.472s] INFO:colcon.colcon_core.executor:Executing jobs using 'parallel' executor
[0.474s] DEBUG:colcon.colcon_parallel_executor.executor.parallel:run_until_complete
[0.474s] INFO:colcon.colcon_ros.task.ament_cmake.build:Building ROS package in '/home/sachinb/ros2_ws/src/task1cpp' with build type 'ament_cmake'
[0.474s] INFO:colcon.colcon_cmake.task.cmake.build:Building CMake package in '/home/sachinb/ros2_ws/src/task1cpp'
[0.476s] INFO:colcon.colcon_core.plugin_system:Skipping extension 'colcon_core.shell.bat': Not used on non-Windows systems
[0.477s] INFO:colcon.colcon_core.shell:Skip shell extension 'powershell' for command environment: Not usable outside of PowerShell
[0.477s] DEBUG:colcon.colcon_core.shell:Skip shell extension 'dsv' for command environment
[0.488s] DEBUG:colcon.colcon_core.event_handler.log_command:Invoking command in '/home/sachinb/ros2_ws/build/task1cpp': CMAKE_PREFIX_PATH=${CMAKE_PREFIX_PATH}:/home/sachinb/ros2_ws/install/task1:/opt/ros/humble /usr/bin/cmake --build /home/sachinb/ros2_ws/build/task1cpp -- -j8 -l8
[4.465s] DEBUG:colcon.colcon_core.event_handler.log_command:Invoked command in '/home/sachinb/ros2_ws/build/task1cpp' returned '0': CMAKE_PREFIX_PATH=${CMAKE_PREFIX_PATH}:/home/sachinb/ros2_ws/install/task1:/opt/ros/humble /usr/bin/cmake --build /home/sachinb/ros2_ws/build/task1cpp -- -j8 -l8
[4.499s] DEBUG:colcon.colcon_core.event_handler.log_command:Invoking command in '/home/sachinb/ros2_ws/build/task1cpp': CMAKE_PREFIX_PATH=${CMAKE_PREFIX_PATH}:/home/sachinb/ros2_ws/install/task1:/opt/ros/humble /usr/bin/cmake --install /home/sachinb/ros2_ws/build/task1cpp
[4.509s] Level 1:colcon.colcon_core.environment:create_environment_scripts_only(task1cpp)
[4.510s] DEBUG:colcon.colcon_core.event_handler.log_command:Invoked command in '/home/sachinb/ros2_ws/build/task1cpp' returned '0': CMAKE_PREFIX_PATH=${CMAKE_PREFIX_PATH}:/home/sachinb/ros2_ws/install/task1:/opt/ros/humble /usr/bin/cmake --install /home/sachinb/ros2_ws/build/task1cpp
[4.513s] Level 1:colcon.colcon_core.environment:checking '/home/sachinb/ros2_ws/install/task1cpp' for CMake module files
[4.513s] Level 1:colcon.colcon_core.environment:checking '/home/sachinb/ros2_ws/install/task1cpp' for CMake config files
[4.514s] Level 1:colcon.colcon_core.shell:create_environment_hook('task1cpp', 'cmake_prefix_path')
[4.514s] INFO:colcon.colcon_core.shell:Creating environment hook '/home/sachinb/ros2_ws/install/task1cpp/share/task1cpp/hook/cmake_prefix_path.ps1'
[4.515s] INFO:colcon.colcon_core.shell:Creating environment descriptor '/home/sachinb/ros2_ws/install/task1cpp/share/task1cpp/hook/cmake_prefix_path.dsv'
[4.515s] INFO:colcon.colcon_core.shell:Creating environment hook '/home/sachinb/ros2_ws/install/task1cpp/share/task1cpp/hook/cmake_prefix_path.sh'
[4.516s] Level 1:colcon.colcon_core.environment:checking '/home/sachinb/ros2_ws/install/task1cpp/lib'
[4.517s] Level 1:colcon.colcon_core.environment:checking '/home/sachinb/ros2_ws/install/task1cpp/bin'
[4.517s] Level 1:colcon.colcon_core.environment:checking '/home/sachinb/ros2_ws/install/task1cpp/lib/pkgconfig/task1cpp.pc'
[4.517s] Level 1:colcon.colcon_core.environment:checking '/home/sachinb/ros2_ws/install/task1cpp/lib/python3.10/site-packages'
[4.517s] Level 1:colcon.colcon_core.environment:checking '/home/sachinb/ros2_ws/install/task1cpp/bin'
[4.518s] INFO:colcon.colcon_core.shell:Creating package script '/home/sachinb/ros2_ws/install/task1cpp/share/task1cpp/package.ps1'
[4.519s] INFO:colcon.colcon_core.shell:Creating package descriptor '/home/sachinb/ros2_ws/install/task1cpp/share/task1cpp/package.dsv'
[4.519s] INFO:colcon.colcon_core.shell:Creating package script '/home/sachinb/ros2_ws/install/task1cpp/share/task1cpp/package.sh'
[4.520s] INFO:colcon.colcon_core.shell:Creating package script '/home/sachinb/ros2_ws/install/task1cpp/share/task1cpp/package.bash'
[4.521s] INFO:colcon.colcon_core.shell:Creating package script '/home/sachinb/ros2_ws/install/task1cpp/share/task1cpp/package.zsh'
[4.522s] Level 1:colcon.colcon_core.environment:create_file_with_runtime_dependencies(/home/sachinb/ros2_ws/install/task1cpp/share/colcon-core/packages/task1cpp)
[4.546s] Level 1:colcon.colcon_core.environment:create_environment_scripts_only(task1cpp)
[4.547s] Level 1:colcon.colcon_core.environment:checking '/home/sachinb/ros2_ws/install/task1cpp' for CMake module files
[4.547s] Level 1:colcon.colcon_core.environment:checking '/home/sachinb/ros2_ws/install/task1cpp' for CMake config files
[4.547s] Level 1:colcon.colcon_core.shell:create_environment_hook('task1cpp', 'cmake_prefix_path')
[4.548s] INFO:colcon.colcon_core.shell:Creating environment hook '/home/sachinb/ros2_ws/install/task1cpp/share/task1cpp/hook/cmake_prefix_path.ps1'
[4.548s] INFO:colcon.colcon_core.shell:Creating environment descriptor '/home/sachinb/ros2_ws/install/task1cpp/share/task1cpp/hook/cmake_prefix_path.dsv'
[4.549s] INFO:colcon.colcon_core.shell:Creating environment hook '/home/sachinb/ros2_ws/install/task1cpp/share/task1cpp/hook/cmake_prefix_path.sh'
[4.549s] Level 1:colcon.colcon_core.environment:checking '/home/sachinb/ros2_ws/install/task1cpp/lib'
[4.550s] Level 1:colcon.colcon_core.environment:checking '/home/sachinb/ros2_ws/install/task1cpp/bin'
[4.550s] Level 1:colcon.colcon_core.environment:checking '/home/sachinb/ros2_ws/install/task1cpp/lib/pkgconfig/task1cpp.pc'
[4.550s] Level 1:colcon.colcon_core.environment:checking '/home/sachinb/ros2_ws/install/task1cpp/lib/python3.10/site-packages'
[4.550s] Level 1:colcon.colcon_core.environment:checking '/home/sachinb/ros2_ws/install/task1cpp/bin'
[4.551s] INFO:colcon.colcon_core.shell:Creating package script '/home/sachinb/ros2_ws/install/task1cpp/share/task1cpp/package.ps1'
[4.551s] INFO:colcon.colcon_core.shell:Creating package descriptor '/home/sachinb/ros2_ws/install/task1cpp/share/task1cpp/package.dsv'
[4.552s] INFO:colcon.colcon_core.shell:Creating package script '/home/sachinb/ros2_ws/install/task1cpp/share/task1cpp/package.sh'
[4.553s] INFO:colcon.colcon_core.shell:Creating package script '/home/sachinb/ros2_ws/install/task1cpp/share/task1cpp/package.bash'
[4.553s] INFO:colcon.colcon_core.shell:Creating package script '/home/sachinb/ros2_ws/install/task1cpp/share/task1cpp/package.zsh'
[4.554s] Level 1:colcon.colcon_core.environment:create_file_with_runtime_dependencies(/home/sachinb/ros2_ws/install/task1cpp/share/colcon-core/packages/task1cpp)
[4.554s] DEBUG:colcon.colcon_parallel_executor.executor.parallel:closing loop
[4.554s] DEBUG:colcon.colcon_parallel_executor.executor.parallel:loop closed
[4.554s] DEBUG:colcon.colcon_parallel_executor.executor.parallel:run_until_complete finished with '0'
[4.555s] DEBUG:colcon.colcon_core.event_reactor:joining thread
[4.560s] INFO:colcon.colcon_core.plugin_system:Skipping extension 'colcon_notification.desktop_notification.terminal_notifier': Not used on non-Darwin systems
[4.560s] INFO:colcon.colcon_core.plugin_system:Skipping extension 'colcon_notification.desktop_notification.win32': Not used on non-Windows systems
[4.561s] INFO:colcon.colcon_notification.desktop_notification:Sending desktop notification using 'notify2'
[4.570s] DEBUG:colcon.colcon_core.event_reactor:joined thread
[4.571s] INFO:colcon.colcon_core.shell:Creating prefix script '/home/sachinb/ros2_ws/install/local_setup.ps1'
[4.572s] INFO:colcon.colcon_core.shell:Creating prefix util module '/home/sachinb/ros2_ws/install/_local_setup_util_ps1.py'
[4.574s] INFO:colcon.colcon_core.shell:Creating prefix chain script '/home/sachinb/ros2_ws/install/setup.ps1'
[4.575s] INFO:colcon.colcon_core.shell:Creating prefix script '/home/sachinb/ros2_ws/install/local_setup.sh'
[4.576s] INFO:colcon.colcon_core.shell:Creating prefix util module '/home/sachinb/ros2_ws/install/_local_setup_util_sh.py'
[4.577s] INFO:colcon.colcon_core.shell:Creating prefix chain script '/home/sachinb/ros2_ws/install/setup.sh'
[4.578s] INFO:colcon.colcon_core.shell:Creating prefix script '/home/sachinb/ros2_ws/install/local_setup.bash'
[4.579s] INFO:colcon.colcon_core.shell:Creating prefix chain script '/home/sachinb/ros2_ws/install/setup.bash'
[4.580s] INFO:colcon.colcon_core.shell:Creating prefix script '/home/sachinb/ros2_ws/install/local_setup.zsh'
[4.580s] INFO:colcon.colcon_core.shell:Creating prefix chain script '/home/sachinb/ros2_ws/install/setup.zsh'
