[35m[1mConsolidate compiler generated dependencies of target node1[0m
[  2%] Built target task3__cpp
[ 11%] Built target task3__rosidl_generator_c
[ 14%] [32mBuilding CXX object CMakeFiles/node1.dir/src/node1.cpp.o[0m
[ 14%] Built target ament_cmake_python_symlink_task3
[ 20%] Built target node2
[ 28%] Built target task3__rosidl_typesupport_cpp
[ 37%] Built target task3__rosidl_typesupport_introspection_c
[ 45%] Built target task3__rosidl_typesupport_introspection_cpp
[ 54%] Built target task3__rosidl_typesupport_fastrtps_cpp
[ 62%] Built target task3__rosidl_typesupport_fastrtps_c
[ 71%] Built target task3__rosidl_typesupport_c
[ 71%] Built target task3
[ 74%] Built target task3__py
[ 80%] Built target task3__rosidl_generator_py
[ 85%] Built target task3__rosidl_typesupport_introspection_c__pyext
[ 91%] Built target task3__rosidl_typesupport_c__pyext
[ 97%] Built target task3__rosidl_typesupport_fastrtps_c__pyext
running egg_info
writing task3.egg-info/PKG-INFO
writing dependency_links to task3.egg-info/dependency_links.txt
writing top-level names to task3.egg-info/top_level.txt
reading manifest file 'task3.egg-info/SOURCES.txt'
writing manifest file 'task3.egg-info/SOURCES.txt'
[ 97%] Built target ament_cmake_python_build_task3_egg
[100%] [32m[1mLinking CXX executable node1[0m
[100%] Built target node1
-- Install configuration: ""
-- Execute custom install script
-- Up-to-date symlink: /home/sachinb/ros2_ws/install/task3/share/ament_index/resource_index/rosidl_interfaces/task3
-- Up-to-date symlink: /home/sachinb/ros2_ws/install/task3/include/task3/task3/msg/rosidl_generator_c__visibility_control.h
-- Up-to-date symlink: /home/sachinb/ros2_ws/install/task3/include/task3/task3/srv/custom.h
-- Up-to-date symlink: /home/sachinb/ros2_ws/install/task3/include/task3/task3/srv/custom_service.h
-- Up-to-date symlink: /home/sachinb/ros2_ws/install/task3/include/task3/task3/srv/detail/custom__functions.h
-- Up-to-date symlink: /home/sachinb/ros2_ws/install/task3/include/task3/task3/srv/detail/custom__struct.h
-- Up-to-date symlink: /home/sachinb/ros2_ws/install/task3/include/task3/task3/srv/detail/custom__type_support.h
-- Up-to-date symlink: /home/sachinb/ros2_ws/install/task3/include/task3/task3/srv/detail/custom_service__functions.h
-- Up-to-date symlink: /home/sachinb/ros2_ws/install/task3/include/task3/task3/srv/detail/custom_service__struct.h
-- Up-to-date symlink: /home/sachinb/ros2_ws/install/task3/include/task3/task3/srv/detail/custom_service__type_support.h
-- Up-to-date symlink: /home/sachinb/ros2_ws/install/task3/share/task3/environment/library_path.sh
-- Up-to-date symlink: /home/sachinb/ros2_ws/install/task3/share/task3/environment/library_path.dsv
-- Up-to-date symlink: /home/sachinb/ros2_ws/install/task3/include/task3/task3/msg/rosidl_typesupport_fastrtps_c__visibility_control.h
-- Up-to-date symlink: /home/sachinb/ros2_ws/install/task3/include/task3/task3/srv/detail/custom__rosidl_typesupport_fastrtps_c.h
-- Up-to-date symlink: /home/sachinb/ros2_ws/install/task3/include/task3/task3/srv/detail/custom_service__rosidl_typesupport_fastrtps_c.h
-- Up-to-date symlink: /home/sachinb/ros2_ws/install/task3/include/task3/task3/srv/custom.hpp
-- Up-to-date symlink: /home/sachinb/ros2_ws/install/task3/include/task3/task3/srv/custom_service.hpp
-- Up-to-date symlink: /home/sachinb/ros2_ws/install/task3/include/task3/task3/srv/detail/custom__builder.hpp
-- Up-to-date symlink: /home/sachinb/ros2_ws/install/task3/include/task3/task3/srv/detail/custom__struct.hpp
-- Up-to-date symlink: /home/sachinb/ros2_ws/install/task3/include/task3/task3/srv/detail/custom__traits.hpp
-- Up-to-date symlink: /home/sachinb/ros2_ws/install/task3/include/task3/task3/srv/detail/custom_service__builder.hpp
-- Up-to-date symlink: /home/sachinb/ros2_ws/install/task3/include/task3/task3/srv/detail/custom_service__struct.hpp
-- Up-to-date symlink: /home/sachinb/ros2_ws/install/task3/include/task3/task3/srv/detail/custom_service__traits.hpp
-- Up-to-date symlink: /home/sachinb/ros2_ws/install/task3/include/task3/task3/msg/rosidl_typesupport_fastrtps_cpp__visibility_control.h
-- Up-to-date symlink: /home/sachinb/ros2_ws/install/task3/include/task3/task3/srv/detail/custom__rosidl_typesupport_fastrtps_cpp.hpp
-- Up-to-date symlink: /home/sachinb/ros2_ws/install/task3/include/task3/task3/srv/detail/custom_service__rosidl_typesupport_fastrtps_cpp.hpp
-- Up-to-date symlink: /home/sachinb/ros2_ws/install/task3/include/task3/task3/msg/rosidl_typesupport_introspection_c__visibility_control.h
-- Up-to-date symlink: /home/sachinb/ros2_ws/install/task3/include/task3/task3/srv/detail/custom__rosidl_typesupport_introspection_c.h
-- Up-to-date symlink: /home/sachinb/ros2_ws/install/task3/include/task3/task3/srv/detail/custom_service__rosidl_typesupport_introspection_c.h
-- Up-to-date symlink: /home/sachinb/ros2_ws/install/task3/include/task3/task3/srv/detail/custom__rosidl_typesupport_introspection_cpp.hpp
-- Up-to-date symlink: /home/sachinb/ros2_ws/install/task3/include/task3/task3/srv/detail/custom_service__rosidl_typesupport_introspection_cpp.hpp
-- Up-to-date symlink: /home/sachinb/ros2_ws/install/task3/share/task3/environment/pythonpath.sh
-- Up-to-date symlink: /home/sachinb/ros2_ws/install/task3/share/task3/environment/pythonpath.dsv
-- Up-to-date symlink: /home/sachinb/ros2_ws/install/task3/local/lib/python3.10/dist-packages/task3-0.0.0-py3.10.egg-info/PKG-INFO
-- Up-to-date symlink: /home/sachinb/ros2_ws/install/task3/local/lib/python3.10/dist-packages/task3-0.0.0-py3.10.egg-info/SOURCES.txt
-- Up-to-date symlink: /home/sachinb/ros2_ws/install/task3/local/lib/python3.10/dist-packages/task3-0.0.0-py3.10.egg-info/dependency_links.txt
-- Up-to-date symlink: /home/sachinb/ros2_ws/install/task3/local/lib/python3.10/dist-packages/task3-0.0.0-py3.10.egg-info/top_level.txt
-- Up-to-date symlink: /home/sachinb/ros2_ws/install/task3/local/lib/python3.10/dist-packages/task3/__init__.py
-- Up-to-date symlink: /home/sachinb/ros2_ws/install/task3/local/lib/python3.10/dist-packages/task3/_task3_s.ep.rosidl_typesupport_c.c
-- Up-to-date symlink: /home/sachinb/ros2_ws/install/task3/local/lib/python3.10/dist-packages/task3/_task3_s.ep.rosidl_typesupport_fastrtps_c.c
-- Up-to-date symlink: /home/sachinb/ros2_ws/install/task3/local/lib/python3.10/dist-packages/task3/_task3_s.ep.rosidl_typesupport_introspection_c.c
-- Up-to-date symlink: /home/sachinb/ros2_ws/install/task3/local/lib/python3.10/dist-packages/task3/libtask3__rosidl_generator_py.so
-- Up-to-date symlink: /home/sachinb/ros2_ws/install/task3/local/lib/python3.10/dist-packages/task3/srv/__init__.py
-- Up-to-date symlink: /home/sachinb/ros2_ws/install/task3/local/lib/python3.10/dist-packages/task3/srv/_custom.py
-- Up-to-date symlink: /home/sachinb/ros2_ws/install/task3/local/lib/python3.10/dist-packages/task3/srv/_custom_s.c
-- Up-to-date symlink: /home/sachinb/ros2_ws/install/task3/local/lib/python3.10/dist-packages/task3/srv/_custom_service.py
-- Up-to-date symlink: /home/sachinb/ros2_ws/install/task3/local/lib/python3.10/dist-packages/task3/srv/_custom_service_s.c
-- Up-to-date symlink: /home/sachinb/ros2_ws/install/task3/local/lib/python3.10/dist-packages/task3/task3_s__rosidl_typesupport_c.cpython-310-x86_64-linux-gnu.so
-- Up-to-date symlink: /home/sachinb/ros2_ws/install/task3/local/lib/python3.10/dist-packages/task3/task3_s__rosidl_typesupport_fastrtps_c.cpython-310-x86_64-linux-gnu.so
-- Up-to-date symlink: /home/sachinb/ros2_ws/install/task3/local/lib/python3.10/dist-packages/task3/task3_s__rosidl_typesupport_introspection_c.cpython-310-x86_64-linux-gnu.so
-- Up-to-date symlink: /home/sachinb/ros2_ws/install/task3/local/lib/python3.10/dist-packages/task3/task3_s__rosidl_typesupport_fastrtps_c.cpython-310-x86_64-linux-gnu.so
-- Up-to-date symlink: /home/sachinb/ros2_ws/install/task3/local/lib/python3.10/dist-packages/task3/task3_s__rosidl_typesupport_introspection_c.cpython-310-x86_64-linux-gnu.so
-- Up-to-date symlink: /home/sachinb/ros2_ws/install/task3/local/lib/python3.10/dist-packages/task3/task3_s__rosidl_typesupport_c.cpython-310-x86_64-linux-gnu.so
-- Up-to-date symlink: /home/sachinb/ros2_ws/install/task3/share/task3/srv/Custom.idl
-- Up-to-date symlink: /home/sachinb/ros2_ws/install/task3/share/task3/srv/Custom.srv
-- Up-to-date symlink: /home/sachinb/ros2_ws/install/task3/share/task3/srv/Custom_Request.msg
-- Up-to-date symlink: /home/sachinb/ros2_ws/install/task3/share/task3/srv/Custom_Response.msg
-- Up-to-date symlink: /home/sachinb/ros2_ws/install/task3/lib/task3/node1
-- Up-to-date symlink: /home/sachinb/ros2_ws/install/task3/lib/task3/node2
-- Up-to-date symlink: /home/sachinb/ros2_ws/install/task3/share/ament_index/resource_index/package_run_dependencies/task3
-- Up-to-date symlink: /home/sachinb/ros2_ws/install/task3/share/ament_index/resource_index/parent_prefix_path/task3
-- Up-to-date symlink: /home/sachinb/ros2_ws/install/task3/share/task3/environment/ament_prefix_path.sh
-- Up-to-date symlink: /home/sachinb/ros2_ws/install/task3/share/task3/environment/ament_prefix_path.dsv
-- Up-to-date symlink: /home/sachinb/ros2_ws/install/task3/share/task3/environment/path.sh
-- Up-to-date symlink: /home/sachinb/ros2_ws/install/task3/share/task3/environment/path.dsv
-- Up-to-date symlink: /home/sachinb/ros2_ws/install/task3/share/task3/local_setup.bash
-- Up-to-date symlink: /home/sachinb/ros2_ws/install/task3/share/task3/local_setup.sh
-- Up-to-date symlink: /home/sachinb/ros2_ws/install/task3/share/task3/local_setup.zsh
-- Up-to-date symlink: /home/sachinb/ros2_ws/install/task3/share/task3/local_setup.dsv
-- Symlinking: /home/sachinb/ros2_ws/install/task3/share/task3/package.dsv
-- Up-to-date symlink: /home/sachinb/ros2_ws/install/task3/share/ament_index/resource_index/packages/task3
-- Up-to-date symlink: /home/sachinb/ros2_ws/install/task3/share/task3/cmake/rosidl_cmake-extras.cmake
-- Up-to-date symlink: /home/sachinb/ros2_ws/install/task3/share/task3/cmake/ament_cmake_export_include_directories-extras.cmake
-- Up-to-date symlink: /home/sachinb/ros2_ws/install/task3/share/task3/cmake/ament_cmake_export_libraries-extras.cmake
-- Up-to-date symlink: /home/sachinb/ros2_ws/install/task3/share/task3/cmake/ament_cmake_export_targets-extras.cmake
-- Up-to-date symlink: /home/sachinb/ros2_ws/install/task3/share/task3/cmake/rosidl_cmake_export_typesupport_targets-extras.cmake
-- Up-to-date symlink: /home/sachinb/ros2_ws/install/task3/share/task3/cmake/ament_cmake_export_dependencies-extras.cmake
-- Up-to-date symlink: /home/sachinb/ros2_ws/install/task3/share/task3/cmake/rosidl_cmake_export_typesupport_libraries-extras.cmake
-- Up-to-date symlink: /home/sachinb/ros2_ws/install/task3/share/task3/cmake/task3Config.cmake
-- Up-to-date symlink: /home/sachinb/ros2_ws/install/task3/share/task3/cmake/task3Config-version.cmake
-- Up-to-date symlink: /home/sachinb/ros2_ws/install/task3/share/task3/package.xml
-- Up-to-date: /home/sachinb/ros2_ws/install/task3/lib/libtask3__rosidl_generator_c.so
-- Up-to-date: /home/sachinb/ros2_ws/install/task3/lib/libtask3__rosidl_typesupport_fastrtps_c.so
-- Up-to-date: /home/sachinb/ros2_ws/install/task3/lib/libtask3__rosidl_typesupport_fastrtps_cpp.so
-- Up-to-date: /home/sachinb/ros2_ws/install/task3/lib/libtask3__rosidl_typesupport_introspection_c.so
-- Up-to-date: /home/sachinb/ros2_ws/install/task3/lib/libtask3__rosidl_typesupport_c.so
-- Up-to-date: /home/sachinb/ros2_ws/install/task3/lib/libtask3__rosidl_typesupport_introspection_cpp.so
-- Up-to-date: /home/sachinb/ros2_ws/install/task3/lib/libtask3__rosidl_typesupport_cpp.so
Listing '/home/sachinb/ros2_ws/install/task3/local/lib/python3.10/dist-packages/task3'...
Listing '/home/sachinb/ros2_ws/install/task3/local/lib/python3.10/dist-packages/task3/srv'...
-- Up-to-date: /home/sachinb/ros2_ws/install/task3/lib/libtask3__rosidl_generator_py.so
-- Up-to-date: /home/sachinb/ros2_ws/install/task3/share/task3/cmake/export_task3__rosidl_generator_cExport.cmake
-- Up-to-date: /home/sachinb/ros2_ws/install/task3/share/task3/cmake/export_task3__rosidl_generator_cExport-noconfig.cmake
-- Up-to-date: /home/sachinb/ros2_ws/install/task3/share/task3/cmake/export_task3__rosidl_typesupport_fastrtps_cExport.cmake
-- Up-to-date: /home/sachinb/ros2_ws/install/task3/share/task3/cmake/export_task3__rosidl_typesupport_fastrtps_cExport-noconfig.cmake
-- Up-to-date: /home/sachinb/ros2_ws/install/task3/share/task3/cmake/export_task3__rosidl_generator_cppExport.cmake
-- Up-to-date: /home/sachinb/ros2_ws/install/task3/share/task3/cmake/export_task3__rosidl_typesupport_fastrtps_cppExport.cmake
-- Up-to-date: /home/sachinb/ros2_ws/install/task3/share/task3/cmake/export_task3__rosidl_typesupport_fastrtps_cppExport-noconfig.cmake
-- Up-to-date: /home/sachinb/ros2_ws/install/task3/share/task3/cmake/task3__rosidl_typesupport_introspection_cExport.cmake
-- Up-to-date: /home/sachinb/ros2_ws/install/task3/share/task3/cmake/task3__rosidl_typesupport_introspection_cExport-noconfig.cmake
-- Up-to-date: /home/sachinb/ros2_ws/install/task3/share/task3/cmake/task3__rosidl_typesupport_cExport.cmake
-- Up-to-date: /home/sachinb/ros2_ws/install/task3/share/task3/cmake/task3__rosidl_typesupport_cExport-noconfig.cmake
-- Up-to-date: /home/sachinb/ros2_ws/install/task3/share/task3/cmake/task3__rosidl_typesupport_introspection_cppExport.cmake
-- Up-to-date: /home/sachinb/ros2_ws/install/task3/share/task3/cmake/task3__rosidl_typesupport_introspection_cppExport-noconfig.cmake
-- Up-to-date: /home/sachinb/ros2_ws/install/task3/share/task3/cmake/task3__rosidl_typesupport_cppExport.cmake
-- Up-to-date: /home/sachinb/ros2_ws/install/task3/share/task3/cmake/task3__rosidl_typesupport_cppExport-noconfig.cmake
-- Up-to-date: /home/sachinb/ros2_ws/install/task3/share/task3/cmake/export_task3__rosidl_generator_pyExport.cmake
-- Up-to-date: /home/sachinb/ros2_ws/install/task3/share/task3/cmake/export_task3__rosidl_generator_pyExport-noconfig.cmake
