[0.017s] Invoking command in '/home/sachinb/ros2_ws/build/task1cpp': CMAKE_PREFIX_PATH=${CMAKE_PREFIX_PATH}:/home/sachinb/ros2_ws/install/task1:/opt/ros/humble /usr/bin/cmake --build /home/sachinb/ros2_ws/build/task1cpp -- -j8 -l8
[0.061s] [35m[1mConsolidate compiler generated dependencies of target publisher[0m
[0.077s] [ 50%] [32mBuilding CXX object CMakeFiles/publisher.dir/src/publisher.cpp.o[0m
[3.752s] [100%] [32m[1mLinking CXX executable publisher[0m
[3.882s] [100%] Built target publisher
[3.895s] Invoked command in '/home/sachinb/ros2_ws/build/task1cpp' returned '0': CMAKE_PREFIX_PATH=${CMAKE_PREFIX_PATH}:/home/sachinb/ros2_ws/install/task1:/opt/ros/humble /usr/bin/cmake --build /home/sachinb/ros2_ws/build/task1cpp -- -j8 -l8
[3.929s] Invoking command in '/home/sachinb/ros2_ws/build/task1cpp': CMAKE_PREFIX_PATH=${CMAKE_PREFIX_PATH}:/home/sachinb/ros2_ws/install/task1:/opt/ros/humble /usr/bin/cmake --install /home/sachinb/ros2_ws/build/task1cpp
[3.937s] -- Install configuration: ""
[3.938s] -- Installing: /home/sachinb/ros2_ws/install/task1cpp/lib/task1cpp/publisher
[3.938s] -- Set runtime path of "/home/sachinb/ros2_ws/install/task1cpp/lib/task1cpp/publisher" to ""
[3.938s] -- Up-to-date: /home/sachinb/ros2_ws/install/task1cpp/share/ament_index/resource_index/package_run_dependencies/task1cpp
[3.939s] -- Up-to-date: /home/sachinb/ros2_ws/install/task1cpp/share/ament_index/resource_index/parent_prefix_path/task1cpp
[3.939s] -- Up-to-date: /home/sachinb/ros2_ws/install/task1cpp/share/task1cpp/environment/ament_prefix_path.sh
[3.939s] -- Up-to-date: /home/sachinb/ros2_ws/install/task1cpp/share/task1cpp/environment/ament_prefix_path.dsv
[3.939s] -- Up-to-date: /home/sachinb/ros2_ws/install/task1cpp/share/task1cpp/environment/path.sh
[3.939s] -- Up-to-date: /home/sachinb/ros2_ws/install/task1cpp/share/task1cpp/environment/path.dsv
[3.939s] -- Up-to-date: /home/sachinb/ros2_ws/install/task1cpp/share/task1cpp/local_setup.bash
[3.939s] -- Up-to-date: /home/sachinb/ros2_ws/install/task1cpp/share/task1cpp/local_setup.sh
[3.939s] -- Up-to-date: /home/sachinb/ros2_ws/install/task1cpp/share/task1cpp/local_setup.zsh
[3.939s] -- Up-to-date: /home/sachinb/ros2_ws/install/task1cpp/share/task1cpp/local_setup.dsv
[3.940s] -- Installing: /home/sachinb/ros2_ws/install/task1cpp/share/task1cpp/package.dsv
[3.940s] -- Up-to-date: /home/sachinb/ros2_ws/install/task1cpp/share/ament_index/resource_index/packages/task1cpp
[3.940s] -- Up-to-date: /home/sachinb/ros2_ws/install/task1cpp/share/task1cpp/cmake/task1cppConfig.cmake
[3.940s] -- Up-to-date: /home/sachinb/ros2_ws/install/task1cpp/share/task1cpp/cmake/task1cppConfig-version.cmake
[3.940s] -- Up-to-date: /home/sachinb/ros2_ws/install/task1cpp/share/task1cpp/package.xml
[3.941s] Invoked command in '/home/sachinb/ros2_ws/build/task1cpp' returned '0': CMAKE_PREFIX_PATH=${CMAKE_PREFIX_PATH}:/home/sachinb/ros2_ws/install/task1:/opt/ros/humble /usr/bin/cmake --install /home/sachinb/ros2_ws/build/task1cpp
