[0.361s] Invoking command in '/home/sachinb/ros2_ws/build/task2': CMAKE_PREFIX_PATH=${CMAKE_PREFIX_PATH}:/home/sachinb/ros2_ws/install/task1:/opt/ros/humble /usr/bin/cmake /home/sachinb/ros2_ws/src/task2 -DAMENT_CMAKE_SYMLINK_INSTALL=1 -DCMAKE_INSTALL_PREFIX=/home/sachinb/ros2_ws/install/task2
[0.374s] -- Found ament_cmake: 1.3.10 (/opt/ros/humble/share/ament_cmake/cmake)
[0.527s] -- Override CMake install command with custom implementation using symlinks instead of copying resources
[0.536s] -- Found rclcpp: 16.0.10 (/opt/ros/humble/share/rclcpp/cmake)
[0.572s] -- Found rosidl_generator_c: 3.1.5 (/opt/ros/humble/share/rosidl_generator_c/cmake)
[0.575s] -- Found rosidl_adapter: 3.1.5 (/opt/ros/humble/share/rosidl_adapter/cmake)
[0.583s] -- Found rosidl_generator_cpp: 3.1.5 (/opt/ros/humble/share/rosidl_generator_cpp/cmake)
[0.596s] -- Using all available rosidl_typesupport_c: rosidl_typesupport_fastrtps_c;rosidl_typesupport_introspection_c
[0.613s] -- Using all available rosidl_typesupport_cpp: rosidl_typesupport_fastrtps_cpp;rosidl_typesupport_introspection_cpp
[0.658s] -- Found rmw_implementation_cmake: 6.1.2 (/opt/ros/humble/share/rmw_implementation_cmake/cmake)
[0.660s] -- Found rmw_fastrtps_cpp: 6.2.7 (/opt/ros/humble/share/rmw_fastrtps_cpp/cmake)
[0.780s] -- Using RMW implementation 'rmw_fastrtps_cpp' as default
[0.850s] -- Found ament_lint_auto: 0.12.11 (/opt/ros/humble/share/ament_lint_auto/cmake)
[0.951s] -- Added test 'lint_cmake' to check CMake code style
[0.952s] -- Added test 'xmllint' to check XML markup files
[0.953s] -- Configuring done
[0.958s] -- Generating done
[0.960s] -- Build files have been written to: /home/sachinb/ros2_ws/build/task2
[0.969s] Invoked command in '/home/sachinb/ros2_ws/build/task2' returned '0': CMAKE_PREFIX_PATH=${CMAKE_PREFIX_PATH}:/home/sachinb/ros2_ws/install/task1:/opt/ros/humble /usr/bin/cmake /home/sachinb/ros2_ws/src/task2 -DAMENT_CMAKE_SYMLINK_INSTALL=1 -DCMAKE_INSTALL_PREFIX=/home/sachinb/ros2_ws/install/task2
[0.971s] Invoking command in '/home/sachinb/ros2_ws/build/task2': CMAKE_PREFIX_PATH=${CMAKE_PREFIX_PATH}:/home/sachinb/ros2_ws/install/task1:/opt/ros/humble /usr/bin/cmake --build /home/sachinb/ros2_ws/build/task2 -- -j8 -l8
[1.015s] Invoked command in '/home/sachinb/ros2_ws/build/task2' returned '0': CMAKE_PREFIX_PATH=${CMAKE_PREFIX_PATH}:/home/sachinb/ros2_ws/install/task1:/opt/ros/humble /usr/bin/cmake --build /home/sachinb/ros2_ws/build/task2 -- -j8 -l8
[1.048s] Invoking command in '/home/sachinb/ros2_ws/build/task2': CMAKE_PREFIX_PATH=${CMAKE_PREFIX_PATH}:/home/sachinb/ros2_ws/install/task1:/opt/ros/humble /usr/bin/cmake --install /home/sachinb/ros2_ws/build/task2
[1.055s] -- Install configuration: ""
[1.056s] -- Execute custom install script
[1.056s] -- Up-to-date symlink: /home/sachinb/ros2_ws/install/task2/share/ament_index/resource_index/package_run_dependencies/task2
[1.056s] -- Up-to-date symlink: /home/sachinb/ros2_ws/install/task2/share/ament_index/resource_index/parent_prefix_path/task2
[1.057s] -- Up-to-date symlink: /home/sachinb/ros2_ws/install/task2/share/task2/environment/ament_prefix_path.sh
[1.057s] -- Up-to-date symlink: /home/sachinb/ros2_ws/install/task2/share/task2/environment/ament_prefix_path.dsv
[1.057s] -- Up-to-date symlink: /home/sachinb/ros2_ws/install/task2/share/task2/environment/path.sh
[1.057s] -- Up-to-date symlink: /home/sachinb/ros2_ws/install/task2/share/task2/environment/path.dsv
[1.057s] -- Up-to-date symlink: /home/sachinb/ros2_ws/install/task2/share/task2/local_setup.bash
[1.057s] -- Up-to-date symlink: /home/sachinb/ros2_ws/install/task2/share/task2/local_setup.sh
[1.058s] -- Up-to-date symlink: /home/sachinb/ros2_ws/install/task2/share/task2/local_setup.zsh
[1.058s] -- Up-to-date symlink: /home/sachinb/ros2_ws/install/task2/share/task2/local_setup.dsv
[1.058s] -- Symlinking: /home/sachinb/ros2_ws/install/task2/share/task2/package.dsv
[1.069s] -- Up-to-date symlink: /home/sachinb/ros2_ws/install/task2/share/ament_index/resource_index/packages/task2
[1.069s] -- Up-to-date symlink: /home/sachinb/ros2_ws/install/task2/share/task2/cmake/task2Config.cmake
[1.069s] -- Up-to-date symlink: /home/sachinb/ros2_ws/install/task2/share/task2/cmake/task2Config-version.cmake
[1.069s] -- Up-to-date symlink: /home/sachinb/ros2_ws/install/task2/share/task2/package.xml
[1.073s] Invoked command in '/home/sachinb/ros2_ws/build/task2' returned '0': CMAKE_PREFIX_PATH=${CMAKE_PREFIX_PATH}:/home/sachinb/ros2_ws/install/task1:/opt/ros/humble /usr/bin/cmake --install /home/sachinb/ros2_ws/build/task2
