[0.435s] Invoking command in '/home/sachinb/ros2_ws/src/task1': PYTHONPATH=/home/sachinb/ros2_ws/build/task1/prefix_override:/usr/lib/python3/dist-packages/colcon_core/task/python/colcon_distutils_commands:/home/sachinb/ros2_ws/install/task1/lib/python3.10/site-packages:${PYTHONPATH} /usr/bin/python3 -W ignore:setup.py install is deprecated setup.py egg_info --egg-base ../../build/task1 build --build-base /home/sachinb/ros2_ws/build/task1/build install --record /home/sachinb/ros2_ws/build/task1/install.log --single-version-externally-managed install_data
[0.611s] running egg_info
[0.611s] writing ../../build/task1/task1.egg-info/PKG-INFO
[0.611s] writing dependency_links to ../../build/task1/task1.egg-info/dependency_links.txt
[0.611s] writing entry points to ../../build/task1/task1.egg-info/entry_points.txt
[0.612s] writing requirements to ../../build/task1/task1.egg-info/requires.txt
[0.612s] writing top-level names to ../../build/task1/task1.egg-info/top_level.txt
[0.613s] reading manifest file '../../build/task1/task1.egg-info/SOURCES.txt'
[0.614s] writing manifest file '../../build/task1/task1.egg-info/SOURCES.txt'
[0.614s] running build
[0.614s] running build_py
[0.614s] copying task1/publisher.py -> /home/sachinb/ros2_ws/build/task1/build/lib/task1
[0.614s] running install
[0.614s] running install_lib
[0.615s] copying /home/sachinb/ros2_ws/build/task1/build/lib/task1/publisher.py -> /home/sachinb/ros2_ws/install/task1/lib/python3.10/site-packages/task1
[0.616s] byte-compiling /home/sachinb/ros2_ws/install/task1/lib/python3.10/site-packages/task1/publisher.py to publisher.cpython-310.pyc
[0.616s] running install_data
[0.616s] running install_egg_info
[0.617s] removing '/home/sachinb/ros2_ws/install/task1/lib/python3.10/site-packages/task1-0.0.0-py3.10.egg-info' (and everything under it)
[0.618s] Copying ../../build/task1/task1.egg-info to /home/sachinb/ros2_ws/install/task1/lib/python3.10/site-packages/task1-0.0.0-py3.10.egg-info
[0.618s] running install_scripts
[0.636s] Installing publisher_python script to /home/sachinb/ros2_ws/install/task1/lib/task1
[0.636s] writing list of installed files to '/home/sachinb/ros2_ws/build/task1/install.log'
[0.653s] Invoked command in '/home/sachinb/ros2_ws/src/task1' returned '0': PYTHONPATH=/home/sachinb/ros2_ws/build/task1/prefix_override:/usr/lib/python3/dist-packages/colcon_core/task/python/colcon_distutils_commands:/home/sachinb/ros2_ws/install/task1/lib/python3.10/site-packages:${PYTHONPATH} /usr/bin/python3 -W ignore:setup.py install is deprecated setup.py egg_info --egg-base ../../build/task1 build --build-base /home/sachinb/ros2_ws/build/task1/build install --record /home/sachinb/ros2_ws/build/task1/install.log --single-version-externally-managed install_data
