[0.327s] Invoking command in '/home/sachinb/ros2_ws/build/task1cpp': CMAKE_PREFIX_PATH=${CMAKE_PREFIX_PATH}:/home/sachinb/ros2_ws/install/task1:/opt/ros/humble /usr/bin/cmake /home/sachinb/ros2_ws/src/task1cpp -DCMAKE_INSTALL_PREFIX=/home/sachinb/ros2_ws/install/task1cpp
[0.345s] -- Found ament_cmake: 1.3.10 (/opt/ros/humble/share/ament_cmake/cmake)
[0.504s] -- Override CMake install command with custom implementation using symlinks instead of copying resources
[0.520s] -- Found rclcpp: 16.0.10 (/opt/ros/humble/share/rclcpp/cmake)
[0.574s] -- Found rosidl_generator_c: 3.1.5 (/opt/ros/humble/share/rosidl_generator_c/cmake)
[0.578s] -- Found rosidl_adapter: 3.1.5 (/opt/ros/humble/share/rosidl_adapter/cmake)
[0.587s] -- Found rosidl_generator_cpp: 3.1.5 (/opt/ros/humble/share/rosidl_generator_cpp/cmake)
[0.603s] -- Using all available rosidl_typesupport_c: rosidl_typesupport_fastrtps_c;rosidl_typesupport_introspection_c
[0.621s] -- Using all available rosidl_typesupport_cpp: rosidl_typesupport_fastrtps_cpp;rosidl_typesupport_introspection_cpp
[0.672s] -- Found rmw_implementation_cmake: 6.1.2 (/opt/ros/humble/share/rmw_implementation_cmake/cmake)
[0.674s] -- Found rmw_fastrtps_cpp: 6.2.7 (/opt/ros/humble/share/rmw_fastrtps_cpp/cmake)
[0.809s] -- Using RMW implementation 'rmw_fastrtps_cpp' as default
[0.887s] -- Found ament_lint_auto: 0.12.11 (/opt/ros/humble/share/ament_lint_auto/cmake)
[0.985s] -- Added test 'cppcheck' to perform static code analysis on C / C++ code
[0.986s] -- Configured cppcheck include dirs: 
[0.986s] -- Configured cppcheck exclude dirs and/or files: 
[0.986s] -- Added test 'lint_cmake' to check CMake code style
[0.988s] -- Added test 'uncrustify' to check C / C++ code style
[0.988s] -- Configured uncrustify additional arguments: 
[0.989s] -- Added test 'xmllint' to check XML markup files
[0.990s] -- Configuring done
[1.007s] -- Generating done
[1.010s] -- Build files have been written to: /home/sachinb/ros2_ws/build/task1cpp
[1.019s] Invoked command in '/home/sachinb/ros2_ws/build/task1cpp' returned '0': CMAKE_PREFIX_PATH=${CMAKE_PREFIX_PATH}:/home/sachinb/ros2_ws/install/task1:/opt/ros/humble /usr/bin/cmake /home/sachinb/ros2_ws/src/task1cpp -DCMAKE_INSTALL_PREFIX=/home/sachinb/ros2_ws/install/task1cpp
[1.021s] Invoking command in '/home/sachinb/ros2_ws/build/task1cpp': CMAKE_PREFIX_PATH=${CMAKE_PREFIX_PATH}:/home/sachinb/ros2_ws/install/task1:/opt/ros/humble /usr/bin/cmake --build /home/sachinb/ros2_ws/build/task1cpp -- -j8 -l8
[1.064s] [35m[1mConsolidate compiler generated dependencies of target publisher[0m
[1.081s] [100%] Built target publisher
[1.093s] Invoked command in '/home/sachinb/ros2_ws/build/task1cpp' returned '0': CMAKE_PREFIX_PATH=${CMAKE_PREFIX_PATH}:/home/sachinb/ros2_ws/install/task1:/opt/ros/humble /usr/bin/cmake --build /home/sachinb/ros2_ws/build/task1cpp -- -j8 -l8
[1.129s] Invoking command in '/home/sachinb/ros2_ws/build/task1cpp': CMAKE_PREFIX_PATH=${CMAKE_PREFIX_PATH}:/home/sachinb/ros2_ws/install/task1:/opt/ros/humble /usr/bin/cmake --install /home/sachinb/ros2_ws/build/task1cpp
[1.136s] -- Install configuration: ""
[1.136s] -- Execute custom install script
[1.137s] -- Up-to-date symlink: /home/sachinb/ros2_ws/install/task1cpp/lib/task1cpp/publisher
[1.137s] -- Up-to-date symlink: /home/sachinb/ros2_ws/install/task1cpp/share/ament_index/resource_index/package_run_dependencies/task1cpp
[1.138s] -- Up-to-date symlink: /home/sachinb/ros2_ws/install/task1cpp/share/ament_index/resource_index/parent_prefix_path/task1cpp
[1.138s] -- Up-to-date symlink: /home/sachinb/ros2_ws/install/task1cpp/share/task1cpp/environment/ament_prefix_path.sh
[1.138s] -- Up-to-date symlink: /home/sachinb/ros2_ws/install/task1cpp/share/task1cpp/environment/ament_prefix_path.dsv
[1.138s] -- Up-to-date symlink: /home/sachinb/ros2_ws/install/task1cpp/share/task1cpp/environment/path.sh
[1.139s] -- Up-to-date symlink: /home/sachinb/ros2_ws/install/task1cpp/share/task1cpp/environment/path.dsv
[1.139s] -- Up-to-date symlink: /home/sachinb/ros2_ws/install/task1cpp/share/task1cpp/local_setup.bash
[1.139s] -- Up-to-date symlink: /home/sachinb/ros2_ws/install/task1cpp/share/task1cpp/local_setup.sh
[1.139s] -- Up-to-date symlink: /home/sachinb/ros2_ws/install/task1cpp/share/task1cpp/local_setup.zsh
[1.140s] -- Up-to-date symlink: /home/sachinb/ros2_ws/install/task1cpp/share/task1cpp/local_setup.dsv
[1.140s] -- Symlinking: /home/sachinb/ros2_ws/install/task1cpp/share/task1cpp/package.dsv
[1.150s] -- Up-to-date symlink: /home/sachinb/ros2_ws/install/task1cpp/share/ament_index/resource_index/packages/task1cpp
[1.150s] -- Up-to-date symlink: /home/sachinb/ros2_ws/install/task1cpp/share/task1cpp/cmake/task1cppConfig.cmake
[1.150s] -- Up-to-date symlink: /home/sachinb/ros2_ws/install/task1cpp/share/task1cpp/cmake/task1cppConfig-version.cmake
[1.151s] -- Up-to-date symlink: /home/sachinb/ros2_ws/install/task1cpp/share/task1cpp/package.xml
[1.158s] Invoked command in '/home/sachinb/ros2_ws/build/task1cpp' returned '0': CMAKE_PREFIX_PATH=${CMAKE_PREFIX_PATH}:/home/sachinb/ros2_ws/install/task1:/opt/ros/humble /usr/bin/cmake --install /home/sachinb/ros2_ws/build/task1cpp
