[0.350s] Invoking command in '/home/sachinb/ros2_ws/build/task2': CMAKE_PREFIX_PATH=${CMAKE_PREFIX_PATH}:/home/sachinb/ros2_ws/install/task1:/opt/ros/humble /usr/bin/cmake /home/sachinb/ros2_ws/src/task2 -DCMAKE_INSTALL_PREFIX=/home/sachinb/ros2_ws/install/task2
[0.408s] -- The C compiler identification is GNU 11.4.0
[0.473s] -- The CXX compiler identification is GNU 11.4.0
[0.486s] -- Detecting C compiler ABI info
[0.563s] -- Detecting C compiler ABI info - done
[0.573s] -- Check for working C compiler: /usr/bin/cc - skipped
[0.573s] -- Detecting C compile features
[0.574s] -- Detecting C compile features - done
[0.577s] -- Detecting CXX compiler ABI info
[0.666s] -- Detecting CXX compiler ABI info - done
[0.686s] -- Check for working CXX compiler: /usr/bin/c++ - skipped
[0.686s] -- Detecting CXX compile features
[0.687s] -- Detecting CXX compile features - done
[0.690s] -- Found ament_cmake: 1.3.10 (/opt/ros/humble/share/ament_cmake/cmake)
[0.879s] -- Found Python3: /usr/bin/python3 (found version "3.10.12") found components: Interpreter 
[0.982s] -- Found rclcpp: 16.0.10 (/opt/ros/humble/share/rclcpp/cmake)
[1.030s] -- Found rosidl_generator_c: 3.1.5 (/opt/ros/humble/share/rosidl_generator_c/cmake)
[1.036s] -- Found rosidl_adapter: 3.1.5 (/opt/ros/humble/share/rosidl_adapter/cmake)
[1.045s] -- Found rosidl_generator_cpp: 3.1.5 (/opt/ros/humble/share/rosidl_generator_cpp/cmake)
[1.060s] -- Using all available rosidl_typesupport_c: rosidl_typesupport_fastrtps_c;rosidl_typesupport_introspection_c
[1.080s] -- Using all available rosidl_typesupport_cpp: rosidl_typesupport_fastrtps_cpp;rosidl_typesupport_introspection_cpp
[1.134s] -- Found rmw_implementation_cmake: 6.1.2 (/opt/ros/humble/share/rmw_implementation_cmake/cmake)
[1.137s] -- Found rmw_fastrtps_cpp: 6.2.7 (/opt/ros/humble/share/rmw_fastrtps_cpp/cmake)
[1.235s] -- Found OpenSSL: /usr/lib/x86_64-linux-gnu/libcrypto.so (found version "3.0.2")  
[1.268s] -- Found FastRTPS: /opt/ros/humble/include  
[1.318s] -- Using RMW implementation 'rmw_fastrtps_cpp' as default
[1.327s] -- Looking for pthread.h
[1.406s] -- Looking for pthread.h - found
[1.406s] -- Performing Test CMAKE_HAVE_LIBC_PTHREAD
[1.485s] -- Performing Test CMAKE_HAVE_LIBC_PTHREAD - Success
[1.486s] -- Found Threads: TRUE  
[1.554s] -- Found sensor_msgs: 4.2.4 (/opt/ros/humble/share/sensor_msgs/cmake)
[1.599s] -- Found ament_lint_auto: 0.12.11 (/opt/ros/humble/share/ament_lint_auto/cmake)
[1.693s] -- Added test 'cppcheck' to perform static code analysis on C / C++ code
[1.693s] -- Configured cppcheck include dirs: 
[1.693s] -- Configured cppcheck exclude dirs and/or files: 
[1.694s] -- Added test 'lint_cmake' to check CMake code style
[1.695s] -- Added test 'uncrustify' to check C / C++ code style
[1.695s] -- Configured uncrustify additional arguments: 
[1.695s] -- Added test 'xmllint' to check XML markup files
[1.697s] -- Configuring done
[1.708s] -- Generating done
[1.709s] -- Build files have been written to: /home/sachinb/ros2_ws/build/task2
[1.719s] Invoked command in '/home/sachinb/ros2_ws/build/task2' returned '0': CMAKE_PREFIX_PATH=${CMAKE_PREFIX_PATH}:/home/sachinb/ros2_ws/install/task1:/opt/ros/humble /usr/bin/cmake /home/sachinb/ros2_ws/src/task2 -DCMAKE_INSTALL_PREFIX=/home/sachinb/ros2_ws/install/task2
[1.721s] Invoking command in '/home/sachinb/ros2_ws/build/task2': CMAKE_PREFIX_PATH=${CMAKE_PREFIX_PATH}:/home/sachinb/ros2_ws/install/task1:/opt/ros/humble /usr/bin/cmake --build /home/sachinb/ros2_ws/build/task2 -- -j8 -l8
[1.772s] [ 50%] [32mBuilding CXX object CMakeFiles/node1.dir/src/node1.cpp.o[0m
[12.367s] [100%] [32m[1mLinking CXX executable node1[0m
[12.827s] [100%] Built target node1
[12.839s] Invoked command in '/home/sachinb/ros2_ws/build/task2' returned '0': CMAKE_PREFIX_PATH=${CMAKE_PREFIX_PATH}:/home/sachinb/ros2_ws/install/task1:/opt/ros/humble /usr/bin/cmake --build /home/sachinb/ros2_ws/build/task2 -- -j8 -l8
[12.873s] Invoking command in '/home/sachinb/ros2_ws/build/task2': CMAKE_PREFIX_PATH=${CMAKE_PREFIX_PATH}:/home/sachinb/ros2_ws/install/task1:/opt/ros/humble /usr/bin/cmake --install /home/sachinb/ros2_ws/build/task2
[12.880s] -- Install configuration: ""
[12.880s] -- Installing: /home/sachinb/ros2_ws/install/task2/lib/task2/node1
[12.883s] -- Set runtime path of "/home/sachinb/ros2_ws/install/task2/lib/task2/node1" to ""
[12.884s] -- Installing: /home/sachinb/ros2_ws/install/task2/share/ament_index/resource_index/package_run_dependencies/task2
[12.884s] -- Installing: /home/sachinb/ros2_ws/install/task2/share/ament_index/resource_index/parent_prefix_path/task2
[12.884s] -- Installing: /home/sachinb/ros2_ws/install/task2/share/task2/environment/ament_prefix_path.sh
[12.884s] -- Installing: /home/sachinb/ros2_ws/install/task2/share/task2/environment/ament_prefix_path.dsv
[12.884s] -- Installing: /home/sachinb/ros2_ws/install/task2/share/task2/environment/path.sh
[12.884s] -- Installing: /home/sachinb/ros2_ws/install/task2/share/task2/environment/path.dsv
[12.884s] -- Installing: /home/sachinb/ros2_ws/install/task2/share/task2/local_setup.bash
[12.885s] -- Installing: /home/sachinb/ros2_ws/install/task2/share/task2/local_setup.sh
[12.885s] -- Installing: /home/sachinb/ros2_ws/install/task2/share/task2/local_setup.zsh
[12.885s] -- Installing: /home/sachinb/ros2_ws/install/task2/share/task2/local_setup.dsv
[12.885s] -- Installing: /home/sachinb/ros2_ws/install/task2/share/task2/package.dsv
[12.885s] -- Installing: /home/sachinb/ros2_ws/install/task2/share/ament_index/resource_index/packages/task2
[12.885s] -- Installing: /home/sachinb/ros2_ws/install/task2/share/task2/cmake/task2Config.cmake
[12.885s] -- Installing: /home/sachinb/ros2_ws/install/task2/share/task2/cmake/task2Config-version.cmake
[12.886s] -- Installing: /home/sachinb/ros2_ws/install/task2/share/task2/package.xml
[12.888s] Invoked command in '/home/sachinb/ros2_ws/build/task2' returned '0': CMAKE_PREFIX_PATH=${CMAKE_PREFIX_PATH}:/home/sachinb/ros2_ws/install/task1:/opt/ros/humble /usr/bin/cmake --install /home/sachinb/ros2_ws/build/task2
