[0.014s] Invoking command in '/home/sachinb/ros2_ws/build/task3': CMAKE_PREFIX_PATH=${CMAKE_PREFIX_PATH}:/home/sachinb/ros2_ws/install/task1:/opt/ros/humble /usr/bin/cmake --build /home/sachinb/ros2_ws/build/task3 -- -j8 -l8
[0.046s] -- Found ament_cmake: 1.3.10 (/opt/ros/humble/share/ament_cmake/cmake)
[0.201s] -- Override CMake install command with custom implementation using symlinks instead of copying resources
[0.213s] -- Found rclcpp: 16.0.10 (/opt/ros/humble/share/rclcpp/cmake)
[0.252s] -- Found rosidl_generator_c: 3.1.5 (/opt/ros/humble/share/rosidl_generator_c/cmake)
[0.256s] -- Found rosidl_adapter: 3.1.5 (/opt/ros/humble/share/rosidl_adapter/cmake)
[0.264s] -- Found rosidl_generator_cpp: 3.1.5 (/opt/ros/humble/share/rosidl_generator_cpp/cmake)
[0.277s] -- Using all available rosidl_typesupport_c: rosidl_typesupport_fastrtps_c;rosidl_typesupport_introspection_c
[0.295s] -- Using all available rosidl_typesupport_cpp: rosidl_typesupport_fastrtps_cpp;rosidl_typesupport_introspection_cpp
[0.341s] -- Found rmw_implementation_cmake: 6.1.2 (/opt/ros/humble/share/rmw_implementation_cmake/cmake)
[0.343s] -- Found rmw_fastrtps_cpp: 6.2.7 (/opt/ros/humble/share/rmw_fastrtps_cpp/cmake)
[0.472s] -- Using RMW implementation 'rmw_fastrtps_cpp' as default
[0.542s] -- Found rosidl_default_generators: 1.2.0 (/opt/ros/humble/share/rosidl_default_generators/cmake)
[0.870s] -- Found ament_cmake_ros: 0.10.0 (/opt/ros/humble/share/ament_cmake_ros/cmake)
[1.258s] -- Using all available rosidl_typesupport_c: rosidl_typesupport_fastrtps_c;rosidl_typesupport_introspection_c
[1.407s] -- Using all available rosidl_typesupport_cpp: rosidl_typesupport_fastrtps_cpp;rosidl_typesupport_introspection_cpp
[1.437s] -- Found python_cmake_module: 0.10.0 (/opt/ros/humble/share/python_cmake_module/cmake)
[1.466s] -- Using PYTHON_EXECUTABLE: /usr/bin/python3
[1.467s] -- Using PYTHON_INCLUDE_DIRS: /usr/include/python3.10
[1.467s] -- Using PYTHON_LIBRARIES: /usr/lib/x86_64-linux-gnu/libpython3.10.so
[1.485s] -- Found ament_lint_auto: 0.12.11 (/opt/ros/humble/share/ament_lint_auto/cmake)
[1.499s] -- Added test 'cppcheck' to perform static code analysis on C / C++ code
[1.500s] -- Configured cppcheck include dirs: 
[1.500s] -- Configured cppcheck exclude dirs and/or files: 
[1.501s] -- Added test 'lint_cmake' to check CMake code style
[1.502s] -- Added test 'uncrustify' to check C / C++ code style
[1.502s] -- Configured uncrustify additional arguments: 
[1.503s] -- Added test 'xmllint' to check XML markup files
[1.507s] -- Configuring done
[1.551s] -- Generating done
[1.555s] -- Build files have been written to: /home/sachinb/ros2_ws/build/task3
[1.588s] [35m[1mConsolidate compiler generated dependencies of target task3__rosidl_generator_c[0m
[1.588s] [35m[1mConsolidate compiler generated dependencies of target node1[0m
[1.602s] [  8%] Built target task3__rosidl_generator_c
[1.602s] [ 11%] Built target task3__cpp
[1.611s] [ 14%] [32mBuilding CXX object CMakeFiles/node2.dir/src/node2.cpp.o[0m
[1.615s] [ 14%] Built target ament_cmake_python_symlink_task3
[1.620s] [35m[1mConsolidate compiler generated dependencies of target task3__rosidl_typesupport_introspection_c[0m
[1.620s] [35m[1mConsolidate compiler generated dependencies of target task3__rosidl_typesupport_c[0m
[1.621s] [35m[1mConsolidate compiler generated dependencies of target task3__rosidl_typesupport_fastrtps_c[0m
[1.622s] [35m[1mConsolidate compiler generated dependencies of target task3__rosidl_typesupport_cpp[0m
[1.623s] [35m[1mConsolidate compiler generated dependencies of target task3__rosidl_typesupport_fastrtps_cpp[0m
[1.627s] [ 20%] Built target node1
[1.638s] [35m[1mConsolidate compiler generated dependencies of target task3__rosidl_typesupport_introspection_cpp[0m
[1.643s] [ 28%] Built target task3__rosidl_typesupport_c
[1.643s] [ 37%] Built target task3__rosidl_typesupport_introspection_c
[1.645s] [ 54%] Built target task3__rosidl_typesupport_fastrtps_c
[1.646s] [ 54%] Built target task3__rosidl_typesupport_cpp
[1.651s] [ 62%] Built target task3__rosidl_typesupport_fastrtps_cpp
[1.658s] [ 71%] Built target task3__rosidl_typesupport_introspection_cpp
[1.681s] [ 71%] Built target task3
[1.705s] [ 74%] Built target task3__py
[1.719s] [35m[1mConsolidate compiler generated dependencies of target task3__rosidl_generator_py[0m
[1.733s] [ 80%] Built target task3__rosidl_generator_py
[1.750s] [35m[1mConsolidate compiler generated dependencies of target task3__rosidl_typesupport_introspection_c__pyext[0m
[1.750s] [35m[1mConsolidate compiler generated dependencies of target task3__rosidl_typesupport_c__pyext[0m
[1.750s] [35m[1mConsolidate compiler generated dependencies of target task3__rosidl_typesupport_fastrtps_c__pyext[0m
[1.770s] [ 85%] Built target task3__rosidl_typesupport_fastrtps_c__pyext
[1.771s] [ 91%] Built target task3__rosidl_typesupport_c__pyext
[1.771s] [ 97%] Built target task3__rosidl_typesupport_introspection_c__pyext
[2.027s] running egg_info
[2.029s] writing task3.egg-info/PKG-INFO
[2.029s] writing dependency_links to task3.egg-info/dependency_links.txt
[2.029s] writing top-level names to task3.egg-info/top_level.txt
[2.034s] reading manifest file 'task3.egg-info/SOURCES.txt'
[2.035s] writing manifest file 'task3.egg-info/SOURCES.txt'
[2.067s] [ 97%] Built target ament_cmake_python_build_task3_egg
[5.441s] [100%] [32m[1mLinking CXX executable node2[0m
[5.578s] [100%] Built target node2
[5.591s] Invoked command in '/home/sachinb/ros2_ws/build/task3' returned '0': CMAKE_PREFIX_PATH=${CMAKE_PREFIX_PATH}:/home/sachinb/ros2_ws/install/task1:/opt/ros/humble /usr/bin/cmake --build /home/sachinb/ros2_ws/build/task3 -- -j8 -l8
[5.666s] Invoking command in '/home/sachinb/ros2_ws/build/task3': CMAKE_PREFIX_PATH=${CMAKE_PREFIX_PATH}:/home/sachinb/ros2_ws/install/task1:/opt/ros/humble /usr/bin/cmake --install /home/sachinb/ros2_ws/build/task3
[5.675s] -- Install configuration: ""
[5.676s] -- Execute custom install script
[5.676s] -- Up-to-date symlink: /home/sachinb/ros2_ws/install/task3/share/ament_index/resource_index/rosidl_interfaces/task3
[5.677s] -- Up-to-date symlink: /home/sachinb/ros2_ws/install/task3/include/task3/task3/msg/rosidl_generator_c__visibility_control.h
[5.677s] -- Up-to-date symlink: /home/sachinb/ros2_ws/install/task3/include/task3/task3/srv/custom_service.h
[5.678s] -- Up-to-date symlink: /home/sachinb/ros2_ws/install/task3/include/task3/task3/srv/detail/custom_service__functions.h
[5.678s] -- Up-to-date symlink: /home/sachinb/ros2_ws/install/task3/include/task3/task3/srv/detail/custom_service__struct.h
[5.678s] -- Up-to-date symlink: /home/sachinb/ros2_ws/install/task3/include/task3/task3/srv/detail/custom_service__type_support.h
[5.679s] -- Up-to-date symlink: /home/sachinb/ros2_ws/install/task3/share/task3/environment/library_path.sh
[5.679s] -- Up-to-date symlink: /home/sachinb/ros2_ws/install/task3/share/task3/environment/library_path.dsv
[5.680s] -- Up-to-date symlink: /home/sachinb/ros2_ws/install/task3/include/task3/task3/msg/rosidl_typesupport_fastrtps_c__visibility_control.h
[5.680s] -- Up-to-date symlink: /home/sachinb/ros2_ws/install/task3/include/task3/task3/srv/detail/custom_service__rosidl_typesupport_fastrtps_c.h
[5.681s] -- Up-to-date symlink: /home/sachinb/ros2_ws/install/task3/include/task3/task3/srv/custom_service.hpp
[5.681s] -- Up-to-date symlink: /home/sachinb/ros2_ws/install/task3/include/task3/task3/srv/detail/custom_service__builder.hpp
[5.681s] -- Up-to-date symlink: /home/sachinb/ros2_ws/install/task3/include/task3/task3/srv/detail/custom_service__struct.hpp
[5.681s] -- Up-to-date symlink: /home/sachinb/ros2_ws/install/task3/include/task3/task3/srv/detail/custom_service__traits.hpp
[5.682s] -- Up-to-date symlink: /home/sachinb/ros2_ws/install/task3/include/task3/task3/msg/rosidl_typesupport_fastrtps_cpp__visibility_control.h
[5.682s] -- Up-to-date symlink: /home/sachinb/ros2_ws/install/task3/include/task3/task3/srv/detail/custom_service__rosidl_typesupport_fastrtps_cpp.hpp
[5.683s] -- Up-to-date symlink: /home/sachinb/ros2_ws/install/task3/include/task3/task3/msg/rosidl_typesupport_introspection_c__visibility_control.h
[5.683s] -- Up-to-date symlink: /home/sachinb/ros2_ws/install/task3/include/task3/task3/srv/detail/custom_service__rosidl_typesupport_introspection_c.h
[5.684s] -- Up-to-date symlink: /home/sachinb/ros2_ws/install/task3/include/task3/task3/srv/detail/custom_service__rosidl_typesupport_introspection_cpp.hpp
[5.684s] -- Up-to-date symlink: /home/sachinb/ros2_ws/install/task3/share/task3/environment/pythonpath.sh
[5.684s] -- Up-to-date symlink: /home/sachinb/ros2_ws/install/task3/share/task3/environment/pythonpath.dsv
[5.685s] -- Up-to-date symlink: /home/sachinb/ros2_ws/install/task3/local/lib/python3.10/dist-packages/task3-0.0.0-py3.10.egg-info/PKG-INFO
[5.685s] -- Up-to-date symlink: /home/sachinb/ros2_ws/install/task3/local/lib/python3.10/dist-packages/task3-0.0.0-py3.10.egg-info/SOURCES.txt
[5.685s] -- Up-to-date symlink: /home/sachinb/ros2_ws/install/task3/local/lib/python3.10/dist-packages/task3-0.0.0-py3.10.egg-info/dependency_links.txt
[5.685s] -- Up-to-date symlink: /home/sachinb/ros2_ws/install/task3/local/lib/python3.10/dist-packages/task3-0.0.0-py3.10.egg-info/top_level.txt
[5.686s] -- Up-to-date symlink: /home/sachinb/ros2_ws/install/task3/local/lib/python3.10/dist-packages/task3/__init__.py
[5.687s] -- Up-to-date symlink: /home/sachinb/ros2_ws/install/task3/local/lib/python3.10/dist-packages/task3/_task3_s.ep.rosidl_typesupport_c.c
[5.687s] -- Up-to-date symlink: /home/sachinb/ros2_ws/install/task3/local/lib/python3.10/dist-packages/task3/_task3_s.ep.rosidl_typesupport_fastrtps_c.c
[5.687s] -- Up-to-date symlink: /home/sachinb/ros2_ws/install/task3/local/lib/python3.10/dist-packages/task3/_task3_s.ep.rosidl_typesupport_introspection_c.c
[5.687s] -- Up-to-date symlink: /home/sachinb/ros2_ws/install/task3/local/lib/python3.10/dist-packages/task3/libtask3__rosidl_generator_py.so
[5.688s] -- Up-to-date symlink: /home/sachinb/ros2_ws/install/task3/local/lib/python3.10/dist-packages/task3/srv/__init__.py
[5.688s] -- Up-to-date symlink: /home/sachinb/ros2_ws/install/task3/local/lib/python3.10/dist-packages/task3/srv/_custom_service.py
[5.688s] -- Up-to-date symlink: /home/sachinb/ros2_ws/install/task3/local/lib/python3.10/dist-packages/task3/srv/_custom_service_s.c
[5.688s] -- Up-to-date symlink: /home/sachinb/ros2_ws/install/task3/local/lib/python3.10/dist-packages/task3/task3_s__rosidl_typesupport_c.cpython-310-x86_64-linux-gnu.so
[5.689s] -- Up-to-date symlink: /home/sachinb/ros2_ws/install/task3/local/lib/python3.10/dist-packages/task3/task3_s__rosidl_typesupport_fastrtps_c.cpython-310-x86_64-linux-gnu.so
[5.689s] -- Up-to-date symlink: /home/sachinb/ros2_ws/install/task3/local/lib/python3.10/dist-packages/task3/task3_s__rosidl_typesupport_introspection_c.cpython-310-x86_64-linux-gnu.so
[5.689s] -- Up-to-date symlink: /home/sachinb/ros2_ws/install/task3/local/lib/python3.10/dist-packages/task3/task3_s__rosidl_typesupport_fastrtps_c.cpython-310-x86_64-linux-gnu.so
[5.690s] -- Up-to-date symlink: /home/sachinb/ros2_ws/install/task3/local/lib/python3.10/dist-packages/task3/task3_s__rosidl_typesupport_introspection_c.cpython-310-x86_64-linux-gnu.so
[5.690s] -- Up-to-date symlink: /home/sachinb/ros2_ws/install/task3/local/lib/python3.10/dist-packages/task3/task3_s__rosidl_typesupport_c.cpython-310-x86_64-linux-gnu.so
[5.691s] -- Up-to-date symlink: /home/sachinb/ros2_ws/install/task3/share/task3/srv/CustomService.idl
[5.691s] -- Up-to-date symlink: /home/sachinb/ros2_ws/install/task3/share/task3/srv/CustomService.srv
[5.691s] -- Up-to-date symlink: /home/sachinb/ros2_ws/install/task3/share/task3/srv/CustomService_Request.msg
[5.691s] -- Up-to-date symlink: /home/sachinb/ros2_ws/install/task3/share/task3/srv/CustomService_Response.msg
[5.692s] -- Symlinking: /home/sachinb/ros2_ws/install/task3/lib/task3/node1
[5.702s] -- Symlinking: /home/sachinb/ros2_ws/install/task3/lib/task3/node2
[5.711s] -- Up-to-date symlink: /home/sachinb/ros2_ws/install/task3/share/ament_index/resource_index/package_run_dependencies/task3
[5.711s] -- Up-to-date symlink: /home/sachinb/ros2_ws/install/task3/share/ament_index/resource_index/parent_prefix_path/task3
[5.712s] -- Up-to-date symlink: /home/sachinb/ros2_ws/install/task3/share/task3/environment/ament_prefix_path.sh
[5.712s] -- Up-to-date symlink: /home/sachinb/ros2_ws/install/task3/share/task3/environment/ament_prefix_path.dsv
[5.712s] -- Up-to-date symlink: /home/sachinb/ros2_ws/install/task3/share/task3/environment/path.sh
[5.713s] -- Up-to-date symlink: /home/sachinb/ros2_ws/install/task3/share/task3/environment/path.dsv
[5.713s] -- Up-to-date symlink: /home/sachinb/ros2_ws/install/task3/share/task3/local_setup.bash
[5.713s] -- Up-to-date symlink: /home/sachinb/ros2_ws/install/task3/share/task3/local_setup.sh
[5.714s] -- Up-to-date symlink: /home/sachinb/ros2_ws/install/task3/share/task3/local_setup.zsh
[5.714s] -- Up-to-date symlink: /home/sachinb/ros2_ws/install/task3/share/task3/local_setup.dsv
[5.714s] -- Symlinking: /home/sachinb/ros2_ws/install/task3/share/task3/package.dsv
[5.725s] -- Up-to-date symlink: /home/sachinb/ros2_ws/install/task3/share/ament_index/resource_index/packages/task3
[5.725s] -- Up-to-date symlink: /home/sachinb/ros2_ws/install/task3/share/task3/cmake/rosidl_cmake-extras.cmake
[5.726s] -- Up-to-date symlink: /home/sachinb/ros2_ws/install/task3/share/task3/cmake/ament_cmake_export_include_directories-extras.cmake
[5.726s] -- Up-to-date symlink: /home/sachinb/ros2_ws/install/task3/share/task3/cmake/ament_cmake_export_libraries-extras.cmake
[5.726s] -- Up-to-date symlink: /home/sachinb/ros2_ws/install/task3/share/task3/cmake/ament_cmake_export_targets-extras.cmake
[5.727s] -- Up-to-date symlink: /home/sachinb/ros2_ws/install/task3/share/task3/cmake/rosidl_cmake_export_typesupport_targets-extras.cmake
[5.727s] -- Up-to-date symlink: /home/sachinb/ros2_ws/install/task3/share/task3/cmake/ament_cmake_export_dependencies-extras.cmake
[5.727s] -- Up-to-date symlink: /home/sachinb/ros2_ws/install/task3/share/task3/cmake/rosidl_cmake_export_typesupport_libraries-extras.cmake
[5.727s] -- Up-to-date symlink: /home/sachinb/ros2_ws/install/task3/share/task3/cmake/task3Config.cmake
[5.728s] -- Up-to-date symlink: /home/sachinb/ros2_ws/install/task3/share/task3/cmake/task3Config-version.cmake
[5.728s] -- Up-to-date symlink: /home/sachinb/ros2_ws/install/task3/share/task3/package.xml
[5.729s] -- Up-to-date: /home/sachinb/ros2_ws/install/task3/lib/libtask3__rosidl_generator_c.so
[5.729s] -- Up-to-date: /home/sachinb/ros2_ws/install/task3/lib/libtask3__rosidl_typesupport_fastrtps_c.so
[5.730s] -- Up-to-date: /home/sachinb/ros2_ws/install/task3/lib/libtask3__rosidl_typesupport_fastrtps_cpp.so
[5.731s] -- Up-to-date: /home/sachinb/ros2_ws/install/task3/lib/libtask3__rosidl_typesupport_introspection_c.so
[5.731s] -- Up-to-date: /home/sachinb/ros2_ws/install/task3/lib/libtask3__rosidl_typesupport_c.so
[5.732s] -- Up-to-date: /home/sachinb/ros2_ws/install/task3/lib/libtask3__rosidl_typesupport_introspection_cpp.so
[5.732s] -- Up-to-date: /home/sachinb/ros2_ws/install/task3/lib/libtask3__rosidl_typesupport_cpp.so
[5.776s] Listing '/home/sachinb/ros2_ws/install/task3/local/lib/python3.10/dist-packages/task3'...
[5.776s] Compiling '/home/sachinb/ros2_ws/install/task3/local/lib/python3.10/dist-packages/task3/__init__.py'...
[5.776s] Listing '/home/sachinb/ros2_ws/install/task3/local/lib/python3.10/dist-packages/task3/srv'...
[5.783s] -- Up-to-date: /home/sachinb/ros2_ws/install/task3/lib/libtask3__rosidl_generator_py.so
[5.783s] -- Up-to-date: /home/sachinb/ros2_ws/install/task3/share/task3/cmake/export_task3__rosidl_generator_cExport.cmake
[5.783s] -- Up-to-date: /home/sachinb/ros2_ws/install/task3/share/task3/cmake/export_task3__rosidl_generator_cExport-noconfig.cmake
[5.783s] -- Up-to-date: /home/sachinb/ros2_ws/install/task3/share/task3/cmake/export_task3__rosidl_typesupport_fastrtps_cExport.cmake
[5.784s] -- Up-to-date: /home/sachinb/ros2_ws/install/task3/share/task3/cmake/export_task3__rosidl_typesupport_fastrtps_cExport-noconfig.cmake
[5.784s] -- Up-to-date: /home/sachinb/ros2_ws/install/task3/share/task3/cmake/export_task3__rosidl_generator_cppExport.cmake
[5.784s] -- Up-to-date: /home/sachinb/ros2_ws/install/task3/share/task3/cmake/export_task3__rosidl_typesupport_fastrtps_cppExport.cmake
[5.784s] -- Up-to-date: /home/sachinb/ros2_ws/install/task3/share/task3/cmake/export_task3__rosidl_typesupport_fastrtps_cppExport-noconfig.cmake
[5.784s] -- Up-to-date: /home/sachinb/ros2_ws/install/task3/share/task3/cmake/task3__rosidl_typesupport_introspection_cExport.cmake
[5.784s] -- Up-to-date: /home/sachinb/ros2_ws/install/task3/share/task3/cmake/task3__rosidl_typesupport_introspection_cExport-noconfig.cmake
[5.785s] -- Up-to-date: /home/sachinb/ros2_ws/install/task3/share/task3/cmake/task3__rosidl_typesupport_cExport.cmake
[5.785s] -- Up-to-date: /home/sachinb/ros2_ws/install/task3/share/task3/cmake/task3__rosidl_typesupport_cExport-noconfig.cmake
[5.785s] -- Up-to-date: /home/sachinb/ros2_ws/install/task3/share/task3/cmake/task3__rosidl_typesupport_introspection_cppExport.cmake
[5.785s] -- Up-to-date: /home/sachinb/ros2_ws/install/task3/share/task3/cmake/task3__rosidl_typesupport_introspection_cppExport-noconfig.cmake
[5.786s] -- Up-to-date: /home/sachinb/ros2_ws/install/task3/share/task3/cmake/task3__rosidl_typesupport_cppExport.cmake
[5.786s] -- Up-to-date: /home/sachinb/ros2_ws/install/task3/share/task3/cmake/task3__rosidl_typesupport_cppExport-noconfig.cmake
[5.786s] -- Up-to-date: /home/sachinb/ros2_ws/install/task3/share/task3/cmake/export_task3__rosidl_generator_pyExport.cmake
[5.786s] -- Up-to-date: /home/sachinb/ros2_ws/install/task3/share/task3/cmake/export_task3__rosidl_generator_pyExport-noconfig.cmake
[5.789s] Invoked command in '/home/sachinb/ros2_ws/build/task3' returned '0': CMAKE_PREFIX_PATH=${CMAKE_PREFIX_PATH}:/home/sachinb/ros2_ws/install/task1:/opt/ros/humble /usr/bin/cmake --install /home/sachinb/ros2_ws/build/task3
