[01m[K/home/sachinb/ros2_ws/src/task3/src/node1.cpp:[m[K In member function ‘[01m[Kvoid Node1::requestCallback(std::shared_ptr<task3::srv::Custom_Request_<std::allocator<void> > >, std::shared_ptr<task3::srv::Custom_Response_<std::allocator<void> > >)[m[K’:
[01m[K/home/sachinb/ros2_ws/src/task3/src/node1.cpp:36:18:[m[K [01;31m[Kerror: [m[Kjump to case label
   36 |             case [01;31m[K3[m[K:
      |                  [01;31m[K^[m[K
[01m[K/home/sachinb/ros2_ws/src/task3/src/node1.cpp:33:22:[m[K [01;36m[Knote: [m[K  crosses initialization of ‘[01m[Klong int time[m[K’
   33 |                 auto [01;36m[Ktime[m[K = std::chrono::system_clock::to_time_t(now);
      |                      [01;36m[K^~~~[m[K
[01m[K/home/sachinb/ros2_ws/src/task3/src/node1.cpp:32:22:[m[K [01;36m[Knote: [m[K  crosses initialization of ‘[01m[Kstd::chrono::time_point<std::chrono::_V2::system_clock, std::chrono::duration<long int, std::ratio<1, 1000000000> > > now[m[K’
   32 |                 auto [01;36m[Know[m[K = std::chrono::system_clock::now();
      |                      [01;36m[K^~~[m[K
[01m[K/home/sachinb/ros2_ws/src/task3/src/node1.cpp:39:18:[m[K [01;31m[Kerror: [m[Kjump to case label
   39 |             case [01;31m[K4[m[K:
      |                  [01;31m[K^[m[K
[01m[K/home/sachinb/ros2_ws/src/task3/src/node1.cpp:33:22:[m[K [01;36m[Knote: [m[K  crosses initialization of ‘[01m[Klong int time[m[K’
   33 |                 auto [01;36m[Ktime[m[K = std::chrono::system_clock::to_time_t(now);
      |                      [01;36m[K^~~~[m[K
[01m[K/home/sachinb/ros2_ws/src/task3/src/node1.cpp:32:22:[m[K [01;36m[Knote: [m[K  crosses initialization of ‘[01m[Kstd::chrono::time_point<std::chrono::_V2::system_clock, std::chrono::duration<long int, std::ratio<1, 1000000000> > > now[m[K’
   32 |                 auto [01;36m[Know[m[K = std::chrono::system_clock::now();
      |                      [01;36m[K^~~[m[K
[01m[K/home/sachinb/ros2_ws/src/task3/src/node1.cpp:42:13:[m[K [01;31m[Kerror: [m[Kjump to case label
   42 |             [01;31m[Kdefault[m[K:
      |             [01;31m[K^~~~~~~[m[K
[01m[K/home/sachinb/ros2_ws/src/task3/src/node1.cpp:33:22:[m[K [01;36m[Knote: [m[K  crosses initialization of ‘[01m[Klong int time[m[K’
   33 |                 auto [01;36m[Ktime[m[K = std::chrono::system_clock::to_time_t(now);
      |                      [01;36m[K^~~~[m[K
[01m[K/home/sachinb/ros2_ws/src/task3/src/node1.cpp:32:22:[m[K [01;36m[Knote: [m[K  crosses initialization of ‘[01m[Kstd::chrono::time_point<std::chrono::_V2::system_clock, std::chrono::duration<long int, std::ratio<1, 1000000000> > > now[m[K’
   32 |                 auto [01;36m[Know[m[K = std::chrono::system_clock::now();
      |                      [01;36m[K^~~[m[K
gmake[2]: *** [CMakeFiles/node1.dir/build.make:76: CMakeFiles/node1.dir/src/node1.cpp.o] Error 1
gmake[1]: *** [CMakeFiles/Makefile2:594: CMakeFiles/node1.dir/all] Error 2
gmake: *** [Makefile:146: all] Error 2
