[35m[1mConsolidate compiler generated dependencies of target node2[0m
[35m[1mConsolidate compiler generated dependencies of target node1[0m
[  8%] Built target task3__rosidl_generator_c
[ 11%] Built target task3__cpp
[ 14%] [32mBuilding CXX object CMakeFiles/node1.dir/src/node1.cpp.o[0m
[ 14%] Built target ament_cmake_python_symlink_task3
[ 20%] Built target node2
[ 28%] Built target task3__rosidl_typesupport_c
[ 37%] Built target task3__rosidl_typesupport_fastrtps_c
[ 45%] Built target task3__rosidl_typesupport_introspection_c
[ 62%] Built target task3__rosidl_typesupport_cpp
[ 62%] Built target task3__rosidl_typesupport_fastrtps_cpp
[ 71%] Built target task3__rosidl_typesupport_introspection_cpp
[ 71%] Built target task3
[ 74%] Built target task3__py
[ 80%] Built target task3__rosidl_generator_py
[ 88%] Built target task3__rosidl_typesupport_fastrtps_c__pyext
[ 94%] Built target task3__rosidl_typesupport_c__pyext
[ 97%] Built target task3__rosidl_typesupport_introspection_c__pyext
running egg_info
writing task3.egg-info/PKG-INFO
writing dependency_links to task3.egg-info/dependency_links.txt
writing top-level names to task3.egg-info/top_level.txt
reading manifest file 'task3.egg-info/SOURCES.txt'
writing manifest file 'task3.egg-info/SOURCES.txt'
[ 97%] Built target ament_cmake_python_build_task3_egg
