running egg_info
creating ../../build/task1/task1.egg-info
writing ../../build/task1/task1.egg-info/PKG-INFO
writing dependency_links to ../../build/task1/task1.egg-info/dependency_links.txt
writing entry points to ../../build/task1/task1.egg-info/entry_points.txt
writing requirements to ../../build/task1/task1.egg-info/requires.txt
writing top-level names to ../../build/task1/task1.egg-info/top_level.txt
writing manifest file '../../build/task1/task1.egg-info/SOURCES.txt'
reading manifest file '../../build/task1/task1.egg-info/SOURCES.txt'
writing manifest file '../../build/task1/task1.egg-info/SOURCES.txt'
running build
running build_py
creating /home/sachinb/ros2_ws/build/task1/build
creating /home/sachinb/ros2_ws/build/task1/build/lib
creating /home/sachinb/ros2_ws/build/task1/build/lib/task1
copying task1/template_node.py -> /home/sachinb/ros2_ws/build/task1/build/lib/task1
copying task1/__init__.py -> /home/sachinb/ros2_ws/build/task1/build/lib/task1
copying task1/node1.py -> /home/sachinb/ros2_ws/build/task1/build/lib/task1
copying task1/node2.py -> /home/sachinb/ros2_ws/build/task1/build/lib/task1
running install
running install_lib
creating /home/sachinb/ros2_ws/install/task1/lib/python3.10/site-packages/task1
copying /home/sachinb/ros2_ws/build/task1/build/lib/task1/template_node.py -> /home/sachinb/ros2_ws/install/task1/lib/python3.10/site-packages/task1
copying /home/sachinb/ros2_ws/build/task1/build/lib/task1/__init__.py -> /home/sachinb/ros2_ws/install/task1/lib/python3.10/site-packages/task1
copying /home/sachinb/ros2_ws/build/task1/build/lib/task1/node1.py -> /home/sachinb/ros2_ws/install/task1/lib/python3.10/site-packages/task1
copying /home/sachinb/ros2_ws/build/task1/build/lib/task1/node2.py -> /home/sachinb/ros2_ws/install/task1/lib/python3.10/site-packages/task1
byte-compiling /home/sachinb/ros2_ws/install/task1/lib/python3.10/site-packages/task1/template_node.py to template_node.cpython-310.pyc
byte-compiling /home/sachinb/ros2_ws/install/task1/lib/python3.10/site-packages/task1/__init__.py to __init__.cpython-310.pyc
byte-compiling /home/sachinb/ros2_ws/install/task1/lib/python3.10/site-packages/task1/node1.py to node1.cpython-310.pyc
byte-compiling /home/sachinb/ros2_ws/install/task1/lib/python3.10/site-packages/task1/node2.py to node2.cpython-310.pyc
running install_data
creating /home/sachinb/ros2_ws/install/task1/share/ament_index
creating /home/sachinb/ros2_ws/install/task1/share/ament_index/resource_index
creating /home/sachinb/ros2_ws/install/task1/share/ament_index/resource_index/packages
copying resource/task1 -> /home/sachinb/ros2_ws/install/task1/share/ament_index/resource_index/packages
copying package.xml -> /home/sachinb/ros2_ws/install/task1/share/task1
running install_egg_info
Copying ../../build/task1/task1.egg-info to /home/sachinb/ros2_ws/install/task1/lib/python3.10/site-packages/task1-0.0.0-py3.10.egg-info
running install_scripts
Installing node1 script to /home/sachinb/ros2_ws/install/task1/lib/task1
Installing node2 script to /home/sachinb/ros2_ws/install/task1/lib/task1
Installing template_python script to /home/sachinb/ros2_ws/install/task1/lib/task1
writing list of installed files to '/home/sachinb/ros2_ws/build/task1/install.log'
