-- Found ament_cmake: 1.3.10 (/opt/ros/humble/share/ament_cmake/cmake)
-- Override CMake install command with custom implementation using symlinks instead of copying resources
-- Found rclcpp: 16.0.10 (/opt/ros/humble/share/rclcpp/cmake)
-- Found rosidl_generator_c: 3.1.5 (/opt/ros/humble/share/rosidl_generator_c/cmake)
-- Found rosidl_adapter: 3.1.5 (/opt/ros/humble/share/rosidl_adapter/cmake)
-- Found rosidl_generator_cpp: 3.1.5 (/opt/ros/humble/share/rosidl_generator_cpp/cmake)
-- Using all available rosidl_typesupport_c: rosidl_typesupport_fastrtps_c;rosidl_typesupport_introspection_c
-- Using all available rosidl_typesupport_cpp: rosidl_typesupport_fastrtps_cpp;rosidl_typesupport_introspection_cpp
-- Found rmw_implementation_cmake: 6.1.2 (/opt/ros/humble/share/rmw_implementation_cmake/cmake)
-- Found rmw_fastrtps_cpp: 6.2.7 (/opt/ros/humble/share/rmw_fastrtps_cpp/cmake)
-- Using RMW implementation 'rmw_fastrtps_cpp' as default
-- Found ament_lint_auto: 0.12.11 (/opt/ros/humble/share/ament_lint_auto/cmake)
-- Added test 'lint_cmake' to check CMake code style
-- Added test 'xmllint' to check XML markup files
-- Configuring done
-- Generating done
-- Build files have been written to: /home/sachinb/ros2_ws/build/task2
-- Install configuration: ""
-- Execute custom install script
-- Symlinking: /home/sachinb/ros2_ws/install/task2/share/ament_index/resource_index/package_run_dependencies/task2
-- Symlinking: /home/sachinb/ros2_ws/install/task2/share/ament_index/resource_index/parent_prefix_path/task2
-- Symlinking: /home/sachinb/ros2_ws/install/task2/share/task2/environment/ament_prefix_path.sh
-- Symlinking: /home/sachinb/ros2_ws/install/task2/share/task2/environment/ament_prefix_path.dsv
-- Symlinking: /home/sachinb/ros2_ws/install/task2/share/task2/environment/path.sh
-- Symlinking: /home/sachinb/ros2_ws/install/task2/share/task2/environment/path.dsv
-- Symlinking: /home/sachinb/ros2_ws/install/task2/share/task2/local_setup.bash
-- Symlinking: /home/sachinb/ros2_ws/install/task2/share/task2/local_setup.sh
-- Symlinking: /home/sachinb/ros2_ws/install/task2/share/task2/local_setup.zsh
-- Symlinking: /home/sachinb/ros2_ws/install/task2/share/task2/local_setup.dsv
-- Symlinking: /home/sachinb/ros2_ws/install/task2/share/task2/package.dsv
-- Symlinking: /home/sachinb/ros2_ws/install/task2/share/ament_index/resource_index/packages/task2
-- Symlinking: /home/sachinb/ros2_ws/install/task2/share/task2/cmake/task2Config.cmake
-- Symlinking: /home/sachinb/ros2_ws/install/task2/share/task2/cmake/task2Config-version.cmake
-- Symlinking: /home/sachinb/ros2_ws/install/task2/share/task2/package.xml
