[0.210s] Invoking command in '/home/sachinb/ros2_ws/build/task2': CMAKE_PREFIX_PATH=${CMAKE_PREFIX_PATH}:/home/sachinb/ros2_ws/install/task1:/opt/ros/humble /usr/bin/cmake /home/sachinb/ros2_ws/src/task2 -DAMENT_CMAKE_SYMLINK_INSTALL=1 -DCMAKE_INSTALL_PREFIX=/home/sachinb/ros2_ws/install/task2
[0.234s] -- Found ament_cmake: 1.3.10 (/opt/ros/humble/share/ament_cmake/cmake)
[0.341s] -- Override CMake install command with custom implementation using symlinks instead of copying resources
[0.355s] -- Found rclcpp: 16.0.10 (/opt/ros/humble/share/rclcpp/cmake)
[0.390s] -- Found rosidl_generator_c: 3.1.5 (/opt/ros/humble/share/rosidl_generator_c/cmake)
[0.392s] -- Found rosidl_adapter: 3.1.5 (/opt/ros/humble/share/rosidl_adapter/cmake)
[0.397s] -- Found rosidl_generator_cpp: 3.1.5 (/opt/ros/humble/share/rosidl_generator_cpp/cmake)
[0.405s] -- Using all available rosidl_typesupport_c: rosidl_typesupport_fastrtps_c;rosidl_typesupport_introspection_c
[0.416s] -- Using all available rosidl_typesupport_cpp: rosidl_typesupport_fastrtps_cpp;rosidl_typesupport_introspection_cpp
[0.446s] -- Found rmw_implementation_cmake: 6.1.2 (/opt/ros/humble/share/rmw_implementation_cmake/cmake)
[0.448s] -- Found rmw_fastrtps_cpp: 6.2.7 (/opt/ros/humble/share/rmw_fastrtps_cpp/cmake)
[0.534s] -- Using RMW implementation 'rmw_fastrtps_cpp' as default
[0.584s] -- Found ament_lint_auto: 0.12.11 (/opt/ros/humble/share/ament_lint_auto/cmake)
[0.648s] -- Added test 'lint_cmake' to check CMake code style
[0.650s] -- Added test 'xmllint' to check XML markup files
[0.651s] -- Configuring done
[0.655s] -- Generating done
[0.656s] -- Build files have been written to: /home/sachinb/ros2_ws/build/task2
[0.663s] Invoked command in '/home/sachinb/ros2_ws/build/task2' returned '0': CMAKE_PREFIX_PATH=${CMAKE_PREFIX_PATH}:/home/sachinb/ros2_ws/install/task1:/opt/ros/humble /usr/bin/cmake /home/sachinb/ros2_ws/src/task2 -DAMENT_CMAKE_SYMLINK_INSTALL=1 -DCMAKE_INSTALL_PREFIX=/home/sachinb/ros2_ws/install/task2
[0.664s] Invoking command in '/home/sachinb/ros2_ws/build/task2': CMAKE_PREFIX_PATH=${CMAKE_PREFIX_PATH}:/home/sachinb/ros2_ws/install/task1:/opt/ros/humble /usr/bin/cmake --build /home/sachinb/ros2_ws/build/task2 -- -j8 -l8
[0.695s] Invoked command in '/home/sachinb/ros2_ws/build/task2' returned '0': CMAKE_PREFIX_PATH=${CMAKE_PREFIX_PATH}:/home/sachinb/ros2_ws/install/task1:/opt/ros/humble /usr/bin/cmake --build /home/sachinb/ros2_ws/build/task2 -- -j8 -l8
[0.720s] Invoking command in '/home/sachinb/ros2_ws/build/task2': CMAKE_PREFIX_PATH=${CMAKE_PREFIX_PATH}:/home/sachinb/ros2_ws/install/task1:/opt/ros/humble /usr/bin/cmake --install /home/sachinb/ros2_ws/build/task2
[0.726s] -- Install configuration: ""
[0.727s] -- Execute custom install script
[0.727s] -- Symlinking: /home/sachinb/ros2_ws/install/task2/share/ament_index/resource_index/package_run_dependencies/task2
[0.735s] -- Symlinking: /home/sachinb/ros2_ws/install/task2/share/ament_index/resource_index/parent_prefix_path/task2
[0.743s] -- Symlinking: /home/sachinb/ros2_ws/install/task2/share/task2/environment/ament_prefix_path.sh
[0.751s] -- Symlinking: /home/sachinb/ros2_ws/install/task2/share/task2/environment/ament_prefix_path.dsv
[0.759s] -- Symlinking: /home/sachinb/ros2_ws/install/task2/share/task2/environment/path.sh
[0.767s] -- Symlinking: /home/sachinb/ros2_ws/install/task2/share/task2/environment/path.dsv
[0.775s] -- Symlinking: /home/sachinb/ros2_ws/install/task2/share/task2/local_setup.bash
[0.784s] -- Symlinking: /home/sachinb/ros2_ws/install/task2/share/task2/local_setup.sh
[0.791s] -- Symlinking: /home/sachinb/ros2_ws/install/task2/share/task2/local_setup.zsh
[0.798s] -- Symlinking: /home/sachinb/ros2_ws/install/task2/share/task2/local_setup.dsv
[0.806s] -- Symlinking: /home/sachinb/ros2_ws/install/task2/share/task2/package.dsv
[0.814s] -- Symlinking: /home/sachinb/ros2_ws/install/task2/share/ament_index/resource_index/packages/task2
[0.821s] -- Symlinking: /home/sachinb/ros2_ws/install/task2/share/task2/cmake/task2Config.cmake
[0.827s] -- Symlinking: /home/sachinb/ros2_ws/install/task2/share/task2/cmake/task2Config-version.cmake
[0.833s] -- Symlinking: /home/sachinb/ros2_ws/install/task2/share/task2/package.xml
[0.842s] Invoked command in '/home/sachinb/ros2_ws/build/task2' returned '0': CMAKE_PREFIX_PATH=${CMAKE_PREFIX_PATH}:/home/sachinb/ros2_ws/install/task1:/opt/ros/humble /usr/bin/cmake --install /home/sachinb/ros2_ws/build/task2
