[0.511s] Invoking command in '/home/sachinb/ros2_ws/src/task1': PYTHONPATH=/home/sachinb/ros2_ws/build/task1/prefix_override:/usr/lib/python3/dist-packages/colcon_core/task/python/colcon_distutils_commands:/home/sachinb/ros2_ws/install/task1/lib/python3.10/site-packages:${PYTHONPATH} /usr/bin/python3 -W ignore:setup.py install is deprecated setup.py egg_info --egg-base ../../build/task1 build --build-base /home/sachinb/ros2_ws/build/task1/build install --record /home/sachinb/ros2_ws/build/task1/install.log --single-version-externally-managed install_data
[0.717s] running egg_info
[0.718s] writing ../../build/task1/task1.egg-info/PKG-INFO
[0.718s] writing dependency_links to ../../build/task1/task1.egg-info/dependency_links.txt
[0.718s] writing entry points to ../../build/task1/task1.egg-info/entry_points.txt
[0.719s] writing requirements to ../../build/task1/task1.egg-info/requires.txt
[0.719s] writing top-level names to ../../build/task1/task1.egg-info/top_level.txt
[0.720s] reading manifest file '../../build/task1/task1.egg-info/SOURCES.txt'
[0.721s] writing manifest file '../../build/task1/task1.egg-info/SOURCES.txt'
[0.721s] running build
[0.721s] running build_py
[0.721s] running install
[0.722s] running install_lib
[0.723s] running install_data
[0.723s] running install_egg_info
[0.725s] removing '/home/sachinb/ros2_ws/install/task1/lib/python3.10/site-packages/task1-0.0.0-py3.10.egg-info' (and everything under it)
[0.725s] Copying ../../build/task1/task1.egg-info to /home/sachinb/ros2_ws/install/task1/lib/python3.10/site-packages/task1-0.0.0-py3.10.egg-info
[0.727s] running install_scripts
[0.744s] writing list of installed files to '/home/sachinb/ros2_ws/build/task1/install.log'
[0.768s] Invoked command in '/home/sachinb/ros2_ws/src/task1' returned '0': PYTHONPATH=/home/sachinb/ros2_ws/build/task1/prefix_override:/usr/lib/python3/dist-packages/colcon_core/task/python/colcon_distutils_commands:/home/sachinb/ros2_ws/install/task1/lib/python3.10/site-packages:${PYTHONPATH} /usr/bin/python3 -W ignore:setup.py install is deprecated setup.py egg_info --egg-base ../../build/task1 build --build-base /home/sachinb/ros2_ws/build/task1/build install --record /home/sachinb/ros2_ws/build/task1/install.log --single-version-externally-managed install_data
