[0.145s] DEBUG:colcon:Command line arguments: ['/usr/bin/colcon', 'build', '--packages-select', 'task3']
[0.145s] DEBUG:colcon:Parsed command line arguments: Namespace(log_base=None, log_level=None, verb_name='build', build_base='build', install_base='install', merge_install=False, symlink_install=False, test_result_base=None, continue_on_error=False, executor='parallel', parallel_workers=8, event_handlers=None, ignore_user_meta=False, metas=['./colcon.meta'], base_paths=['.'], packages_ignore=None, packages_ignore_regex=None, paths=None, packages_up_to=None, packages_up_to_regex=None, packages_above=None, packages_above_and_dependencies=None, packages_above_depth=None, packages_select_by_dep=None, packages_skip_by_dep=None, packages_skip_up_to=None, packages_select_build_failed=False, packages_skip_build_finished=False, packages_select_test_failures=False, packages_skip_test_passed=False, packages_select=['task3'], packages_skip=None, packages_select_regex=None, packages_skip_regex=None, packages_start=None, packages_end=None, allow_overriding=[], cmake_args=None, cmake_target=None, cmake_target_skip_unavailable=False, cmake_clean_cache=False, cmake_clean_first=False, cmake_force_configure=False, ament_cmake_args=None, catkin_cmake_args=None, catkin_skip_building_tests=False, verb_parser=<colcon_defaults.argument_parser.defaults.DefaultArgumentsDecorator object at 0x71081c87fd90>, verb_extension=<colcon_core.verb.build.BuildVerb object at 0x71081c9b09a0>, main=<bound method BuildVerb.main of <colcon_core.verb.build.BuildVerb object at 0x71081c9b09a0>>)
[0.526s] Level 1:colcon.colcon_core.package_discovery:discover_packages(colcon_meta) check parameters
[0.526s] Level 1:colcon.colcon_core.package_discovery:discover_packages(recursive) check parameters
[0.526s] Level 1:colcon.colcon_core.package_discovery:discover_packages(ignore) check parameters
[0.526s] Level 1:colcon.colcon_core.package_discovery:discover_packages(path) check parameters
[0.526s] Level 1:colcon.colcon_core.package_discovery:discover_packages(colcon_meta) discover
[0.526s] Level 1:colcon.colcon_core.package_discovery:discover_packages(recursive) discover
[0.526s] INFO:colcon.colcon_core.package_discovery:Crawling recursively for packages in '/home/sachinb/ros2_ws'
[0.526s] Level 1:colcon.colcon_core.package_identification:_identify(.) by extensions ['ignore', 'ignore_ament_install']
[0.526s] Level 1:colcon.colcon_core.package_identification:_identify(.) by extension 'ignore'
[0.527s] Level 1:colcon.colcon_core.package_identification:_identify(.) by extension 'ignore_ament_install'
[0.527s] Level 1:colcon.colcon_core.package_identification:_identify(.) by extensions ['colcon_pkg']
[0.527s] Level 1:colcon.colcon_core.package_identification:_identify(.) by extension 'colcon_pkg'
[0.527s] Level 1:colcon.colcon_core.package_identification:_identify(.) by extensions ['colcon_meta']
[0.527s] Level 1:colcon.colcon_core.package_identification:_identify(.) by extension 'colcon_meta'
[0.527s] Level 1:colcon.colcon_core.package_identification:_identify(.) by extensions ['ros']
[0.527s] Level 1:colcon.colcon_core.package_identification:_identify(.) by extension 'ros'
[0.544s] Level 1:colcon.colcon_core.package_identification:_identify(.) by extensions ['cmake', 'python']
[0.544s] Level 1:colcon.colcon_core.package_identification:_identify(.) by extension 'cmake'
[0.544s] Level 1:colcon.colcon_core.package_identification:_identify(.) by extension 'python'
[0.544s] Level 1:colcon.colcon_core.package_identification:_identify(.) by extensions ['python_setup_py']
[0.544s] Level 1:colcon.colcon_core.package_identification:_identify(.) by extension 'python_setup_py'
[0.544s] Level 1:colcon.colcon_core.package_identification:_identify(build) by extensions ['ignore', 'ignore_ament_install']
[0.544s] Level 1:colcon.colcon_core.package_identification:_identify(build) by extension 'ignore'
[0.545s] Level 1:colcon.colcon_core.package_identification:_identify(build) ignored
[0.545s] Level 1:colcon.colcon_core.package_identification:_identify(install) by extensions ['ignore', 'ignore_ament_install']
[0.545s] Level 1:colcon.colcon_core.package_identification:_identify(install) by extension 'ignore'
[0.545s] Level 1:colcon.colcon_core.package_identification:_identify(install) ignored
[0.545s] Level 1:colcon.colcon_core.package_identification:_identify(log) by extensions ['ignore', 'ignore_ament_install']
[0.545s] Level 1:colcon.colcon_core.package_identification:_identify(log) by extension 'ignore'
[0.545s] Level 1:colcon.colcon_core.package_identification:_identify(log) ignored
[0.545s] Level 1:colcon.colcon_core.package_identification:_identify(src) by extensions ['ignore', 'ignore_ament_install']
[0.545s] Level 1:colcon.colcon_core.package_identification:_identify(src) by extension 'ignore'
[0.546s] Level 1:colcon.colcon_core.package_identification:_identify(src) by extension 'ignore_ament_install'
[0.546s] Level 1:colcon.colcon_core.package_identification:_identify(src) by extensions ['colcon_pkg']
[0.546s] Level 1:colcon.colcon_core.package_identification:_identify(src) by extension 'colcon_pkg'
[0.546s] Level 1:colcon.colcon_core.package_identification:_identify(src) by extensions ['colcon_meta']
[0.546s] Level 1:colcon.colcon_core.package_identification:_identify(src) by extension 'colcon_meta'
[0.546s] Level 1:colcon.colcon_core.package_identification:_identify(src) by extensions ['ros']
[0.546s] Level 1:colcon.colcon_core.package_identification:_identify(src) by extension 'ros'
[0.546s] Level 1:colcon.colcon_core.package_identification:_identify(src) by extensions ['cmake', 'python']
[0.546s] Level 1:colcon.colcon_core.package_identification:_identify(src) by extension 'cmake'
[0.546s] Level 1:colcon.colcon_core.package_identification:_identify(src) by extension 'python'
[0.546s] Level 1:colcon.colcon_core.package_identification:_identify(src) by extensions ['python_setup_py']
[0.546s] Level 1:colcon.colcon_core.package_identification:_identify(src) by extension 'python_setup_py'
[0.546s] Level 1:colcon.colcon_core.package_identification:_identify(src/task1) by extensions ['ignore', 'ignore_ament_install']
[0.546s] Level 1:colcon.colcon_core.package_identification:_identify(src/task1) by extension 'ignore'
[0.547s] Level 1:colcon.colcon_core.package_identification:_identify(src/task1) by extension 'ignore_ament_install'
[0.547s] Level 1:colcon.colcon_core.package_identification:_identify(src/task1) by extensions ['colcon_pkg']
[0.547s] Level 1:colcon.colcon_core.package_identification:_identify(src/task1) by extension 'colcon_pkg'
[0.547s] Level 1:colcon.colcon_core.package_identification:_identify(src/task1) by extensions ['colcon_meta']
[0.547s] Level 1:colcon.colcon_core.package_identification:_identify(src/task1) by extension 'colcon_meta'
[0.547s] Level 1:colcon.colcon_core.package_identification:_identify(src/task1) by extensions ['ros']
[0.547s] Level 1:colcon.colcon_core.package_identification:_identify(src/task1) by extension 'ros'
[0.551s] DEBUG:colcon.colcon_core.package_identification:Package 'src/task1' with type 'ros.ament_python' and name 'task1'
[0.551s] Level 1:colcon.colcon_core.package_identification:_identify(src/task2) by extensions ['ignore', 'ignore_ament_install']
[0.551s] Level 1:colcon.colcon_core.package_identification:_identify(src/task2) by extension 'ignore'
[0.551s] Level 1:colcon.colcon_core.package_identification:_identify(src/task2) by extension 'ignore_ament_install'
[0.551s] Level 1:colcon.colcon_core.package_identification:_identify(src/task2) by extensions ['colcon_pkg']
[0.551s] Level 1:colcon.colcon_core.package_identification:_identify(src/task2) by extension 'colcon_pkg'
[0.552s] Level 1:colcon.colcon_core.package_identification:_identify(src/task2) by extensions ['colcon_meta']
[0.552s] Level 1:colcon.colcon_core.package_identification:_identify(src/task2) by extension 'colcon_meta'
[0.552s] Level 1:colcon.colcon_core.package_identification:_identify(src/task2) by extensions ['ros']
[0.552s] Level 1:colcon.colcon_core.package_identification:_identify(src/task2) by extension 'ros'
[0.553s] DEBUG:colcon.colcon_core.package_identification:Package 'src/task2' with type 'ros.ament_cmake' and name 'task2'
[0.553s] Level 1:colcon.colcon_core.package_identification:_identify(src/task3) by extensions ['ignore', 'ignore_ament_install']
[0.553s] Level 1:colcon.colcon_core.package_identification:_identify(src/task3) by extension 'ignore'
[0.553s] Level 1:colcon.colcon_core.package_identification:_identify(src/task3) by extension 'ignore_ament_install'
[0.553s] Level 1:colcon.colcon_core.package_identification:_identify(src/task3) by extensions ['colcon_pkg']
[0.553s] Level 1:colcon.colcon_core.package_identification:_identify(src/task3) by extension 'colcon_pkg'
[0.553s] Level 1:colcon.colcon_core.package_identification:_identify(src/task3) by extensions ['colcon_meta']
[0.553s] Level 1:colcon.colcon_core.package_identification:_identify(src/task3) by extension 'colcon_meta'
[0.554s] Level 1:colcon.colcon_core.package_identification:_identify(src/task3) by extensions ['ros']
[0.554s] Level 1:colcon.colcon_core.package_identification:_identify(src/task3) by extension 'ros'
[0.555s] DEBUG:colcon.colcon_core.package_identification:Package 'src/task3' with type 'ros.ament_cmake' and name 'task3'
[0.555s] Level 1:colcon.colcon_core.package_discovery:discover_packages(recursive) using defaults
[0.555s] Level 1:colcon.colcon_core.package_discovery:discover_packages(ignore) discover
[0.555s] Level 1:colcon.colcon_core.package_discovery:discover_packages(ignore) using defaults
[0.555s] Level 1:colcon.colcon_core.package_discovery:discover_packages(path) discover
[0.555s] Level 1:colcon.colcon_core.package_discovery:discover_packages(path) using defaults
[0.598s] INFO:colcon.colcon_core.package_selection:Skipping not selected package 'task1' in 'src/task1'
[0.598s] INFO:colcon.colcon_core.package_selection:Skipping not selected package 'task2' in 'src/task2'
[0.599s] Level 1:colcon.colcon_core.package_discovery:discover_packages(prefix_path) check parameters
[0.599s] Level 1:colcon.colcon_core.package_discovery:discover_packages(prefix_path) discover
[0.602s] DEBUG:colcon.colcon_installed_package_information.package_discovery:Found 3 installed packages in /home/sachinb/ros2_ws/install
[0.604s] DEBUG:colcon.colcon_installed_package_information.package_discovery:Found 285 installed packages in /opt/ros/humble
[0.606s] Level 1:colcon.colcon_core.package_discovery:discover_packages(prefix_path) using defaults
[0.659s] Level 5:colcon.colcon_core.verb:set package 'task3' build argument 'cmake_args' from command line to 'None'
[0.659s] Level 5:colcon.colcon_core.verb:set package 'task3' build argument 'cmake_target' from command line to 'None'
[0.659s] Level 5:colcon.colcon_core.verb:set package 'task3' build argument 'cmake_target_skip_unavailable' from command line to 'False'
[0.659s] Level 5:colcon.colcon_core.verb:set package 'task3' build argument 'cmake_clean_cache' from command line to 'False'
[0.659s] Level 5:colcon.colcon_core.verb:set package 'task3' build argument 'cmake_clean_first' from command line to 'False'
[0.659s] Level 5:colcon.colcon_core.verb:set package 'task3' build argument 'cmake_force_configure' from command line to 'False'
[0.659s] Level 5:colcon.colcon_core.verb:set package 'task3' build argument 'ament_cmake_args' from command line to 'None'
[0.659s] Level 5:colcon.colcon_core.verb:set package 'task3' build argument 'catkin_cmake_args' from command line to 'None'
[0.659s] Level 5:colcon.colcon_core.verb:set package 'task3' build argument 'catkin_skip_building_tests' from command line to 'False'
[0.659s] DEBUG:colcon.colcon_core.verb:Building package 'task3' with the following arguments: {'ament_cmake_args': None, 'build_base': '/home/sachinb/ros2_ws/build/task3', 'catkin_cmake_args': None, 'catkin_skip_building_tests': False, 'cmake_args': None, 'cmake_clean_cache': False, 'cmake_clean_first': False, 'cmake_force_configure': False, 'cmake_target': None, 'cmake_target_skip_unavailable': False, 'install_base': '/home/sachinb/ros2_ws/install/task3', 'merge_install': False, 'path': '/home/sachinb/ros2_ws/src/task3', 'symlink_install': False, 'test_result_base': None}
[0.660s] INFO:colcon.colcon_core.executor:Executing jobs using 'parallel' executor
[0.661s] DEBUG:colcon.colcon_parallel_executor.executor.parallel:run_until_complete
[0.661s] INFO:colcon.colcon_ros.task.ament_cmake.build:Building ROS package in '/home/sachinb/ros2_ws/src/task3' with build type 'ament_cmake'
[0.661s] INFO:colcon.colcon_cmake.task.cmake.build:Building CMake package in '/home/sachinb/ros2_ws/src/task3'
[0.665s] INFO:colcon.colcon_core.plugin_system:Skipping extension 'colcon_core.shell.bat': Not used on non-Windows systems
[0.665s] INFO:colcon.colcon_core.shell:Skip shell extension 'powershell' for command environment: Not usable outside of PowerShell
[0.665s] DEBUG:colcon.colcon_core.shell:Skip shell extension 'dsv' for command environment
[0.677s] DEBUG:colcon.colcon_core.event_handler.log_command:Invoking command in '/home/sachinb/ros2_ws/build/task3': CMAKE_PREFIX_PATH=${CMAKE_PREFIX_PATH}:/home/sachinb/ros2_ws/install/task1:/opt/ros/humble /usr/bin/cmake /home/sachinb/ros2_ws/src/task3 -DCMAKE_INSTALL_PREFIX=/home/sachinb/ros2_ws/install/task3
[2.355s] DEBUG:colcon.colcon_core.event_handler.log_command:Invoked command in '/home/sachinb/ros2_ws/build/task3' returned '0': CMAKE_PREFIX_PATH=${CMAKE_PREFIX_PATH}:/home/sachinb/ros2_ws/install/task1:/opt/ros/humble /usr/bin/cmake /home/sachinb/ros2_ws/src/task3 -DCMAKE_INSTALL_PREFIX=/home/sachinb/ros2_ws/install/task3
[2.357s] DEBUG:colcon.colcon_core.event_handler.log_command:Invoking command in '/home/sachinb/ros2_ws/build/task3': CMAKE_PREFIX_PATH=${CMAKE_PREFIX_PATH}:/home/sachinb/ros2_ws/install/task1:/opt/ros/humble /usr/bin/cmake --build /home/sachinb/ros2_ws/build/task3 -- -j8 -l8
[6.616s] DEBUG:colcon.colcon_core.event_handler.log_command:Invoked command in '/home/sachinb/ros2_ws/build/task3' returned '2': CMAKE_PREFIX_PATH=${CMAKE_PREFIX_PATH}:/home/sachinb/ros2_ws/install/task1:/opt/ros/humble /usr/bin/cmake --build /home/sachinb/ros2_ws/build/task3 -- -j8 -l8
[6.683s] Level 1:colcon.colcon_core.environment:create_environment_scripts_only(task3)
[6.689s] Level 1:colcon.colcon_core.environment:checking '/home/sachinb/ros2_ws/install/task3' for CMake module files
[6.690s] Level 1:colcon.colcon_core.environment:checking '/home/sachinb/ros2_ws/install/task3' for CMake config files
[6.691s] Level 1:colcon.colcon_core.shell:create_environment_hook('task3', 'cmake_prefix_path')
[6.691s] INFO:colcon.colcon_core.shell:Creating environment hook '/home/sachinb/ros2_ws/install/task3/share/task3/hook/cmake_prefix_path.ps1'
[6.692s] INFO:colcon.colcon_core.shell:Creating environment descriptor '/home/sachinb/ros2_ws/install/task3/share/task3/hook/cmake_prefix_path.dsv'
[6.693s] INFO:colcon.colcon_core.shell:Creating environment hook '/home/sachinb/ros2_ws/install/task3/share/task3/hook/cmake_prefix_path.sh'
[6.695s] Level 1:colcon.colcon_core.environment:checking '/home/sachinb/ros2_ws/install/task3/lib'
[6.695s] Level 1:colcon.colcon_core.shell:create_environment_hook('task3', 'ld_library_path_lib')
[6.696s] INFO:colcon.colcon_core.shell:Creating environment hook '/home/sachinb/ros2_ws/install/task3/share/task3/hook/ld_library_path_lib.ps1'
[6.696s] INFO:colcon.colcon_core.shell:Creating environment descriptor '/home/sachinb/ros2_ws/install/task3/share/task3/hook/ld_library_path_lib.dsv'
[6.697s] INFO:colcon.colcon_core.shell:Creating environment hook '/home/sachinb/ros2_ws/install/task3/share/task3/hook/ld_library_path_lib.sh'
[6.697s] Level 1:colcon.colcon_core.environment:checking '/home/sachinb/ros2_ws/install/task3/bin'
[6.698s] Level 1:colcon.colcon_core.environment:checking '/home/sachinb/ros2_ws/install/task3/lib/pkgconfig/task3.pc'
[6.698s] Level 1:colcon.colcon_core.environment:checking '/home/sachinb/ros2_ws/install/task3/lib/python3.10/site-packages'
[6.698s] Level 1:colcon.colcon_core.environment:checking '/home/sachinb/ros2_ws/install/task3/bin'
[6.699s] INFO:colcon.colcon_core.shell:Creating package script '/home/sachinb/ros2_ws/install/task3/share/task3/package.ps1'
[6.700s] INFO:colcon.colcon_core.shell:Creating package descriptor '/home/sachinb/ros2_ws/install/task3/share/task3/package.dsv'
[6.701s] INFO:colcon.colcon_core.shell:Creating package script '/home/sachinb/ros2_ws/install/task3/share/task3/package.sh'
[6.702s] INFO:colcon.colcon_core.shell:Creating package script '/home/sachinb/ros2_ws/install/task3/share/task3/package.bash'
[6.704s] INFO:colcon.colcon_core.shell:Creating package script '/home/sachinb/ros2_ws/install/task3/share/task3/package.zsh'
[6.705s] Level 1:colcon.colcon_core.environment:create_file_with_runtime_dependencies(/home/sachinb/ros2_ws/install/task3/share/colcon-core/packages/task3)
[6.715s] DEBUG:colcon.colcon_parallel_executor.executor.parallel:closing loop
[6.716s] DEBUG:colcon.colcon_parallel_executor.executor.parallel:loop closed
[6.716s] DEBUG:colcon.colcon_parallel_executor.executor.parallel:run_until_complete finished with '2'
[6.716s] DEBUG:colcon.colcon_core.event_reactor:joining thread
[6.727s] INFO:colcon.colcon_core.plugin_system:Skipping extension 'colcon_notification.desktop_notification.terminal_notifier': Not used on non-Darwin systems
[6.727s] INFO:colcon.colcon_core.plugin_system:Skipping extension 'colcon_notification.desktop_notification.win32': Not used on non-Windows systems
[6.727s] INFO:colcon.colcon_notification.desktop_notification:Sending desktop notification using 'notify2'
[6.740s] DEBUG:colcon.colcon_core.event_reactor:joined thread
[6.741s] INFO:colcon.colcon_core.shell:Creating prefix script '/home/sachinb/ros2_ws/install/local_setup.ps1'
[6.743s] INFO:colcon.colcon_core.shell:Creating prefix util module '/home/sachinb/ros2_ws/install/_local_setup_util_ps1.py'
[6.746s] INFO:colcon.colcon_core.shell:Creating prefix chain script '/home/sachinb/ros2_ws/install/setup.ps1'
[6.748s] INFO:colcon.colcon_core.shell:Creating prefix script '/home/sachinb/ros2_ws/install/local_setup.sh'
[6.749s] INFO:colcon.colcon_core.shell:Creating prefix util module '/home/sachinb/ros2_ws/install/_local_setup_util_sh.py'
[6.750s] INFO:colcon.colcon_core.shell:Creating prefix chain script '/home/sachinb/ros2_ws/install/setup.sh'
[6.752s] INFO:colcon.colcon_core.shell:Creating prefix script '/home/sachinb/ros2_ws/install/local_setup.bash'
[6.753s] INFO:colcon.colcon_core.shell:Creating prefix chain script '/home/sachinb/ros2_ws/install/setup.bash'
[6.754s] INFO:colcon.colcon_core.shell:Creating prefix script '/home/sachinb/ros2_ws/install/local_setup.zsh'
[6.755s] INFO:colcon.colcon_core.shell:Creating prefix chain script '/home/sachinb/ros2_ws/install/setup.zsh'
