[0.212s] Invoking command in '/home/sachinb/ros2_ws/build/task2': CMAKE_PREFIX_PATH=${CMAKE_PREFIX_PATH}:/home/sachinb/ros2_ws/install/task1:/opt/ros/humble /usr/bin/cmake /home/sachinb/ros2_ws/src/task2 -DAMENT_CMAKE_SYMLINK_INSTALL=1 -DCMAKE_INSTALL_PREFIX=/home/sachinb/ros2_ws/install/task2
[0.222s] -- Found ament_cmake: 1.3.10 (/opt/ros/humble/share/ament_cmake/cmake)
[0.323s] -- Override CMake install command with custom implementation using symlinks instead of copying resources
[0.329s] -- Found rclcpp: 16.0.10 (/opt/ros/humble/share/rclcpp/cmake)
[0.358s] -- Found rosidl_generator_c: 3.1.5 (/opt/ros/humble/share/rosidl_generator_c/cmake)
[0.360s] -- Found rosidl_adapter: 3.1.5 (/opt/ros/humble/share/rosidl_adapter/cmake)
[0.364s] -- Found rosidl_generator_cpp: 3.1.5 (/opt/ros/humble/share/rosidl_generator_cpp/cmake)
[0.372s] -- Using all available rosidl_typesupport_c: rosidl_typesupport_fastrtps_c;rosidl_typesupport_introspection_c
[0.383s] -- Using all available rosidl_typesupport_cpp: rosidl_typesupport_fastrtps_cpp;rosidl_typesupport_introspection_cpp
[0.410s] -- Found rmw_implementation_cmake: 6.1.2 (/opt/ros/humble/share/rmw_implementation_cmake/cmake)
[0.411s] -- Found rmw_fastrtps_cpp: 6.2.7 (/opt/ros/humble/share/rmw_fastrtps_cpp/cmake)
[0.490s] -- Using RMW implementation 'rmw_fastrtps_cpp' as default
[0.534s] -- Found sensor_msgs: 4.2.4 (/opt/ros/humble/share/sensor_msgs/cmake)
[0.561s] -- Found ament_lint_auto: 0.12.11 (/opt/ros/humble/share/ament_lint_auto/cmake)
[0.632s] -- Added test 'cppcheck' to perform static code analysis on C / C++ code
[0.632s] -- Configured cppcheck include dirs: 
[0.632s] -- Configured cppcheck exclude dirs and/or files: 
[0.633s] -- Added test 'lint_cmake' to check CMake code style
[0.633s] -- Added test 'uncrustify' to check C / C++ code style
[0.633s] -- Configured uncrustify additional arguments: 
[0.634s] -- Added test 'xmllint' to check XML markup files
[0.634s] -- Configuring done
[0.642s] -- Generating done
[0.643s] -- Build files have been written to: /home/sachinb/ros2_ws/build/task2
[0.649s] Invoked command in '/home/sachinb/ros2_ws/build/task2' returned '0': CMAKE_PREFIX_PATH=${CMAKE_PREFIX_PATH}:/home/sachinb/ros2_ws/install/task1:/opt/ros/humble /usr/bin/cmake /home/sachinb/ros2_ws/src/task2 -DAMENT_CMAKE_SYMLINK_INSTALL=1 -DCMAKE_INSTALL_PREFIX=/home/sachinb/ros2_ws/install/task2
[0.650s] Invoking command in '/home/sachinb/ros2_ws/build/task2': CMAKE_PREFIX_PATH=${CMAKE_PREFIX_PATH}:/home/sachinb/ros2_ws/install/task1:/opt/ros/humble /usr/bin/cmake --build /home/sachinb/ros2_ws/build/task2 -- -j8 -l8
[0.679s] [35m[1mConsolidate compiler generated dependencies of target node1[0m
[0.691s] [100%] Built target node1
[0.700s] Invoked command in '/home/sachinb/ros2_ws/build/task2' returned '0': CMAKE_PREFIX_PATH=${CMAKE_PREFIX_PATH}:/home/sachinb/ros2_ws/install/task1:/opt/ros/humble /usr/bin/cmake --build /home/sachinb/ros2_ws/build/task2 -- -j8 -l8
[0.716s] Invoking command in '/home/sachinb/ros2_ws/build/task2': CMAKE_PREFIX_PATH=${CMAKE_PREFIX_PATH}:/home/sachinb/ros2_ws/install/task1:/opt/ros/humble /usr/bin/cmake --install /home/sachinb/ros2_ws/build/task2
[0.722s] -- Install configuration: ""
[0.723s] -- Execute custom install script
[0.723s] -- Up-to-date symlink: /home/sachinb/ros2_ws/install/task2/lib/task2/node1
[0.723s] -- Up-to-date symlink: /home/sachinb/ros2_ws/install/task2/share/ament_index/resource_index/package_run_dependencies/task2
[0.723s] -- Up-to-date symlink: /home/sachinb/ros2_ws/install/task2/share/ament_index/resource_index/parent_prefix_path/task2
[0.723s] -- Up-to-date symlink: /home/sachinb/ros2_ws/install/task2/share/task2/environment/ament_prefix_path.sh
[0.724s] -- Up-to-date symlink: /home/sachinb/ros2_ws/install/task2/share/task2/environment/ament_prefix_path.dsv
[0.724s] -- Up-to-date symlink: /home/sachinb/ros2_ws/install/task2/share/task2/environment/path.sh
[0.724s] -- Up-to-date symlink: /home/sachinb/ros2_ws/install/task2/share/task2/environment/path.dsv
[0.724s] -- Up-to-date symlink: /home/sachinb/ros2_ws/install/task2/share/task2/local_setup.bash
[0.724s] -- Up-to-date symlink: /home/sachinb/ros2_ws/install/task2/share/task2/local_setup.sh
[0.725s] -- Up-to-date symlink: /home/sachinb/ros2_ws/install/task2/share/task2/local_setup.zsh
[0.725s] -- Up-to-date symlink: /home/sachinb/ros2_ws/install/task2/share/task2/local_setup.dsv
[0.725s] -- Symlinking: /home/sachinb/ros2_ws/install/task2/share/task2/package.dsv
[0.732s] -- Up-to-date symlink: /home/sachinb/ros2_ws/install/task2/share/ament_index/resource_index/packages/task2
[0.732s] -- Up-to-date symlink: /home/sachinb/ros2_ws/install/task2/share/task2/cmake/task2Config.cmake
[0.732s] -- Up-to-date symlink: /home/sachinb/ros2_ws/install/task2/share/task2/cmake/task2Config-version.cmake
[0.732s] -- Up-to-date symlink: /home/sachinb/ros2_ws/install/task2/share/task2/package.xml
[0.734s] Invoked command in '/home/sachinb/ros2_ws/build/task2' returned '0': CMAKE_PREFIX_PATH=${CMAKE_PREFIX_PATH}:/home/sachinb/ros2_ws/install/task1:/opt/ros/humble /usr/bin/cmake --install /home/sachinb/ros2_ws/build/task2
