-- Found ament_cmake: 1.3.10 (/opt/ros/humble/share/ament_cmake/cmake)
-- Override CMake install command with custom implementation using symlinks instead of copying resources
-- Found rclcpp: 16.0.10 (/opt/ros/humble/share/rclcpp/cmake)
-- Found rosidl_generator_c: 3.1.5 (/opt/ros/humble/share/rosidl_generator_c/cmake)
-- Found rosidl_adapter: 3.1.5 (/opt/ros/humble/share/rosidl_adapter/cmake)
-- Found rosidl_generator_cpp: 3.1.5 (/opt/ros/humble/share/rosidl_generator_cpp/cmake)
-- Using all available rosidl_typesupport_c: rosidl_typesupport_fastrtps_c;rosidl_typesupport_introspection_c
-- Using all available rosidl_typesupport_cpp: rosidl_typesupport_fastrtps_cpp;rosidl_typesupport_introspection_cpp
-- Found rmw_implementation_cmake: 6.1.2 (/opt/ros/humble/share/rmw_implementation_cmake/cmake)
-- Found rmw_fastrtps_cpp: 6.2.7 (/opt/ros/humble/share/rmw_fastrtps_cpp/cmake)
-- Using RMW implementation 'rmw_fastrtps_cpp' as default
-- Found geometry_msgs: 4.2.4 (/opt/ros/humble/share/geometry_msgs/cmake)
-- Found rosidl_default_generators: 1.2.0 (/opt/ros/humble/share/rosidl_default_generators/cmake)
-- Found ament_cmake_ros: 0.10.0 (/opt/ros/humble/share/ament_cmake_ros/cmake)
-- Using all available rosidl_typesupport_c: rosidl_typesupport_fastrtps_c;rosidl_typesupport_introspection_c
-- Using all available rosidl_typesupport_cpp: rosidl_typesupport_fastrtps_cpp;rosidl_typesupport_introspection_cpp
-- Found python_cmake_module: 0.10.0 (/opt/ros/humble/share/python_cmake_module/cmake)
-- Using PYTHON_EXECUTABLE: /usr/bin/python3
-- Using PYTHON_INCLUDE_DIRS: /usr/include/python3.10
-- Using PYTHON_LIBRARIES: /usr/lib/x86_64-linux-gnu/libpython3.10.so
-- Found ament_lint_auto: 0.12.11 (/opt/ros/humble/share/ament_lint_auto/cmake)
-- Added test 'cppcheck' to perform static code analysis on C / C++ code
-- Configured cppcheck include dirs: 
-- Configured cppcheck exclude dirs and/or files: 
-- Added test 'lint_cmake' to check CMake code style
-- Added test 'uncrustify' to check C / C++ code style
-- Configured uncrustify additional arguments: 
-- Added test 'xmllint' to check XML markup files
-- Configuring done
-- Generating done
-- Build files have been written to: /home/sachinb/ros2_ws/build/task3
[35m[1mConsolidate compiler generated dependencies of target task3__rosidl_generator_c[0m
[  3%] Built target task3__cpp
[ 12%] Built target task3__rosidl_generator_c
[ 12%] Built target ament_cmake_python_symlink_task3
[ 16%] [34m[1mGenerating C++ type support dispatch for ROS interfaces[0m
[ 19%] [34m[1mGenerating C++ introspection for ROS interfaces[0m
[ 22%] [34m[1mGenerating C type support for eProsima Fast-RTPS[0m
[ 29%] [34m[1mGenerating C type support dispatch for ROS interfaces[0m
[ 25%] [34m[1mGenerating C introspection for ROS interfaces[0m
[ 32%] [34m[1mGenerating C++ type support for eProsima Fast-RTPS[0m
[ 35%] [32mBuilding CXX object CMakeFiles/task3__rosidl_typesupport_introspection_cpp.dir/rosidl_typesupport_introspection_cpp/task3/srv/detail/custom_service__type_support.cpp.o[0m
[ 38%] [32mBuilding CXX object CMakeFiles/task3__rosidl_typesupport_cpp.dir/rosidl_typesupport_cpp/task3/srv/custom_service__type_support.cpp.o[0m
[ 41%] [32mBuilding CXX object CMakeFiles/task3__rosidl_typesupport_c.dir/rosidl_typesupport_c/task3/srv/custom_service__type_support.cpp.o[0m
running egg_info
writing task3.egg-info/PKG-INFO
writing dependency_links to task3.egg-info/dependency_links.txt
writing top-level names to task3.egg-info/top_level.txt
reading manifest file 'task3.egg-info/SOURCES.txt'
writing manifest file 'task3.egg-info/SOURCES.txt'
[ 45%] [32m[1mLinking CXX shared library libtask3__rosidl_typesupport_c.so[0m
[ 48%] [32mBuilding C object CMakeFiles/task3__rosidl_typesupport_introspection_c.dir/rosidl_typesupport_introspection_c/task3/srv/detail/custom_service__type_support.c.o[0m
[ 51%] [32mBuilding CXX object CMakeFiles/task3__rosidl_typesupport_fastrtps_cpp.dir/rosidl_typesupport_fastrtps_cpp/task3/srv/detail/dds_fastrtps/custom_service__type_support.cpp.o[0m
[ 54%] [32mBuilding CXX object CMakeFiles/task3__rosidl_typesupport_fastrtps_c.dir/rosidl_typesupport_fastrtps_c/task3/srv/detail/custom_service__type_support_c.cpp.o[0m
[ 54%] Built target ament_cmake_python_build_task3_egg
[ 58%] [32m[1mLinking C shared library libtask3__rosidl_typesupport_introspection_c.so[0m
[ 58%] Built target task3__rosidl_typesupport_c
[ 58%] Built target task3__rosidl_typesupport_introspection_c
[ 61%] [32m[1mLinking CXX shared library libtask3__rosidl_typesupport_cpp.so[0m
[ 61%] Built target task3__rosidl_typesupport_cpp
[ 64%] [32m[1mLinking CXX shared library libtask3__rosidl_typesupport_introspection_cpp.so[0m
[ 64%] Built target task3__rosidl_typesupport_introspection_cpp
[ 67%] [32m[1mLinking CXX shared library libtask3__rosidl_typesupport_fastrtps_c.so[0m
[ 70%] [32m[1mLinking CXX shared library libtask3__rosidl_typesupport_fastrtps_cpp.so[0m
[ 70%] Built target task3__rosidl_typesupport_fastrtps_c
[ 70%] Built target task3__rosidl_typesupport_fastrtps_cpp
[ 70%] Built target task3
[ 74%] [34m[1mGenerating Python code for ROS interfaces[0m
[ 74%] Built target task3__py
[ 77%] [32mBuilding C object CMakeFiles/task3__rosidl_generator_py.dir/rosidl_generator_py/task3/srv/_custom_service_s.c.o[0m
[ 80%] [32m[1mLinking C shared library rosidl_generator_py/task3/libtask3__rosidl_generator_py.so[0m
[ 80%] Built target task3__rosidl_generator_py
[ 90%] [32mBuilding C object CMakeFiles/task3__rosidl_typesupport_fastrtps_c__pyext.dir/rosidl_generator_py/task3/_task3_s.ep.rosidl_typesupport_fastrtps_c.c.o[0m
[ 90%] [32mBuilding C object CMakeFiles/task3__rosidl_typesupport_c__pyext.dir/rosidl_generator_py/task3/_task3_s.ep.rosidl_typesupport_c.c.o[0m
[ 90%] [32mBuilding C object CMakeFiles/task3__rosidl_typesupport_introspection_c__pyext.dir/rosidl_generator_py/task3/_task3_s.ep.rosidl_typesupport_introspection_c.c.o[0m
[ 96%] [32m[1mLinking C shared library rosidl_generator_py/task3/task3_s__rosidl_typesupport_introspection_c.cpython-310-x86_64-linux-gnu.so[0m
[ 96%] [32m[1mLinking C shared library rosidl_generator_py/task3/task3_s__rosidl_typesupport_c.cpython-310-x86_64-linux-gnu.so[0m
[100%] [32m[1mLinking C shared library rosidl_generator_py/task3/task3_s__rosidl_typesupport_fastrtps_c.cpython-310-x86_64-linux-gnu.so[0m
[100%] Built target task3__rosidl_typesupport_introspection_c__pyext
[100%] Built target task3__rosidl_typesupport_c__pyext
[100%] Built target task3__rosidl_typesupport_fastrtps_c__pyext
-- Install configuration: ""
-- Execute custom install script
-- Symlinking: /home/sachinb/ros2_ws/install/task3/share/ament_index/resource_index/rosidl_interfaces/task3
-- Symlinking: /home/sachinb/ros2_ws/install/task3/include/task3/task3/msg/rosidl_generator_c__visibility_control.h
-- Symlinking: /home/sachinb/ros2_ws/install/task3/include/task3/task3/srv/custom_service.h
-- Symlinking: /home/sachinb/ros2_ws/install/task3/include/task3/task3/srv/detail/custom_service__functions.h
-- Symlinking: /home/sachinb/ros2_ws/install/task3/include/task3/task3/srv/detail/custom_service__struct.h
-- Symlinking: /home/sachinb/ros2_ws/install/task3/include/task3/task3/srv/detail/custom_service__type_support.h
-- Symlinking: /home/sachinb/ros2_ws/install/task3/share/task3/environment/library_path.sh
-- Symlinking: /home/sachinb/ros2_ws/install/task3/share/task3/environment/library_path.dsv
-- Symlinking: /home/sachinb/ros2_ws/install/task3/include/task3/task3/msg/rosidl_typesupport_fastrtps_c__visibility_control.h
-- Symlinking: /home/sachinb/ros2_ws/install/task3/include/task3/task3/srv/detail/custom_service__rosidl_typesupport_fastrtps_c.h
-- Symlinking: /home/sachinb/ros2_ws/install/task3/include/task3/task3/srv/custom_service.hpp
-- Symlinking: /home/sachinb/ros2_ws/install/task3/include/task3/task3/srv/detail/custom_service__builder.hpp
-- Symlinking: /home/sachinb/ros2_ws/install/task3/include/task3/task3/srv/detail/custom_service__struct.hpp
-- Symlinking: /home/sachinb/ros2_ws/install/task3/include/task3/task3/srv/detail/custom_service__traits.hpp
-- Symlinking: /home/sachinb/ros2_ws/install/task3/include/task3/task3/msg/rosidl_typesupport_fastrtps_cpp__visibility_control.h
-- Symlinking: /home/sachinb/ros2_ws/install/task3/include/task3/task3/srv/detail/custom_service__rosidl_typesupport_fastrtps_cpp.hpp
-- Symlinking: /home/sachinb/ros2_ws/install/task3/include/task3/task3/msg/rosidl_typesupport_introspection_c__visibility_control.h
-- Symlinking: /home/sachinb/ros2_ws/install/task3/include/task3/task3/srv/detail/custom_service__rosidl_typesupport_introspection_c.h
-- Symlinking: /home/sachinb/ros2_ws/install/task3/include/task3/task3/srv/detail/custom_service__rosidl_typesupport_introspection_cpp.hpp
-- Symlinking: /home/sachinb/ros2_ws/install/task3/share/task3/environment/pythonpath.sh
-- Symlinking: /home/sachinb/ros2_ws/install/task3/share/task3/environment/pythonpath.dsv
-- Symlinking: /home/sachinb/ros2_ws/install/task3/local/lib/python3.10/dist-packages/task3-0.0.0-py3.10.egg-info/PKG-INFO
-- Symlinking: /home/sachinb/ros2_ws/install/task3/local/lib/python3.10/dist-packages/task3-0.0.0-py3.10.egg-info/SOURCES.txt
-- Symlinking: /home/sachinb/ros2_ws/install/task3/local/lib/python3.10/dist-packages/task3-0.0.0-py3.10.egg-info/dependency_links.txt
-- Symlinking: /home/sachinb/ros2_ws/install/task3/local/lib/python3.10/dist-packages/task3-0.0.0-py3.10.egg-info/top_level.txt
-- Symlinking: /home/sachinb/ros2_ws/install/task3/local/lib/python3.10/dist-packages/task3/__init__.py
-- Symlinking: /home/sachinb/ros2_ws/install/task3/local/lib/python3.10/dist-packages/task3/_task3_s.ep.rosidl_typesupport_c.c
-- Symlinking: /home/sachinb/ros2_ws/install/task3/local/lib/python3.10/dist-packages/task3/_task3_s.ep.rosidl_typesupport_fastrtps_c.c
-- Symlinking: /home/sachinb/ros2_ws/install/task3/local/lib/python3.10/dist-packages/task3/_task3_s.ep.rosidl_typesupport_introspection_c.c
-- Symlinking: /home/sachinb/ros2_ws/install/task3/local/lib/python3.10/dist-packages/task3/libtask3__rosidl_generator_py.so
-- Symlinking: /home/sachinb/ros2_ws/install/task3/local/lib/python3.10/dist-packages/task3/srv/__init__.py
-- Symlinking: /home/sachinb/ros2_ws/install/task3/local/lib/python3.10/dist-packages/task3/srv/_custom_service.py
-- Symlinking: /home/sachinb/ros2_ws/install/task3/local/lib/python3.10/dist-packages/task3/srv/_custom_service_s.c
-- Symlinking: /home/sachinb/ros2_ws/install/task3/local/lib/python3.10/dist-packages/task3/task3_s__rosidl_typesupport_c.cpython-310-x86_64-linux-gnu.so
-- Symlinking: /home/sachinb/ros2_ws/install/task3/local/lib/python3.10/dist-packages/task3/task3_s__rosidl_typesupport_fastrtps_c.cpython-310-x86_64-linux-gnu.so
-- Symlinking: /home/sachinb/ros2_ws/install/task3/local/lib/python3.10/dist-packages/task3/task3_s__rosidl_typesupport_introspection_c.cpython-310-x86_64-linux-gnu.so
-- Up-to-date symlink: /home/sachinb/ros2_ws/install/task3/local/lib/python3.10/dist-packages/task3/task3_s__rosidl_typesupport_fastrtps_c.cpython-310-x86_64-linux-gnu.so
-- Up-to-date symlink: /home/sachinb/ros2_ws/install/task3/local/lib/python3.10/dist-packages/task3/task3_s__rosidl_typesupport_introspection_c.cpython-310-x86_64-linux-gnu.so
-- Up-to-date symlink: /home/sachinb/ros2_ws/install/task3/local/lib/python3.10/dist-packages/task3/task3_s__rosidl_typesupport_c.cpython-310-x86_64-linux-gnu.so
-- Symlinking: /home/sachinb/ros2_ws/install/task3/share/task3/srv/CustomService.idl
-- Symlinking: /home/sachinb/ros2_ws/install/task3/share/task3/srv/CustomService.srv
-- Symlinking: /home/sachinb/ros2_ws/install/task3/share/task3/srv/CustomService_Request.msg
-- Symlinking: /home/sachinb/ros2_ws/install/task3/share/task3/srv/CustomService_Response.msg
-- Up-to-date symlink: /home/sachinb/ros2_ws/install/task3/share/ament_index/resource_index/package_run_dependencies/task3
-- Up-to-date symlink: /home/sachinb/ros2_ws/install/task3/share/ament_index/resource_index/parent_prefix_path/task3
-- Up-to-date symlink: /home/sachinb/ros2_ws/install/task3/share/task3/environment/ament_prefix_path.sh
-- Up-to-date symlink: /home/sachinb/ros2_ws/install/task3/share/task3/environment/ament_prefix_path.dsv
-- Up-to-date symlink: /home/sachinb/ros2_ws/install/task3/share/task3/environment/path.sh
-- Up-to-date symlink: /home/sachinb/ros2_ws/install/task3/share/task3/environment/path.dsv
-- Up-to-date symlink: /home/sachinb/ros2_ws/install/task3/share/task3/local_setup.bash
-- Up-to-date symlink: /home/sachinb/ros2_ws/install/task3/share/task3/local_setup.sh
-- Up-to-date symlink: /home/sachinb/ros2_ws/install/task3/share/task3/local_setup.zsh
-- Up-to-date symlink: /home/sachinb/ros2_ws/install/task3/share/task3/local_setup.dsv
-- Symlinking: /home/sachinb/ros2_ws/install/task3/share/task3/package.dsv
-- Up-to-date symlink: /home/sachinb/ros2_ws/install/task3/share/ament_index/resource_index/packages/task3
-- Symlinking: /home/sachinb/ros2_ws/install/task3/share/task3/cmake/rosidl_cmake-extras.cmake
-- Symlinking: /home/sachinb/ros2_ws/install/task3/share/task3/cmake/ament_cmake_export_include_directories-extras.cmake
-- Symlinking: /home/sachinb/ros2_ws/install/task3/share/task3/cmake/ament_cmake_export_libraries-extras.cmake
-- Symlinking: /home/sachinb/ros2_ws/install/task3/share/task3/cmake/ament_cmake_export_targets-extras.cmake
-- Symlinking: /home/sachinb/ros2_ws/install/task3/share/task3/cmake/rosidl_cmake_export_typesupport_targets-extras.cmake
-- Symlinking: /home/sachinb/ros2_ws/install/task3/share/task3/cmake/ament_cmake_export_dependencies-extras.cmake
-- Symlinking: /home/sachinb/ros2_ws/install/task3/share/task3/cmake/rosidl_cmake_export_typesupport_libraries-extras.cmake
-- Up-to-date symlink: /home/sachinb/ros2_ws/install/task3/share/task3/cmake/task3Config.cmake
-- Up-to-date symlink: /home/sachinb/ros2_ws/install/task3/share/task3/cmake/task3Config-version.cmake
-- Up-to-date symlink: /home/sachinb/ros2_ws/install/task3/share/task3/package.xml
-- Installing: /home/sachinb/ros2_ws/install/task3/lib/libtask3__rosidl_generator_c.so
-- Set runtime path of "/home/sachinb/ros2_ws/install/task3/lib/libtask3__rosidl_generator_c.so" to ""
-- Installing: /home/sachinb/ros2_ws/install/task3/lib/libtask3__rosidl_typesupport_fastrtps_c.so
-- Set runtime path of "/home/sachinb/ros2_ws/install/task3/lib/libtask3__rosidl_typesupport_fastrtps_c.so" to ""
-- Installing: /home/sachinb/ros2_ws/install/task3/lib/libtask3__rosidl_typesupport_fastrtps_cpp.so
-- Set runtime path of "/home/sachinb/ros2_ws/install/task3/lib/libtask3__rosidl_typesupport_fastrtps_cpp.so" to ""
-- Installing: /home/sachinb/ros2_ws/install/task3/lib/libtask3__rosidl_typesupport_introspection_c.so
-- Set runtime path of "/home/sachinb/ros2_ws/install/task3/lib/libtask3__rosidl_typesupport_introspection_c.so" to ""
-- Installing: /home/sachinb/ros2_ws/install/task3/lib/libtask3__rosidl_typesupport_c.so
-- Set runtime path of "/home/sachinb/ros2_ws/install/task3/lib/libtask3__rosidl_typesupport_c.so" to ""
-- Installing: /home/sachinb/ros2_ws/install/task3/lib/libtask3__rosidl_typesupport_introspection_cpp.so
-- Set runtime path of "/home/sachinb/ros2_ws/install/task3/lib/libtask3__rosidl_typesupport_introspection_cpp.so" to ""
-- Installing: /home/sachinb/ros2_ws/install/task3/lib/libtask3__rosidl_typesupport_cpp.so
-- Set runtime path of "/home/sachinb/ros2_ws/install/task3/lib/libtask3__rosidl_typesupport_cpp.so" to ""
Listing '/home/sachinb/ros2_ws/install/task3/local/lib/python3.10/dist-packages/task3'...
Compiling '/home/sachinb/ros2_ws/install/task3/local/lib/python3.10/dist-packages/task3/__init__.py'...
Listing '/home/sachinb/ros2_ws/install/task3/local/lib/python3.10/dist-packages/task3/srv'...
Compiling '/home/sachinb/ros2_ws/install/task3/local/lib/python3.10/dist-packages/task3/srv/__init__.py'...
Compiling '/home/sachinb/ros2_ws/install/task3/local/lib/python3.10/dist-packages/task3/srv/_custom_service.py'...
-- Installing: /home/sachinb/ros2_ws/install/task3/lib/libtask3__rosidl_generator_py.so
-- Set runtime path of "/home/sachinb/ros2_ws/install/task3/lib/libtask3__rosidl_generator_py.so" to ""
-- Installing: /home/sachinb/ros2_ws/install/task3/share/task3/cmake/export_task3__rosidl_generator_cExport.cmake
-- Installing: /home/sachinb/ros2_ws/install/task3/share/task3/cmake/export_task3__rosidl_generator_cExport-noconfig.cmake
-- Installing: /home/sachinb/ros2_ws/install/task3/share/task3/cmake/export_task3__rosidl_typesupport_fastrtps_cExport.cmake
-- Installing: /home/sachinb/ros2_ws/install/task3/share/task3/cmake/export_task3__rosidl_typesupport_fastrtps_cExport-noconfig.cmake
-- Installing: /home/sachinb/ros2_ws/install/task3/share/task3/cmake/export_task3__rosidl_generator_cppExport.cmake
-- Installing: /home/sachinb/ros2_ws/install/task3/share/task3/cmake/export_task3__rosidl_typesupport_fastrtps_cppExport.cmake
-- Installing: /home/sachinb/ros2_ws/install/task3/share/task3/cmake/export_task3__rosidl_typesupport_fastrtps_cppExport-noconfig.cmake
-- Installing: /home/sachinb/ros2_ws/install/task3/share/task3/cmake/task3__rosidl_typesupport_introspection_cExport.cmake
-- Installing: /home/sachinb/ros2_ws/install/task3/share/task3/cmake/task3__rosidl_typesupport_introspection_cExport-noconfig.cmake
-- Installing: /home/sachinb/ros2_ws/install/task3/share/task3/cmake/task3__rosidl_typesupport_cExport.cmake
-- Installing: /home/sachinb/ros2_ws/install/task3/share/task3/cmake/task3__rosidl_typesupport_cExport-noconfig.cmake
-- Installing: /home/sachinb/ros2_ws/install/task3/share/task3/cmake/task3__rosidl_typesupport_introspection_cppExport.cmake
-- Installing: /home/sachinb/ros2_ws/install/task3/share/task3/cmake/task3__rosidl_typesupport_introspection_cppExport-noconfig.cmake
-- Installing: /home/sachinb/ros2_ws/install/task3/share/task3/cmake/task3__rosidl_typesupport_cppExport.cmake
-- Installing: /home/sachinb/ros2_ws/install/task3/share/task3/cmake/task3__rosidl_typesupport_cppExport-noconfig.cmake
-- Installing: /home/sachinb/ros2_ws/install/task3/share/task3/cmake/export_task3__rosidl_generator_pyExport.cmake
-- Installing: /home/sachinb/ros2_ws/install/task3/share/task3/cmake/export_task3__rosidl_generator_pyExport-noconfig.cmake
