[0.014s] Invoking command in '/home/sachinb/ros2_ws/build/task3': CMAKE_PREFIX_PATH=${CMAKE_PREFIX_PATH}:/home/sachinb/ros2_ws/install/task1:/opt/ros/humble /usr/bin/cmake --build /home/sachinb/ros2_ws/build/task3 -- -j8 -l8
[0.045s] -- Found ament_cmake: 1.3.10 (/opt/ros/humble/share/ament_cmake/cmake)
[0.196s] -- Override CMake install command with custom implementation using symlinks instead of copying resources
[0.206s] -- Found rclcpp: 16.0.10 (/opt/ros/humble/share/rclcpp/cmake)
[0.245s] -- Found rosidl_generator_c: 3.1.5 (/opt/ros/humble/share/rosidl_generator_c/cmake)
[0.248s] -- Found rosidl_adapter: 3.1.5 (/opt/ros/humble/share/rosidl_adapter/cmake)
[0.256s] -- Found rosidl_generator_cpp: 3.1.5 (/opt/ros/humble/share/rosidl_generator_cpp/cmake)
[0.269s] -- Using all available rosidl_typesupport_c: rosidl_typesupport_fastrtps_c;rosidl_typesupport_introspection_c
[0.286s] -- Using all available rosidl_typesupport_cpp: rosidl_typesupport_fastrtps_cpp;rosidl_typesupport_introspection_cpp
[0.331s] -- Found rmw_implementation_cmake: 6.1.2 (/opt/ros/humble/share/rmw_implementation_cmake/cmake)
[0.333s] -- Found rmw_fastrtps_cpp: 6.2.7 (/opt/ros/humble/share/rmw_fastrtps_cpp/cmake)
[0.462s] -- Using RMW implementation 'rmw_fastrtps_cpp' as default
[0.530s] -- Found geometry_msgs: 4.2.4 (/opt/ros/humble/share/geometry_msgs/cmake)
[0.548s] -- Found rosidl_default_generators: 1.2.0 (/opt/ros/humble/share/rosidl_default_generators/cmake)
[0.877s] -- Found ament_cmake_ros: 0.10.0 (/opt/ros/humble/share/ament_cmake_ros/cmake)
[1.260s] -- Using all available rosidl_typesupport_c: rosidl_typesupport_fastrtps_c;rosidl_typesupport_introspection_c
[1.413s] -- Using all available rosidl_typesupport_cpp: rosidl_typesupport_fastrtps_cpp;rosidl_typesupport_introspection_cpp
[1.443s] -- Found python_cmake_module: 0.10.0 (/opt/ros/humble/share/python_cmake_module/cmake)
[1.473s] -- Using PYTHON_EXECUTABLE: /usr/bin/python3
[1.473s] -- Using PYTHON_INCLUDE_DIRS: /usr/include/python3.10
[1.473s] -- Using PYTHON_LIBRARIES: /usr/lib/x86_64-linux-gnu/libpython3.10.so
[1.489s] -- Found ament_lint_auto: 0.12.11 (/opt/ros/humble/share/ament_lint_auto/cmake)
[1.503s] -- Added test 'cppcheck' to perform static code analysis on C / C++ code
[1.504s] -- Configured cppcheck include dirs: 
[1.504s] -- Configured cppcheck exclude dirs and/or files: 
[1.504s] -- Added test 'lint_cmake' to check CMake code style
[1.506s] -- Added test 'uncrustify' to check C / C++ code style
[1.506s] -- Configured uncrustify additional arguments: 
[1.506s] -- Added test 'xmllint' to check XML markup files
[1.510s] -- Configuring done
[1.546s] -- Generating done
[1.550s] -- Build files have been written to: /home/sachinb/ros2_ws/build/task3
[1.580s] [35m[1mConsolidate compiler generated dependencies of target task3__rosidl_generator_c[0m
[1.592s] [  3%] Built target task3__cpp
[1.594s] [ 12%] Built target task3__rosidl_generator_c
[1.607s] [ 12%] Built target ament_cmake_python_symlink_task3
[1.609s] [ 16%] [34m[1mGenerating C++ type support dispatch for ROS interfaces[0m
[1.609s] [ 19%] [34m[1mGenerating C++ introspection for ROS interfaces[0m
[1.609s] [ 22%] [34m[1mGenerating C type support for eProsima Fast-RTPS[0m
[1.610s] [ 29%] [34m[1mGenerating C type support dispatch for ROS interfaces[0m
[1.610s] [ 25%] [34m[1mGenerating C introspection for ROS interfaces[0m
[1.610s] [ 32%] [34m[1mGenerating C++ type support for eProsima Fast-RTPS[0m
[2.044s] [ 35%] [32mBuilding CXX object CMakeFiles/task3__rosidl_typesupport_introspection_cpp.dir/rosidl_typesupport_introspection_cpp/task3/srv/detail/custom_service__type_support.cpp.o[0m
[2.140s] [ 38%] [32mBuilding CXX object CMakeFiles/task3__rosidl_typesupport_cpp.dir/rosidl_typesupport_cpp/task3/srv/custom_service__type_support.cpp.o[0m
[2.151s] [ 41%] [32mBuilding CXX object CMakeFiles/task3__rosidl_typesupport_c.dir/rosidl_typesupport_c/task3/srv/custom_service__type_support.cpp.o[0m
[2.202s] running egg_info
[2.205s] writing task3.egg-info/PKG-INFO
[2.207s] writing dependency_links to task3.egg-info/dependency_links.txt
[2.208s] writing top-level names to task3.egg-info/top_level.txt
[2.209s] reading manifest file 'task3.egg-info/SOURCES.txt'
[2.210s] writing manifest file 'task3.egg-info/SOURCES.txt'
[2.212s] [ 45%] [32m[1mLinking CXX shared library libtask3__rosidl_typesupport_c.so[0m
[2.222s] [ 48%] [32mBuilding C object CMakeFiles/task3__rosidl_typesupport_introspection_c.dir/rosidl_typesupport_introspection_c/task3/srv/detail/custom_service__type_support.c.o[0m
[2.222s] [ 51%] [32mBuilding CXX object CMakeFiles/task3__rosidl_typesupport_fastrtps_cpp.dir/rosidl_typesupport_fastrtps_cpp/task3/srv/detail/dds_fastrtps/custom_service__type_support.cpp.o[0m
[2.238s] [ 54%] [32mBuilding CXX object CMakeFiles/task3__rosidl_typesupport_fastrtps_c.dir/rosidl_typesupport_fastrtps_c/task3/srv/detail/custom_service__type_support_c.cpp.o[0m
[2.256s] [ 54%] Built target ament_cmake_python_build_task3_egg
[2.285s] [ 58%] [32m[1mLinking C shared library libtask3__rosidl_typesupport_introspection_c.so[0m
[2.294s] [ 58%] Built target task3__rosidl_typesupport_c
[2.323s] [ 58%] Built target task3__rosidl_typesupport_introspection_c
[2.537s] [ 61%] [32m[1mLinking CXX shared library libtask3__rosidl_typesupport_cpp.so[0m
[2.587s] [ 61%] Built target task3__rosidl_typesupport_cpp
[2.642s] [ 64%] [32m[1mLinking CXX shared library libtask3__rosidl_typesupport_introspection_cpp.so[0m
[2.721s] [ 64%] Built target task3__rosidl_typesupport_introspection_cpp
[2.750s] [ 67%] [32m[1mLinking CXX shared library libtask3__rosidl_typesupport_fastrtps_c.so[0m
[2.818s] [ 70%] [32m[1mLinking CXX shared library libtask3__rosidl_typesupport_fastrtps_cpp.so[0m
[2.842s] [ 70%] Built target task3__rosidl_typesupport_fastrtps_c
[2.902s] [ 70%] Built target task3__rosidl_typesupport_fastrtps_cpp
[2.925s] [ 70%] Built target task3
[2.948s] [ 74%] [34m[1mGenerating Python code for ROS interfaces[0m
[3.434s] [ 74%] Built target task3__py
[3.457s] [ 77%] [32mBuilding C object CMakeFiles/task3__rosidl_generator_py.dir/rosidl_generator_py/task3/srv/_custom_service_s.c.o[0m
[3.608s] [ 80%] [32m[1mLinking C shared library rosidl_generator_py/task3/libtask3__rosidl_generator_py.so[0m
[3.653s] [ 80%] Built target task3__rosidl_generator_py
[3.675s] [ 90%] [32mBuilding C object CMakeFiles/task3__rosidl_typesupport_fastrtps_c__pyext.dir/rosidl_generator_py/task3/_task3_s.ep.rosidl_typesupport_fastrtps_c.c.o[0m
[3.676s] [ 90%] [32mBuilding C object CMakeFiles/task3__rosidl_typesupport_c__pyext.dir/rosidl_generator_py/task3/_task3_s.ep.rosidl_typesupport_c.c.o[0m
[3.676s] [ 90%] [32mBuilding C object CMakeFiles/task3__rosidl_typesupport_introspection_c__pyext.dir/rosidl_generator_py/task3/_task3_s.ep.rosidl_typesupport_introspection_c.c.o[0m
[3.795s] [ 96%] [32m[1mLinking C shared library rosidl_generator_py/task3/task3_s__rosidl_typesupport_introspection_c.cpython-310-x86_64-linux-gnu.so[0m
[3.795s] [ 96%] [32m[1mLinking C shared library rosidl_generator_py/task3/task3_s__rosidl_typesupport_c.cpython-310-x86_64-linux-gnu.so[0m
[3.797s] [100%] [32m[1mLinking C shared library rosidl_generator_py/task3/task3_s__rosidl_typesupport_fastrtps_c.cpython-310-x86_64-linux-gnu.so[0m
[3.834s] [100%] Built target task3__rosidl_typesupport_introspection_c__pyext
[3.835s] [100%] Built target task3__rosidl_typesupport_c__pyext
[3.839s] [100%] Built target task3__rosidl_typesupport_fastrtps_c__pyext
[3.852s] Invoked command in '/home/sachinb/ros2_ws/build/task3' returned '0': CMAKE_PREFIX_PATH=${CMAKE_PREFIX_PATH}:/home/sachinb/ros2_ws/install/task1:/opt/ros/humble /usr/bin/cmake --build /home/sachinb/ros2_ws/build/task3 -- -j8 -l8
[3.921s] Invoking command in '/home/sachinb/ros2_ws/build/task3': CMAKE_PREFIX_PATH=${CMAKE_PREFIX_PATH}:/home/sachinb/ros2_ws/install/task1:/opt/ros/humble /usr/bin/cmake --install /home/sachinb/ros2_ws/build/task3
[3.930s] -- Install configuration: ""
[3.930s] -- Execute custom install script
[3.931s] -- Symlinking: /home/sachinb/ros2_ws/install/task3/share/ament_index/resource_index/rosidl_interfaces/task3
[3.941s] -- Symlinking: /home/sachinb/ros2_ws/install/task3/include/task3/task3/msg/rosidl_generator_c__visibility_control.h
[3.951s] -- Symlinking: /home/sachinb/ros2_ws/install/task3/include/task3/task3/srv/custom_service.h
[3.961s] -- Symlinking: /home/sachinb/ros2_ws/install/task3/include/task3/task3/srv/detail/custom_service__functions.h
[3.970s] -- Symlinking: /home/sachinb/ros2_ws/install/task3/include/task3/task3/srv/detail/custom_service__struct.h
[3.979s] -- Symlinking: /home/sachinb/ros2_ws/install/task3/include/task3/task3/srv/detail/custom_service__type_support.h
[3.989s] -- Symlinking: /home/sachinb/ros2_ws/install/task3/share/task3/environment/library_path.sh
[3.999s] -- Symlinking: /home/sachinb/ros2_ws/install/task3/share/task3/environment/library_path.dsv
[4.008s] -- Symlinking: /home/sachinb/ros2_ws/install/task3/include/task3/task3/msg/rosidl_typesupport_fastrtps_c__visibility_control.h
[4.018s] -- Symlinking: /home/sachinb/ros2_ws/install/task3/include/task3/task3/srv/detail/custom_service__rosidl_typesupport_fastrtps_c.h
[4.029s] -- Symlinking: /home/sachinb/ros2_ws/install/task3/include/task3/task3/srv/custom_service.hpp
[4.039s] -- Symlinking: /home/sachinb/ros2_ws/install/task3/include/task3/task3/srv/detail/custom_service__builder.hpp
[4.049s] -- Symlinking: /home/sachinb/ros2_ws/install/task3/include/task3/task3/srv/detail/custom_service__struct.hpp
[4.059s] -- Symlinking: /home/sachinb/ros2_ws/install/task3/include/task3/task3/srv/detail/custom_service__traits.hpp
[4.068s] -- Symlinking: /home/sachinb/ros2_ws/install/task3/include/task3/task3/msg/rosidl_typesupport_fastrtps_cpp__visibility_control.h
[4.078s] -- Symlinking: /home/sachinb/ros2_ws/install/task3/include/task3/task3/srv/detail/custom_service__rosidl_typesupport_fastrtps_cpp.hpp
[4.088s] -- Symlinking: /home/sachinb/ros2_ws/install/task3/include/task3/task3/msg/rosidl_typesupport_introspection_c__visibility_control.h
[4.098s] -- Symlinking: /home/sachinb/ros2_ws/install/task3/include/task3/task3/srv/detail/custom_service__rosidl_typesupport_introspection_c.h
[4.107s] -- Symlinking: /home/sachinb/ros2_ws/install/task3/include/task3/task3/srv/detail/custom_service__rosidl_typesupport_introspection_cpp.hpp
[4.118s] -- Symlinking: /home/sachinb/ros2_ws/install/task3/share/task3/environment/pythonpath.sh
[4.128s] -- Symlinking: /home/sachinb/ros2_ws/install/task3/share/task3/environment/pythonpath.dsv
[4.139s] -- Symlinking: /home/sachinb/ros2_ws/install/task3/local/lib/python3.10/dist-packages/task3-0.0.0-py3.10.egg-info/PKG-INFO
[4.149s] -- Symlinking: /home/sachinb/ros2_ws/install/task3/local/lib/python3.10/dist-packages/task3-0.0.0-py3.10.egg-info/SOURCES.txt
[4.158s] -- Symlinking: /home/sachinb/ros2_ws/install/task3/local/lib/python3.10/dist-packages/task3-0.0.0-py3.10.egg-info/dependency_links.txt
[4.168s] -- Symlinking: /home/sachinb/ros2_ws/install/task3/local/lib/python3.10/dist-packages/task3-0.0.0-py3.10.egg-info/top_level.txt
[4.178s] -- Symlinking: /home/sachinb/ros2_ws/install/task3/local/lib/python3.10/dist-packages/task3/__init__.py
[4.187s] -- Symlinking: /home/sachinb/ros2_ws/install/task3/local/lib/python3.10/dist-packages/task3/_task3_s.ep.rosidl_typesupport_c.c
[4.196s] -- Symlinking: /home/sachinb/ros2_ws/install/task3/local/lib/python3.10/dist-packages/task3/_task3_s.ep.rosidl_typesupport_fastrtps_c.c
[4.205s] -- Symlinking: /home/sachinb/ros2_ws/install/task3/local/lib/python3.10/dist-packages/task3/_task3_s.ep.rosidl_typesupport_introspection_c.c
[4.215s] -- Symlinking: /home/sachinb/ros2_ws/install/task3/local/lib/python3.10/dist-packages/task3/libtask3__rosidl_generator_py.so
[4.225s] -- Symlinking: /home/sachinb/ros2_ws/install/task3/local/lib/python3.10/dist-packages/task3/srv/__init__.py
[4.235s] -- Symlinking: /home/sachinb/ros2_ws/install/task3/local/lib/python3.10/dist-packages/task3/srv/_custom_service.py
[4.245s] -- Symlinking: /home/sachinb/ros2_ws/install/task3/local/lib/python3.10/dist-packages/task3/srv/_custom_service_s.c
[4.254s] -- Symlinking: /home/sachinb/ros2_ws/install/task3/local/lib/python3.10/dist-packages/task3/task3_s__rosidl_typesupport_c.cpython-310-x86_64-linux-gnu.so
[4.264s] -- Symlinking: /home/sachinb/ros2_ws/install/task3/local/lib/python3.10/dist-packages/task3/task3_s__rosidl_typesupport_fastrtps_c.cpython-310-x86_64-linux-gnu.so
[4.273s] -- Symlinking: /home/sachinb/ros2_ws/install/task3/local/lib/python3.10/dist-packages/task3/task3_s__rosidl_typesupport_introspection_c.cpython-310-x86_64-linux-gnu.so
[4.283s] -- Up-to-date symlink: /home/sachinb/ros2_ws/install/task3/local/lib/python3.10/dist-packages/task3/task3_s__rosidl_typesupport_fastrtps_c.cpython-310-x86_64-linux-gnu.so
[4.283s] -- Up-to-date symlink: /home/sachinb/ros2_ws/install/task3/local/lib/python3.10/dist-packages/task3/task3_s__rosidl_typesupport_introspection_c.cpython-310-x86_64-linux-gnu.so
[4.283s] -- Up-to-date symlink: /home/sachinb/ros2_ws/install/task3/local/lib/python3.10/dist-packages/task3/task3_s__rosidl_typesupport_c.cpython-310-x86_64-linux-gnu.so
[4.284s] -- Symlinking: /home/sachinb/ros2_ws/install/task3/share/task3/srv/CustomService.idl
[4.293s] -- Symlinking: /home/sachinb/ros2_ws/install/task3/share/task3/srv/CustomService.srv
[4.303s] -- Symlinking: /home/sachinb/ros2_ws/install/task3/share/task3/srv/CustomService_Request.msg
[4.312s] -- Symlinking: /home/sachinb/ros2_ws/install/task3/share/task3/srv/CustomService_Response.msg
[4.323s] -- Up-to-date symlink: /home/sachinb/ros2_ws/install/task3/share/ament_index/resource_index/package_run_dependencies/task3
[4.333s] -- Up-to-date symlink: /home/sachinb/ros2_ws/install/task3/share/ament_index/resource_index/parent_prefix_path/task3
[4.334s] -- Up-to-date symlink: /home/sachinb/ros2_ws/install/task3/share/task3/environment/ament_prefix_path.sh
[4.334s] -- Up-to-date symlink: /home/sachinb/ros2_ws/install/task3/share/task3/environment/ament_prefix_path.dsv
[4.334s] -- Up-to-date symlink: /home/sachinb/ros2_ws/install/task3/share/task3/environment/path.sh
[4.334s] -- Up-to-date symlink: /home/sachinb/ros2_ws/install/task3/share/task3/environment/path.dsv
[4.335s] -- Up-to-date symlink: /home/sachinb/ros2_ws/install/task3/share/task3/local_setup.bash
[4.335s] -- Up-to-date symlink: /home/sachinb/ros2_ws/install/task3/share/task3/local_setup.sh
[4.335s] -- Up-to-date symlink: /home/sachinb/ros2_ws/install/task3/share/task3/local_setup.zsh
[4.335s] -- Up-to-date symlink: /home/sachinb/ros2_ws/install/task3/share/task3/local_setup.dsv
[4.335s] -- Symlinking: /home/sachinb/ros2_ws/install/task3/share/task3/package.dsv
[4.345s] -- Up-to-date symlink: /home/sachinb/ros2_ws/install/task3/share/ament_index/resource_index/packages/task3
[4.346s] -- Symlinking: /home/sachinb/ros2_ws/install/task3/share/task3/cmake/rosidl_cmake-extras.cmake
[4.355s] -- Symlinking: /home/sachinb/ros2_ws/install/task3/share/task3/cmake/ament_cmake_export_include_directories-extras.cmake
[4.364s] -- Symlinking: /home/sachinb/ros2_ws/install/task3/share/task3/cmake/ament_cmake_export_libraries-extras.cmake
[4.374s] -- Symlinking: /home/sachinb/ros2_ws/install/task3/share/task3/cmake/ament_cmake_export_targets-extras.cmake
[4.383s] -- Symlinking: /home/sachinb/ros2_ws/install/task3/share/task3/cmake/rosidl_cmake_export_typesupport_targets-extras.cmake
[4.393s] -- Symlinking: /home/sachinb/ros2_ws/install/task3/share/task3/cmake/ament_cmake_export_dependencies-extras.cmake
[4.402s] -- Symlinking: /home/sachinb/ros2_ws/install/task3/share/task3/cmake/rosidl_cmake_export_typesupport_libraries-extras.cmake
[4.412s] -- Up-to-date symlink: /home/sachinb/ros2_ws/install/task3/share/task3/cmake/task3Config.cmake
[4.412s] -- Up-to-date symlink: /home/sachinb/ros2_ws/install/task3/share/task3/cmake/task3Config-version.cmake
[4.412s] -- Up-to-date symlink: /home/sachinb/ros2_ws/install/task3/share/task3/package.xml
[4.412s] -- Installing: /home/sachinb/ros2_ws/install/task3/lib/libtask3__rosidl_generator_c.so
[4.413s] -- Set runtime path of "/home/sachinb/ros2_ws/install/task3/lib/libtask3__rosidl_generator_c.so" to ""
[4.413s] -- Installing: /home/sachinb/ros2_ws/install/task3/lib/libtask3__rosidl_typesupport_fastrtps_c.so
[4.413s] -- Set runtime path of "/home/sachinb/ros2_ws/install/task3/lib/libtask3__rosidl_typesupport_fastrtps_c.so" to ""
[4.413s] -- Installing: /home/sachinb/ros2_ws/install/task3/lib/libtask3__rosidl_typesupport_fastrtps_cpp.so
[4.414s] -- Set runtime path of "/home/sachinb/ros2_ws/install/task3/lib/libtask3__rosidl_typesupport_fastrtps_cpp.so" to ""
[4.414s] -- Installing: /home/sachinb/ros2_ws/install/task3/lib/libtask3__rosidl_typesupport_introspection_c.so
[4.414s] -- Set runtime path of "/home/sachinb/ros2_ws/install/task3/lib/libtask3__rosidl_typesupport_introspection_c.so" to ""
[4.414s] -- Installing: /home/sachinb/ros2_ws/install/task3/lib/libtask3__rosidl_typesupport_c.so
[4.415s] -- Set runtime path of "/home/sachinb/ros2_ws/install/task3/lib/libtask3__rosidl_typesupport_c.so" to ""
[4.415s] -- Installing: /home/sachinb/ros2_ws/install/task3/lib/libtask3__rosidl_typesupport_introspection_cpp.so
[4.415s] -- Set runtime path of "/home/sachinb/ros2_ws/install/task3/lib/libtask3__rosidl_typesupport_introspection_cpp.so" to ""
[4.416s] -- Installing: /home/sachinb/ros2_ws/install/task3/lib/libtask3__rosidl_typesupport_cpp.so
[4.416s] -- Set runtime path of "/home/sachinb/ros2_ws/install/task3/lib/libtask3__rosidl_typesupport_cpp.so" to ""
[4.461s] Listing '/home/sachinb/ros2_ws/install/task3/local/lib/python3.10/dist-packages/task3'...
[4.461s] Compiling '/home/sachinb/ros2_ws/install/task3/local/lib/python3.10/dist-packages/task3/__init__.py'...
[4.462s] Listing '/home/sachinb/ros2_ws/install/task3/local/lib/python3.10/dist-packages/task3/srv'...
[4.462s] Compiling '/home/sachinb/ros2_ws/install/task3/local/lib/python3.10/dist-packages/task3/srv/__init__.py'...
[4.462s] Compiling '/home/sachinb/ros2_ws/install/task3/local/lib/python3.10/dist-packages/task3/srv/_custom_service.py'...
[4.467s] -- Installing: /home/sachinb/ros2_ws/install/task3/lib/libtask3__rosidl_generator_py.so
[4.467s] -- Set runtime path of "/home/sachinb/ros2_ws/install/task3/lib/libtask3__rosidl_generator_py.so" to ""
[4.467s] -- Installing: /home/sachinb/ros2_ws/install/task3/share/task3/cmake/export_task3__rosidl_generator_cExport.cmake
[4.467s] -- Installing: /home/sachinb/ros2_ws/install/task3/share/task3/cmake/export_task3__rosidl_generator_cExport-noconfig.cmake
[4.468s] -- Installing: /home/sachinb/ros2_ws/install/task3/share/task3/cmake/export_task3__rosidl_typesupport_fastrtps_cExport.cmake
[4.468s] -- Installing: /home/sachinb/ros2_ws/install/task3/share/task3/cmake/export_task3__rosidl_typesupport_fastrtps_cExport-noconfig.cmake
[4.468s] -- Installing: /home/sachinb/ros2_ws/install/task3/share/task3/cmake/export_task3__rosidl_generator_cppExport.cmake
[4.468s] -- Installing: /home/sachinb/ros2_ws/install/task3/share/task3/cmake/export_task3__rosidl_typesupport_fastrtps_cppExport.cmake
[4.468s] -- Installing: /home/sachinb/ros2_ws/install/task3/share/task3/cmake/export_task3__rosidl_typesupport_fastrtps_cppExport-noconfig.cmake
[4.468s] -- Installing: /home/sachinb/ros2_ws/install/task3/share/task3/cmake/task3__rosidl_typesupport_introspection_cExport.cmake
[4.469s] -- Installing: /home/sachinb/ros2_ws/install/task3/share/task3/cmake/task3__rosidl_typesupport_introspection_cExport-noconfig.cmake
[4.469s] -- Installing: /home/sachinb/ros2_ws/install/task3/share/task3/cmake/task3__rosidl_typesupport_cExport.cmake
[4.469s] -- Installing: /home/sachinb/ros2_ws/install/task3/share/task3/cmake/task3__rosidl_typesupport_cExport-noconfig.cmake
[4.469s] -- Installing: /home/sachinb/ros2_ws/install/task3/share/task3/cmake/task3__rosidl_typesupport_introspection_cppExport.cmake
[4.469s] -- Installing: /home/sachinb/ros2_ws/install/task3/share/task3/cmake/task3__rosidl_typesupport_introspection_cppExport-noconfig.cmake
[4.469s] -- Installing: /home/sachinb/ros2_ws/install/task3/share/task3/cmake/task3__rosidl_typesupport_cppExport.cmake
[4.470s] -- Installing: /home/sachinb/ros2_ws/install/task3/share/task3/cmake/task3__rosidl_typesupport_cppExport-noconfig.cmake
[4.470s] -- Installing: /home/sachinb/ros2_ws/install/task3/share/task3/cmake/export_task3__rosidl_generator_pyExport.cmake
[4.470s] -- Installing: /home/sachinb/ros2_ws/install/task3/share/task3/cmake/export_task3__rosidl_generator_pyExport-noconfig.cmake
[4.473s] Invoked command in '/home/sachinb/ros2_ws/build/task3' returned '0': CMAKE_PREFIX_PATH=${CMAKE_PREFIX_PATH}:/home/sachinb/ros2_ws/install/task1:/opt/ros/humble /usr/bin/cmake --install /home/sachinb/ros2_ws/build/task3
