[0.144s] DEBUG:colcon:Command line arguments: ['/usr/bin/colcon', 'build', '--packages-select', 'task3', '--symlink-install']
[0.144s] DEBUG:colcon:Parsed command line arguments: Namespace(log_base=None, log_level=None, verb_name='build', build_base='build', install_base='install', merge_install=False, symlink_install=True, test_result_base=None, continue_on_error=False, executor='parallel', parallel_workers=8, event_handlers=None, ignore_user_meta=False, metas=['./colcon.meta'], base_paths=['.'], packages_ignore=None, packages_ignore_regex=None, paths=None, packages_up_to=None, packages_up_to_regex=None, packages_above=None, packages_above_and_dependencies=None, packages_above_depth=None, packages_select_by_dep=None, packages_skip_by_dep=None, packages_skip_up_to=None, packages_select_build_failed=False, packages_skip_build_finished=False, packages_select_test_failures=False, packages_skip_test_passed=False, packages_select=['task3'], packages_skip=None, packages_select_regex=None, packages_skip_regex=None, packages_start=None, packages_end=None, allow_overriding=[], cmake_args=None, cmake_target=None, cmake_target_skip_unavailable=False, cmake_clean_cache=False, cmake_clean_first=False, cmake_force_configure=False, ament_cmake_args=None, catkin_cmake_args=None, catkin_skip_building_tests=False, verb_parser=<colcon_defaults.argument_parser.defaults.DefaultArgumentsDecorator object at 0x74faede1c2b0>, verb_extension=<colcon_core.verb.build.BuildVerb object at 0x74faedf10e80>, main=<bound method BuildVerb.main of <colcon_core.verb.build.BuildVerb object at 0x74faedf10e80>>)
[0.395s] Level 1:colcon.colcon_core.package_discovery:discover_packages(colcon_meta) check parameters
[0.395s] Level 1:colcon.colcon_core.package_discovery:discover_packages(recursive) check parameters
[0.395s] Level 1:colcon.colcon_core.package_discovery:discover_packages(ignore) check parameters
[0.395s] Level 1:colcon.colcon_core.package_discovery:discover_packages(path) check parameters
[0.395s] Level 1:colcon.colcon_core.package_discovery:discover_packages(colcon_meta) discover
[0.395s] Level 1:colcon.colcon_core.package_discovery:discover_packages(recursive) discover
[0.395s] INFO:colcon.colcon_core.package_discovery:Crawling recursively for packages in '/home/sachinb/ros2_ws'
[0.395s] Level 1:colcon.colcon_core.package_identification:_identify(.) by extensions ['ignore', 'ignore_ament_install']
[0.396s] Level 1:colcon.colcon_core.package_identification:_identify(.) by extension 'ignore'
[0.396s] Level 1:colcon.colcon_core.package_identification:_identify(.) by extension 'ignore_ament_install'
[0.396s] Level 1:colcon.colcon_core.package_identification:_identify(.) by extensions ['colcon_pkg']
[0.396s] Level 1:colcon.colcon_core.package_identification:_identify(.) by extension 'colcon_pkg'
[0.396s] Level 1:colcon.colcon_core.package_identification:_identify(.) by extensions ['colcon_meta']
[0.396s] Level 1:colcon.colcon_core.package_identification:_identify(.) by extension 'colcon_meta'
[0.396s] Level 1:colcon.colcon_core.package_identification:_identify(.) by extensions ['ros']
[0.396s] Level 1:colcon.colcon_core.package_identification:_identify(.) by extension 'ros'
[0.410s] Level 1:colcon.colcon_core.package_identification:_identify(.) by extensions ['cmake', 'python']
[0.410s] Level 1:colcon.colcon_core.package_identification:_identify(.) by extension 'cmake'
[0.410s] Level 1:colcon.colcon_core.package_identification:_identify(.) by extension 'python'
[0.411s] Level 1:colcon.colcon_core.package_identification:_identify(.) by extensions ['python_setup_py']
[0.411s] Level 1:colcon.colcon_core.package_identification:_identify(.) by extension 'python_setup_py'
[0.411s] Level 1:colcon.colcon_core.package_identification:_identify(build) by extensions ['ignore', 'ignore_ament_install']
[0.411s] Level 1:colcon.colcon_core.package_identification:_identify(build) by extension 'ignore'
[0.411s] Level 1:colcon.colcon_core.package_identification:_identify(build) ignored
[0.411s] Level 1:colcon.colcon_core.package_identification:_identify(install) by extensions ['ignore', 'ignore_ament_install']
[0.411s] Level 1:colcon.colcon_core.package_identification:_identify(install) by extension 'ignore'
[0.411s] Level 1:colcon.colcon_core.package_identification:_identify(install) ignored
[0.411s] Level 1:colcon.colcon_core.package_identification:_identify(log) by extensions ['ignore', 'ignore_ament_install']
[0.412s] Level 1:colcon.colcon_core.package_identification:_identify(log) by extension 'ignore'
[0.412s] Level 1:colcon.colcon_core.package_identification:_identify(log) ignored
[0.412s] Level 1:colcon.colcon_core.package_identification:_identify(src) by extensions ['ignore', 'ignore_ament_install']
[0.412s] Level 1:colcon.colcon_core.package_identification:_identify(src) by extension 'ignore'
[0.412s] Level 1:colcon.colcon_core.package_identification:_identify(src) by extension 'ignore_ament_install'
[0.412s] Level 1:colcon.colcon_core.package_identification:_identify(src) by extensions ['colcon_pkg']
[0.412s] Level 1:colcon.colcon_core.package_identification:_identify(src) by extension 'colcon_pkg'
[0.412s] Level 1:colcon.colcon_core.package_identification:_identify(src) by extensions ['colcon_meta']
[0.412s] Level 1:colcon.colcon_core.package_identification:_identify(src) by extension 'colcon_meta'
[0.412s] Level 1:colcon.colcon_core.package_identification:_identify(src) by extensions ['ros']
[0.412s] Level 1:colcon.colcon_core.package_identification:_identify(src) by extension 'ros'
[0.412s] Level 1:colcon.colcon_core.package_identification:_identify(src) by extensions ['cmake', 'python']
[0.412s] Level 1:colcon.colcon_core.package_identification:_identify(src) by extension 'cmake'
[0.412s] Level 1:colcon.colcon_core.package_identification:_identify(src) by extension 'python'
[0.413s] Level 1:colcon.colcon_core.package_identification:_identify(src) by extensions ['python_setup_py']
[0.413s] Level 1:colcon.colcon_core.package_identification:_identify(src) by extension 'python_setup_py'
[0.413s] Level 1:colcon.colcon_core.package_identification:_identify(src/task1) by extensions ['ignore', 'ignore_ament_install']
[0.413s] Level 1:colcon.colcon_core.package_identification:_identify(src/task1) by extension 'ignore'
[0.413s] Level 1:colcon.colcon_core.package_identification:_identify(src/task1) by extension 'ignore_ament_install'
[0.413s] Level 1:colcon.colcon_core.package_identification:_identify(src/task1) by extensions ['colcon_pkg']
[0.413s] Level 1:colcon.colcon_core.package_identification:_identify(src/task1) by extension 'colcon_pkg'
[0.413s] Level 1:colcon.colcon_core.package_identification:_identify(src/task1) by extensions ['colcon_meta']
[0.413s] Level 1:colcon.colcon_core.package_identification:_identify(src/task1) by extension 'colcon_meta'
[0.413s] Level 1:colcon.colcon_core.package_identification:_identify(src/task1) by extensions ['ros']
[0.413s] Level 1:colcon.colcon_core.package_identification:_identify(src/task1) by extension 'ros'
[0.417s] DEBUG:colcon.colcon_core.package_identification:Package 'src/task1' with type 'ros.ament_python' and name 'task1'
[0.417s] Level 1:colcon.colcon_core.package_identification:_identify(src/task2) by extensions ['ignore', 'ignore_ament_install']
[0.417s] Level 1:colcon.colcon_core.package_identification:_identify(src/task2) by extension 'ignore'
[0.417s] Level 1:colcon.colcon_core.package_identification:_identify(src/task2) by extension 'ignore_ament_install'
[0.417s] Level 1:colcon.colcon_core.package_identification:_identify(src/task2) by extensions ['colcon_pkg']
[0.417s] Level 1:colcon.colcon_core.package_identification:_identify(src/task2) by extension 'colcon_pkg'
[0.417s] Level 1:colcon.colcon_core.package_identification:_identify(src/task2) by extensions ['colcon_meta']
[0.417s] Level 1:colcon.colcon_core.package_identification:_identify(src/task2) by extension 'colcon_meta'
[0.417s] Level 1:colcon.colcon_core.package_identification:_identify(src/task2) by extensions ['ros']
[0.417s] Level 1:colcon.colcon_core.package_identification:_identify(src/task2) by extension 'ros'
[0.418s] DEBUG:colcon.colcon_core.package_identification:Package 'src/task2' with type 'ros.ament_cmake' and name 'task2'
[0.418s] Level 1:colcon.colcon_core.package_identification:_identify(src/task3) by extensions ['ignore', 'ignore_ament_install']
[0.419s] Level 1:colcon.colcon_core.package_identification:_identify(src/task3) by extension 'ignore'
[0.419s] Level 1:colcon.colcon_core.package_identification:_identify(src/task3) by extension 'ignore_ament_install'
[0.419s] Level 1:colcon.colcon_core.package_identification:_identify(src/task3) by extensions ['colcon_pkg']
[0.419s] Level 1:colcon.colcon_core.package_identification:_identify(src/task3) by extension 'colcon_pkg'
[0.419s] Level 1:colcon.colcon_core.package_identification:_identify(src/task3) by extensions ['colcon_meta']
[0.419s] Level 1:colcon.colcon_core.package_identification:_identify(src/task3) by extension 'colcon_meta'
[0.419s] Level 1:colcon.colcon_core.package_identification:_identify(src/task3) by extensions ['ros']
[0.419s] Level 1:colcon.colcon_core.package_identification:_identify(src/task3) by extension 'ros'
[0.420s] DEBUG:colcon.colcon_core.package_identification:Package 'src/task3' with type 'ros.ament_cmake' and name 'task3'
[0.420s] Level 1:colcon.colcon_core.package_discovery:discover_packages(recursive) using defaults
[0.420s] Level 1:colcon.colcon_core.package_discovery:discover_packages(ignore) discover
[0.420s] Level 1:colcon.colcon_core.package_discovery:discover_packages(ignore) using defaults
[0.420s] Level 1:colcon.colcon_core.package_discovery:discover_packages(path) discover
[0.420s] Level 1:colcon.colcon_core.package_discovery:discover_packages(path) using defaults
[0.456s] INFO:colcon.colcon_core.package_selection:Skipping not selected package 'task1' in 'src/task1'
[0.456s] INFO:colcon.colcon_core.package_selection:Skipping not selected package 'task2' in 'src/task2'
[0.457s] Level 1:colcon.colcon_core.package_discovery:discover_packages(prefix_path) check parameters
[0.457s] Level 1:colcon.colcon_core.package_discovery:discover_packages(prefix_path) discover
[0.459s] DEBUG:colcon.colcon_installed_package_information.package_discovery:Found 3 installed packages in /home/sachinb/ros2_ws/install
[0.461s] DEBUG:colcon.colcon_installed_package_information.package_discovery:Found 285 installed packages in /opt/ros/humble
[0.463s] Level 1:colcon.colcon_core.package_discovery:discover_packages(prefix_path) using defaults
[0.516s] Level 5:colcon.colcon_core.verb:set package 'task3' build argument 'cmake_args' from command line to 'None'
[0.516s] Level 5:colcon.colcon_core.verb:set package 'task3' build argument 'cmake_target' from command line to 'None'
[0.516s] Level 5:colcon.colcon_core.verb:set package 'task3' build argument 'cmake_target_skip_unavailable' from command line to 'False'
[0.516s] Level 5:colcon.colcon_core.verb:set package 'task3' build argument 'cmake_clean_cache' from command line to 'False'
[0.516s] Level 5:colcon.colcon_core.verb:set package 'task3' build argument 'cmake_clean_first' from command line to 'False'
[0.516s] Level 5:colcon.colcon_core.verb:set package 'task3' build argument 'cmake_force_configure' from command line to 'False'
[0.516s] Level 5:colcon.colcon_core.verb:set package 'task3' build argument 'ament_cmake_args' from command line to 'None'
[0.516s] Level 5:colcon.colcon_core.verb:set package 'task3' build argument 'catkin_cmake_args' from command line to 'None'
[0.516s] Level 5:colcon.colcon_core.verb:set package 'task3' build argument 'catkin_skip_building_tests' from command line to 'False'
[0.516s] DEBUG:colcon.colcon_core.verb:Building package 'task3' with the following arguments: {'ament_cmake_args': None, 'build_base': '/home/sachinb/ros2_ws/build/task3', 'catkin_cmake_args': None, 'catkin_skip_building_tests': False, 'cmake_args': None, 'cmake_clean_cache': False, 'cmake_clean_first': False, 'cmake_force_configure': False, 'cmake_target': None, 'cmake_target_skip_unavailable': False, 'install_base': '/home/sachinb/ros2_ws/install/task3', 'merge_install': False, 'path': '/home/sachinb/ros2_ws/src/task3', 'symlink_install': True, 'test_result_base': None}
[0.516s] INFO:colcon.colcon_core.executor:Executing jobs using 'parallel' executor
[0.517s] DEBUG:colcon.colcon_parallel_executor.executor.parallel:run_until_complete
[0.518s] INFO:colcon.colcon_ros.task.ament_cmake.build:Building ROS package in '/home/sachinb/ros2_ws/src/task3' with build type 'ament_cmake'
[0.518s] INFO:colcon.colcon_cmake.task.cmake.build:Building CMake package in '/home/sachinb/ros2_ws/src/task3'
[0.520s] INFO:colcon.colcon_core.plugin_system:Skipping extension 'colcon_core.shell.bat': Not used on non-Windows systems
[0.521s] INFO:colcon.colcon_core.shell:Skip shell extension 'powershell' for command environment: Not usable outside of PowerShell
[0.521s] DEBUG:colcon.colcon_core.shell:Skip shell extension 'dsv' for command environment
[0.534s] DEBUG:colcon.colcon_core.event_handler.log_command:Invoking command in '/home/sachinb/ros2_ws/build/task3': CMAKE_PREFIX_PATH=${CMAKE_PREFIX_PATH}:/home/sachinb/ros2_ws/install/task1:/opt/ros/humble /usr/bin/cmake --build /home/sachinb/ros2_ws/build/task3 -- -j8 -l8
[0.638s] DEBUG:colcon.colcon_core.event_handler.log_command:Invoked command in '/home/sachinb/ros2_ws/build/task3' returned '2': CMAKE_PREFIX_PATH=${CMAKE_PREFIX_PATH}:/home/sachinb/ros2_ws/install/task1:/opt/ros/humble /usr/bin/cmake --build /home/sachinb/ros2_ws/build/task3 -- -j8 -l8
[0.704s] Level 1:colcon.colcon_core.environment:create_environment_scripts_only(task3)
[0.707s] Level 1:colcon.colcon_core.environment:checking '/home/sachinb/ros2_ws/install/task3' for CMake module files
[0.708s] Level 1:colcon.colcon_core.environment:checking '/home/sachinb/ros2_ws/install/task3' for CMake config files
[0.708s] Level 1:colcon.colcon_core.shell:create_environment_hook('task3', 'cmake_prefix_path')
[0.709s] INFO:colcon.colcon_core.shell:Creating environment hook '/home/sachinb/ros2_ws/install/task3/share/task3/hook/cmake_prefix_path.ps1'
[0.709s] INFO:colcon.colcon_core.shell:Creating environment descriptor '/home/sachinb/ros2_ws/install/task3/share/task3/hook/cmake_prefix_path.dsv'
[0.710s] INFO:colcon.colcon_core.shell:Creating environment hook '/home/sachinb/ros2_ws/install/task3/share/task3/hook/cmake_prefix_path.sh'
[0.711s] Level 1:colcon.colcon_core.environment:checking '/home/sachinb/ros2_ws/install/task3/lib'
[0.711s] Level 1:colcon.colcon_core.shell:create_environment_hook('task3', 'ld_library_path_lib')
[0.712s] INFO:colcon.colcon_core.shell:Creating environment hook '/home/sachinb/ros2_ws/install/task3/share/task3/hook/ld_library_path_lib.ps1'
[0.712s] INFO:colcon.colcon_core.shell:Creating environment descriptor '/home/sachinb/ros2_ws/install/task3/share/task3/hook/ld_library_path_lib.dsv'
[0.713s] INFO:colcon.colcon_core.shell:Creating environment hook '/home/sachinb/ros2_ws/install/task3/share/task3/hook/ld_library_path_lib.sh'
[0.713s] Level 1:colcon.colcon_core.environment:checking '/home/sachinb/ros2_ws/install/task3/bin'
[0.713s] Level 1:colcon.colcon_core.environment:checking '/home/sachinb/ros2_ws/install/task3/lib/pkgconfig/task3.pc'
[0.713s] Level 1:colcon.colcon_core.environment:checking '/home/sachinb/ros2_ws/install/task3/lib/python3.10/site-packages'
[0.714s] Level 1:colcon.colcon_core.environment:checking '/home/sachinb/ros2_ws/install/task3/bin'
[0.714s] INFO:colcon.colcon_core.shell:Creating package script '/home/sachinb/ros2_ws/install/task3/share/task3/package.ps1'
[0.715s] INFO:colcon.colcon_core.shell:Creating package descriptor '/home/sachinb/ros2_ws/install/task3/share/task3/package.dsv'
[0.716s] INFO:colcon.colcon_core.shell:Creating package script '/home/sachinb/ros2_ws/install/task3/share/task3/package.sh'
[0.717s] INFO:colcon.colcon_core.shell:Creating package script '/home/sachinb/ros2_ws/install/task3/share/task3/package.bash'
[0.718s] INFO:colcon.colcon_core.shell:Creating package script '/home/sachinb/ros2_ws/install/task3/share/task3/package.zsh'
[0.719s] Level 1:colcon.colcon_core.environment:create_file_with_runtime_dependencies(/home/sachinb/ros2_ws/install/task3/share/colcon-core/packages/task3)
[0.730s] DEBUG:colcon.colcon_parallel_executor.executor.parallel:closing loop
[0.730s] DEBUG:colcon.colcon_parallel_executor.executor.parallel:loop closed
[0.730s] DEBUG:colcon.colcon_parallel_executor.executor.parallel:run_until_complete finished with '2'
[0.730s] DEBUG:colcon.colcon_core.event_reactor:joining thread
[0.737s] INFO:colcon.colcon_core.plugin_system:Skipping extension 'colcon_notification.desktop_notification.terminal_notifier': Not used on non-Darwin systems
[0.737s] INFO:colcon.colcon_core.plugin_system:Skipping extension 'colcon_notification.desktop_notification.win32': Not used on non-Windows systems
[0.737s] INFO:colcon.colcon_notification.desktop_notification:Sending desktop notification using 'notify2'
[0.748s] DEBUG:colcon.colcon_core.event_reactor:joined thread
[0.749s] INFO:colcon.colcon_core.shell:Creating prefix script '/home/sachinb/ros2_ws/install/local_setup.ps1'
[0.750s] INFO:colcon.colcon_core.shell:Creating prefix util module '/home/sachinb/ros2_ws/install/_local_setup_util_ps1.py'
[0.752s] INFO:colcon.colcon_core.shell:Creating prefix chain script '/home/sachinb/ros2_ws/install/setup.ps1'
[0.754s] INFO:colcon.colcon_core.shell:Creating prefix script '/home/sachinb/ros2_ws/install/local_setup.sh'
[0.755s] INFO:colcon.colcon_core.shell:Creating prefix util module '/home/sachinb/ros2_ws/install/_local_setup_util_sh.py'
[0.755s] INFO:colcon.colcon_core.shell:Creating prefix chain script '/home/sachinb/ros2_ws/install/setup.sh'
[0.757s] INFO:colcon.colcon_core.shell:Creating prefix script '/home/sachinb/ros2_ws/install/local_setup.bash'
[0.757s] INFO:colcon.colcon_core.shell:Creating prefix chain script '/home/sachinb/ros2_ws/install/setup.bash'
[0.759s] INFO:colcon.colcon_core.shell:Creating prefix script '/home/sachinb/ros2_ws/install/local_setup.zsh'
[0.759s] INFO:colcon.colcon_core.shell:Creating prefix chain script '/home/sachinb/ros2_ws/install/setup.zsh'
