[0.809s] Invoking command in '/home/sachinb/ros2_ws/build/task1': PYTHONPATH=/home/sachinb/ros2_ws/build/task1/prefix_override:/usr/lib/python3/dist-packages/colcon_core/task/python/colcon_distutils_commands:/home/sachinb/ros2_ws/install/task1/lib/python3.10/site-packages:${PYTHONPATH} /usr/bin/python3 -W ignore:setup.py install is deprecated setup.py develop --editable --build-directory /home/sachinb/ros2_ws/build/task1/build --no-deps symlink_data --force
[1.150s] running develop
[1.151s] /usr/lib/python3/dist-packages/setuptools/command/easy_install.py:158: EasyInstallDeprecationWarning: easy_install command is deprecated. Use build and pip and other standards-based tools.
[1.151s]   warnings.warn(
[1.345s] running egg_info
[1.345s] writing task1.egg-info/PKG-INFO
[1.356s] writing dependency_links to task1.egg-info/dependency_links.txt
[1.356s] writing entry points to task1.egg-info/entry_points.txt
[1.356s] writing requirements to task1.egg-info/requires.txt
[1.357s] writing top-level names to task1.egg-info/top_level.txt
[1.359s] reading manifest file 'task1.egg-info/SOURCES.txt'
[1.361s] writing manifest file 'task1.egg-info/SOURCES.txt'
[1.362s] running build_ext
[1.362s] Creating /home/sachinb/ros2_ws/install/task1/lib/python3.10/site-packages/task1.egg-link (link to .)
[1.363s] Installing node1 script to /home/sachinb/ros2_ws/install/task1/lib/task1
[1.364s] Installing node2 script to /home/sachinb/ros2_ws/install/task1/lib/task1
[1.364s] Installing template_python script to /home/sachinb/ros2_ws/install/task1/lib/task1
[1.364s] 
[1.364s] Installed /home/sachinb/ros2_ws/build/task1
[1.364s] running symlink_data
[1.365s] symbolically linking /home/sachinb/ros2_ws/build/task1/resource/task1 -> /home/sachinb/ros2_ws/install/task1/share/ament_index/resource_index/packages
[1.365s] symbolically linking /home/sachinb/ros2_ws/build/task1/package.xml -> /home/sachinb/ros2_ws/install/task1/share/task1
[1.392s] Invoked command in '/home/sachinb/ros2_ws/build/task1' returned '0': PYTHONPATH=/home/sachinb/ros2_ws/build/task1/prefix_override:/usr/lib/python3/dist-packages/colcon_core/task/python/colcon_distutils_commands:/home/sachinb/ros2_ws/install/task1/lib/python3.10/site-packages:${PYTHONPATH} /usr/bin/python3 -W ignore:setup.py install is deprecated setup.py develop --editable --build-directory /home/sachinb/ros2_ws/build/task1/build --no-deps symlink_data --force
