[0.008s] Invoking command in '/home/sachinb/ros2_ws/build/task3': CMAKE_PREFIX_PATH=${CMAKE_PREFIX_PATH}:/home/sachinb/ros2_ws/install/task1:/opt/ros/humble /usr/bin/cmake --build /home/sachinb/ros2_ws/build/task3 -- -j8 -l8
[0.041s] [35m[1mConsolidate compiler generated dependencies of target node1[0m
[0.045s] [35m[1mConsolidate compiler generated dependencies of target node2[0m
[0.050s] [  8%] Built target task3__rosidl_generator_c
[0.051s] [ 11%] Built target task3__cpp
[0.057s] [ 11%] Built target ament_cmake_python_symlink_task3
[0.058s] [ 14%] [32mBuilding CXX object CMakeFiles/node1.dir/src/node1.cpp.o[0m
[0.065s] [ 17%] [32mBuilding CXX object CMakeFiles/node2.dir/src/node2.cpp.o[0m
[0.076s] [ 25%] Built target task3__rosidl_typesupport_c
[0.077s] [ 34%] Built target task3__rosidl_typesupport_introspection_c
[0.078s] [ 42%] Built target task3__rosidl_typesupport_fastrtps_c
[0.078s] [ 51%] Built target task3__rosidl_typesupport_cpp
[0.078s] [ 60%] Built target task3__rosidl_typesupport_fastrtps_cpp
[0.085s] [ 68%] Built target task3__rosidl_typesupport_introspection_cpp
[0.101s] [ 68%] Built target task3
[0.118s] [ 71%] Built target task3__py
[0.138s] [ 77%] Built target task3__rosidl_generator_py
[0.157s] [ 82%] Built target task3__rosidl_typesupport_fastrtps_c__pyext
[0.161s] [ 88%] Built target task3__rosidl_typesupport_c__pyext
[0.162s] [ 94%] Built target task3__rosidl_typesupport_introspection_c__pyext
[0.317s] running egg_info
[0.317s] writing task3.egg-info/PKG-INFO
[0.317s] writing dependency_links to task3.egg-info/dependency_links.txt
[0.317s] writing top-level names to task3.egg-info/top_level.txt
[0.319s] reading manifest file 'task3.egg-info/SOURCES.txt'
[0.320s] writing manifest file 'task3.egg-info/SOURCES.txt'
[0.346s] [ 94%] Built target ament_cmake_python_build_task3_egg
[2.060s] In file included from [01m[K/opt/ros/humble/include/rclcpp/rclcpp/logging.hpp:24[m[K,
[2.060s]                  from [01m[K/opt/ros/humble/include/rclcpp/rclcpp/client.hpp:40[m[K,
[2.060s]                  from [01m[K/opt/ros/humble/include/rclcpp/rclcpp/callback_group.hpp:24[m[K,
[2.060s]                  from [01m[K/opt/ros/humble/include/rclcpp/rclcpp/any_executable.hpp:20[m[K,
[2.060s]                  from [01m[K/opt/ros/humble/include/rclcpp/rclcpp/memory_strategy.hpp:25[m[K,
[2.060s]                  from [01m[K/opt/ros/humble/include/rclcpp/rclcpp/memory_strategies.hpp:18[m[K,
[2.060s]                  from [01m[K/opt/ros/humble/include/rclcpp/rclcpp/executor_options.hpp:20[m[K,
[2.060s]                  from [01m[K/opt/ros/humble/include/rclcpp/rclcpp/executor.hpp:37[m[K,
[2.060s]                  from [01m[K/opt/ros/humble/include/rclcpp/rclcpp/executors/multi_threaded_executor.hpp:25[m[K,
[2.060s]                  from [01m[K/opt/ros/humble/include/rclcpp/rclcpp/executors.hpp:21[m[K,
[2.060s]                  from [01m[K/opt/ros/humble/include/rclcpp/rclcpp/rclcpp.hpp:155[m[K,
[2.060s]                  from [01m[K/home/sachinb/ros2_ws/src/task3/src/node2.cpp:1[m[K:
[2.060s] [01m[K/home/sachinb/ros2_ws/src/task3/src/node2.cpp:[m[K In member function ‘[01m[Kvoid Node2::callService(int)[m[K’:
[2.060s] [01m[K/home/sachinb/ros2_ws/src/task3/src/node2.cpp:33:45:[m[K [01;35m[Kwarning: [m[Kformat ‘[01m[K%s[m[K’ expects argument of type ‘[01m[Kchar*[m[K’, but argument 5 has type ‘[01m[Ktask3::srv::Custom_Response_<std::allocator<void> >::_response_type[m[K’ {aka ‘[01m[Kstd::__cxx11::basic_string<char>[m[K’} [[01;35m[K]8;;https://gcc.gnu.org/onlinedocs/gcc/Warning-Options.html#index-Wformat=-Wformat=]8;;[m[K]
[2.060s]    33 |             RCLCPP_INFO(this->get_logger(), [01;35m[K"%s"[m[K, future.get()->response);
[2.060s]       |                                             [01;35m[K^~~~[m[K
[2.061s] [01m[K/home/sachinb/ros2_ws/src/task3/src/node2.cpp:33:47:[m[K [01;36m[Knote: [m[Kformat string is defined here
[2.061s]    33 |             RCLCPP_INFO(this->get_logger(), "[01;36m[K%s[m[K", future.get()->response);
[2.061s]       |                                              [01;36m[K~^[m[K
[2.061s]       |                                               [01;36m[K|[m[K
[2.061s]       |                                               [01;36m[Kchar*[m[K
[2.956s] [ 97%] [32m[1mLinking CXX executable node1[0m
[3.098s] [100%] [32m[1mLinking CXX executable node2[0m
[3.104s] [100%] Built target node1
[3.212s] [100%] Built target node2
[3.220s] Invoked command in '/home/sachinb/ros2_ws/build/task3' returned '0': CMAKE_PREFIX_PATH=${CMAKE_PREFIX_PATH}:/home/sachinb/ros2_ws/install/task1:/opt/ros/humble /usr/bin/cmake --build /home/sachinb/ros2_ws/build/task3 -- -j8 -l8
[3.267s] Invoking command in '/home/sachinb/ros2_ws/build/task3': CMAKE_PREFIX_PATH=${CMAKE_PREFIX_PATH}:/home/sachinb/ros2_ws/install/task1:/opt/ros/humble /usr/bin/cmake --install /home/sachinb/ros2_ws/build/task3
[3.272s] -- Install configuration: ""
[3.273s] -- Execute custom install script
[3.273s] -- Up-to-date symlink: /home/sachinb/ros2_ws/install/task3/share/ament_index/resource_index/rosidl_interfaces/task3
[3.273s] -- Up-to-date symlink: /home/sachinb/ros2_ws/install/task3/include/task3/task3/msg/rosidl_generator_c__visibility_control.h
[3.273s] -- Up-to-date symlink: /home/sachinb/ros2_ws/install/task3/include/task3/task3/srv/custom.h
[3.273s] -- Up-to-date symlink: /home/sachinb/ros2_ws/install/task3/include/task3/task3/srv/custom_service.h
[3.274s] -- Up-to-date symlink: /home/sachinb/ros2_ws/install/task3/include/task3/task3/srv/detail/custom__functions.h
[3.274s] -- Up-to-date symlink: /home/sachinb/ros2_ws/install/task3/include/task3/task3/srv/detail/custom__struct.h
[3.274s] -- Up-to-date symlink: /home/sachinb/ros2_ws/install/task3/include/task3/task3/srv/detail/custom__type_support.h
[3.274s] -- Up-to-date symlink: /home/sachinb/ros2_ws/install/task3/include/task3/task3/srv/detail/custom_service__functions.h
[3.274s] -- Up-to-date symlink: /home/sachinb/ros2_ws/install/task3/include/task3/task3/srv/detail/custom_service__struct.h
[3.274s] -- Up-to-date symlink: /home/sachinb/ros2_ws/install/task3/include/task3/task3/srv/detail/custom_service__type_support.h
[3.274s] -- Up-to-date symlink: /home/sachinb/ros2_ws/install/task3/share/task3/environment/library_path.sh
[3.274s] -- Up-to-date symlink: /home/sachinb/ros2_ws/install/task3/share/task3/environment/library_path.dsv
[3.275s] -- Up-to-date symlink: /home/sachinb/ros2_ws/install/task3/include/task3/task3/msg/rosidl_typesupport_fastrtps_c__visibility_control.h
[3.275s] -- Up-to-date symlink: /home/sachinb/ros2_ws/install/task3/include/task3/task3/srv/detail/custom__rosidl_typesupport_fastrtps_c.h
[3.275s] -- Up-to-date symlink: /home/sachinb/ros2_ws/install/task3/include/task3/task3/srv/detail/custom_service__rosidl_typesupport_fastrtps_c.h
[3.275s] -- Up-to-date symlink: /home/sachinb/ros2_ws/install/task3/include/task3/task3/srv/custom.hpp
[3.275s] -- Up-to-date symlink: /home/sachinb/ros2_ws/install/task3/include/task3/task3/srv/custom_service.hpp
[3.275s] -- Up-to-date symlink: /home/sachinb/ros2_ws/install/task3/include/task3/task3/srv/detail/custom__builder.hpp
[3.275s] -- Up-to-date symlink: /home/sachinb/ros2_ws/install/task3/include/task3/task3/srv/detail/custom__struct.hpp
[3.276s] -- Up-to-date symlink: /home/sachinb/ros2_ws/install/task3/include/task3/task3/srv/detail/custom__traits.hpp
[3.276s] -- Up-to-date symlink: /home/sachinb/ros2_ws/install/task3/include/task3/task3/srv/detail/custom_service__builder.hpp
[3.276s] -- Up-to-date symlink: /home/sachinb/ros2_ws/install/task3/include/task3/task3/srv/detail/custom_service__struct.hpp
[3.276s] -- Up-to-date symlink: /home/sachinb/ros2_ws/install/task3/include/task3/task3/srv/detail/custom_service__traits.hpp
[3.276s] -- Up-to-date symlink: /home/sachinb/ros2_ws/install/task3/include/task3/task3/msg/rosidl_typesupport_fastrtps_cpp__visibility_control.h
[3.276s] -- Up-to-date symlink: /home/sachinb/ros2_ws/install/task3/include/task3/task3/srv/detail/custom__rosidl_typesupport_fastrtps_cpp.hpp
[3.276s] -- Up-to-date symlink: /home/sachinb/ros2_ws/install/task3/include/task3/task3/srv/detail/custom_service__rosidl_typesupport_fastrtps_cpp.hpp
[3.277s] -- Up-to-date symlink: /home/sachinb/ros2_ws/install/task3/include/task3/task3/msg/rosidl_typesupport_introspection_c__visibility_control.h
[3.277s] -- Up-to-date symlink: /home/sachinb/ros2_ws/install/task3/include/task3/task3/srv/detail/custom__rosidl_typesupport_introspection_c.h
[3.277s] -- Up-to-date symlink: /home/sachinb/ros2_ws/install/task3/include/task3/task3/srv/detail/custom_service__rosidl_typesupport_introspection_c.h
[3.278s] -- Up-to-date symlink: /home/sachinb/ros2_ws/install/task3/include/task3/task3/srv/detail/custom__rosidl_typesupport_introspection_cpp.hpp
[3.278s] -- Up-to-date symlink: /home/sachinb/ros2_ws/install/task3/include/task3/task3/srv/detail/custom_service__rosidl_typesupport_introspection_cpp.hpp
[3.278s] -- Up-to-date symlink: /home/sachinb/ros2_ws/install/task3/share/task3/environment/pythonpath.sh
[3.278s] -- Up-to-date symlink: /home/sachinb/ros2_ws/install/task3/share/task3/environment/pythonpath.dsv
[3.279s] -- Up-to-date symlink: /home/sachinb/ros2_ws/install/task3/local/lib/python3.10/dist-packages/task3-0.0.0-py3.10.egg-info/PKG-INFO
[3.279s] -- Up-to-date symlink: /home/sachinb/ros2_ws/install/task3/local/lib/python3.10/dist-packages/task3-0.0.0-py3.10.egg-info/SOURCES.txt
[3.279s] -- Up-to-date symlink: /home/sachinb/ros2_ws/install/task3/local/lib/python3.10/dist-packages/task3-0.0.0-py3.10.egg-info/dependency_links.txt
[3.279s] -- Up-to-date symlink: /home/sachinb/ros2_ws/install/task3/local/lib/python3.10/dist-packages/task3-0.0.0-py3.10.egg-info/top_level.txt
[3.280s] -- Up-to-date symlink: /home/sachinb/ros2_ws/install/task3/local/lib/python3.10/dist-packages/task3/__init__.py
[3.280s] -- Up-to-date symlink: /home/sachinb/ros2_ws/install/task3/local/lib/python3.10/dist-packages/task3/_task3_s.ep.rosidl_typesupport_c.c
[3.280s] -- Up-to-date symlink: /home/sachinb/ros2_ws/install/task3/local/lib/python3.10/dist-packages/task3/_task3_s.ep.rosidl_typesupport_fastrtps_c.c
[3.280s] -- Up-to-date symlink: /home/sachinb/ros2_ws/install/task3/local/lib/python3.10/dist-packages/task3/_task3_s.ep.rosidl_typesupport_introspection_c.c
[3.280s] -- Up-to-date symlink: /home/sachinb/ros2_ws/install/task3/local/lib/python3.10/dist-packages/task3/libtask3__rosidl_generator_py.so
[3.280s] -- Up-to-date symlink: /home/sachinb/ros2_ws/install/task3/local/lib/python3.10/dist-packages/task3/srv/__init__.py
[3.280s] -- Up-to-date symlink: /home/sachinb/ros2_ws/install/task3/local/lib/python3.10/dist-packages/task3/srv/_custom.py
[3.280s] -- Up-to-date symlink: /home/sachinb/ros2_ws/install/task3/local/lib/python3.10/dist-packages/task3/srv/_custom_s.c
[3.280s] -- Up-to-date symlink: /home/sachinb/ros2_ws/install/task3/local/lib/python3.10/dist-packages/task3/srv/_custom_service.py
[3.280s] -- Up-to-date symlink: /home/sachinb/ros2_ws/install/task3/local/lib/python3.10/dist-packages/task3/srv/_custom_service_s.c
[3.281s] -- Up-to-date symlink: /home/sachinb/ros2_ws/install/task3/local/lib/python3.10/dist-packages/task3/task3_s__rosidl_typesupport_c.cpython-310-x86_64-linux-gnu.so
[3.281s] -- Up-to-date symlink: /home/sachinb/ros2_ws/install/task3/local/lib/python3.10/dist-packages/task3/task3_s__rosidl_typesupport_fastrtps_c.cpython-310-x86_64-linux-gnu.so
[3.281s] -- Up-to-date symlink: /home/sachinb/ros2_ws/install/task3/local/lib/python3.10/dist-packages/task3/task3_s__rosidl_typesupport_introspection_c.cpython-310-x86_64-linux-gnu.so
[3.281s] -- Up-to-date symlink: /home/sachinb/ros2_ws/install/task3/local/lib/python3.10/dist-packages/task3/task3_s__rosidl_typesupport_fastrtps_c.cpython-310-x86_64-linux-gnu.so
[3.281s] -- Up-to-date symlink: /home/sachinb/ros2_ws/install/task3/local/lib/python3.10/dist-packages/task3/task3_s__rosidl_typesupport_introspection_c.cpython-310-x86_64-linux-gnu.so
[3.281s] -- Up-to-date symlink: /home/sachinb/ros2_ws/install/task3/local/lib/python3.10/dist-packages/task3/task3_s__rosidl_typesupport_c.cpython-310-x86_64-linux-gnu.so
[3.281s] -- Up-to-date symlink: /home/sachinb/ros2_ws/install/task3/share/task3/srv/Custom.idl
[3.282s] -- Up-to-date symlink: /home/sachinb/ros2_ws/install/task3/share/task3/srv/Custom.srv
[3.282s] -- Up-to-date symlink: /home/sachinb/ros2_ws/install/task3/share/task3/srv/Custom_Request.msg
[3.282s] -- Up-to-date symlink: /home/sachinb/ros2_ws/install/task3/share/task3/srv/Custom_Response.msg
[3.282s] -- Up-to-date symlink: /home/sachinb/ros2_ws/install/task3/lib/task3/node1
[3.282s] -- Up-to-date symlink: /home/sachinb/ros2_ws/install/task3/lib/task3/node2
[3.282s] -- Up-to-date symlink: /home/sachinb/ros2_ws/install/task3/share/ament_index/resource_index/package_run_dependencies/task3
[3.283s] -- Up-to-date symlink: /home/sachinb/ros2_ws/install/task3/share/ament_index/resource_index/parent_prefix_path/task3
[3.283s] -- Up-to-date symlink: /home/sachinb/ros2_ws/install/task3/share/task3/environment/ament_prefix_path.sh
[3.283s] -- Up-to-date symlink: /home/sachinb/ros2_ws/install/task3/share/task3/environment/ament_prefix_path.dsv
[3.283s] -- Up-to-date symlink: /home/sachinb/ros2_ws/install/task3/share/task3/environment/path.sh
[3.283s] -- Up-to-date symlink: /home/sachinb/ros2_ws/install/task3/share/task3/environment/path.dsv
[3.283s] -- Up-to-date symlink: /home/sachinb/ros2_ws/install/task3/share/task3/local_setup.bash
[3.283s] -- Up-to-date symlink: /home/sachinb/ros2_ws/install/task3/share/task3/local_setup.sh
[3.283s] -- Up-to-date symlink: /home/sachinb/ros2_ws/install/task3/share/task3/local_setup.zsh
[3.284s] -- Up-to-date symlink: /home/sachinb/ros2_ws/install/task3/share/task3/local_setup.dsv
[3.284s] -- Symlinking: /home/sachinb/ros2_ws/install/task3/share/task3/package.dsv
[3.290s] -- Up-to-date symlink: /home/sachinb/ros2_ws/install/task3/share/ament_index/resource_index/packages/task3
[3.290s] -- Up-to-date symlink: /home/sachinb/ros2_ws/install/task3/share/task3/cmake/rosidl_cmake-extras.cmake
[3.290s] -- Up-to-date symlink: /home/sachinb/ros2_ws/install/task3/share/task3/cmake/ament_cmake_export_include_directories-extras.cmake
[3.291s] -- Up-to-date symlink: /home/sachinb/ros2_ws/install/task3/share/task3/cmake/ament_cmake_export_libraries-extras.cmake
[3.291s] -- Up-to-date symlink: /home/sachinb/ros2_ws/install/task3/share/task3/cmake/ament_cmake_export_targets-extras.cmake
[3.291s] -- Up-to-date symlink: /home/sachinb/ros2_ws/install/task3/share/task3/cmake/rosidl_cmake_export_typesupport_targets-extras.cmake
[3.291s] -- Up-to-date symlink: /home/sachinb/ros2_ws/install/task3/share/task3/cmake/ament_cmake_export_dependencies-extras.cmake
[3.291s] -- Up-to-date symlink: /home/sachinb/ros2_ws/install/task3/share/task3/cmake/rosidl_cmake_export_typesupport_libraries-extras.cmake
[3.292s] -- Up-to-date symlink: /home/sachinb/ros2_ws/install/task3/share/task3/cmake/task3Config.cmake
[3.292s] -- Up-to-date symlink: /home/sachinb/ros2_ws/install/task3/share/task3/cmake/task3Config-version.cmake
[3.292s] -- Up-to-date symlink: /home/sachinb/ros2_ws/install/task3/share/task3/package.xml
[3.292s] -- Up-to-date: /home/sachinb/ros2_ws/install/task3/lib/libtask3__rosidl_generator_c.so
[3.293s] -- Up-to-date: /home/sachinb/ros2_ws/install/task3/lib/libtask3__rosidl_typesupport_fastrtps_c.so
[3.293s] -- Up-to-date: /home/sachinb/ros2_ws/install/task3/lib/libtask3__rosidl_typesupport_fastrtps_cpp.so
[3.293s] -- Up-to-date: /home/sachinb/ros2_ws/install/task3/lib/libtask3__rosidl_typesupport_introspection_c.so
[3.293s] -- Up-to-date: /home/sachinb/ros2_ws/install/task3/lib/libtask3__rosidl_typesupport_c.so
[3.294s] -- Up-to-date: /home/sachinb/ros2_ws/install/task3/lib/libtask3__rosidl_typesupport_introspection_cpp.so
[3.294s] -- Up-to-date: /home/sachinb/ros2_ws/install/task3/lib/libtask3__rosidl_typesupport_cpp.so
[3.321s] Listing '/home/sachinb/ros2_ws/install/task3/local/lib/python3.10/dist-packages/task3'...
[3.321s] Listing '/home/sachinb/ros2_ws/install/task3/local/lib/python3.10/dist-packages/task3/srv'...
[3.324s] -- Up-to-date: /home/sachinb/ros2_ws/install/task3/lib/libtask3__rosidl_generator_py.so
[3.324s] -- Up-to-date: /home/sachinb/ros2_ws/install/task3/share/task3/cmake/export_task3__rosidl_generator_cExport.cmake
[3.324s] -- Up-to-date: /home/sachinb/ros2_ws/install/task3/share/task3/cmake/export_task3__rosidl_generator_cExport-noconfig.cmake
[3.324s] -- Up-to-date: /home/sachinb/ros2_ws/install/task3/share/task3/cmake/export_task3__rosidl_typesupport_fastrtps_cExport.cmake
[3.324s] -- Up-to-date: /home/sachinb/ros2_ws/install/task3/share/task3/cmake/export_task3__rosidl_typesupport_fastrtps_cExport-noconfig.cmake
[3.324s] -- Up-to-date: /home/sachinb/ros2_ws/install/task3/share/task3/cmake/export_task3__rosidl_generator_cppExport.cmake
[3.324s] -- Up-to-date: /home/sachinb/ros2_ws/install/task3/share/task3/cmake/export_task3__rosidl_typesupport_fastrtps_cppExport.cmake
[3.324s] -- Up-to-date: /home/sachinb/ros2_ws/install/task3/share/task3/cmake/export_task3__rosidl_typesupport_fastrtps_cppExport-noconfig.cmake
[3.324s] -- Up-to-date: /home/sachinb/ros2_ws/install/task3/share/task3/cmake/task3__rosidl_typesupport_introspection_cExport.cmake
[3.325s] -- Up-to-date: /home/sachinb/ros2_ws/install/task3/share/task3/cmake/task3__rosidl_typesupport_introspection_cExport-noconfig.cmake
[3.325s] -- Up-to-date: /home/sachinb/ros2_ws/install/task3/share/task3/cmake/task3__rosidl_typesupport_cExport.cmake
[3.325s] -- Up-to-date: /home/sachinb/ros2_ws/install/task3/share/task3/cmake/task3__rosidl_typesupport_cExport-noconfig.cmake
[3.325s] -- Up-to-date: /home/sachinb/ros2_ws/install/task3/share/task3/cmake/task3__rosidl_typesupport_introspection_cppExport.cmake
[3.325s] -- Up-to-date: /home/sachinb/ros2_ws/install/task3/share/task3/cmake/task3__rosidl_typesupport_introspection_cppExport-noconfig.cmake
[3.325s] -- Up-to-date: /home/sachinb/ros2_ws/install/task3/share/task3/cmake/task3__rosidl_typesupport_cppExport.cmake
[3.325s] -- Up-to-date: /home/sachinb/ros2_ws/install/task3/share/task3/cmake/task3__rosidl_typesupport_cppExport-noconfig.cmake
[3.325s] -- Up-to-date: /home/sachinb/ros2_ws/install/task3/share/task3/cmake/export_task3__rosidl_generator_pyExport.cmake
[3.325s] -- Up-to-date: /home/sachinb/ros2_ws/install/task3/share/task3/cmake/export_task3__rosidl_generator_pyExport-noconfig.cmake
[3.327s] Invoked command in '/home/sachinb/ros2_ws/build/task3' returned '0': CMAKE_PREFIX_PATH=${CMAKE_PREFIX_PATH}:/home/sachinb/ros2_ws/install/task1:/opt/ros/humble /usr/bin/cmake --install /home/sachinb/ros2_ws/build/task3
