[0.014s] Invoking command in '/home/sachinb/ros2_ws/build/task3': CMAKE_PREFIX_PATH=${CMAKE_PREFIX_PATH}:/home/sachinb/ros2_ws/install/task1:/opt/ros/humble /usr/bin/cmake --build /home/sachinb/ros2_ws/build/task3 -- -j8 -l8
[0.044s] -- Found ament_cmake: 1.3.10 (/opt/ros/humble/share/ament_cmake/cmake)
[0.201s] -- Override CMake install command with custom implementation using symlinks instead of copying resources
[0.211s] -- Found rclcpp: 16.0.10 (/opt/ros/humble/share/rclcpp/cmake)
[0.249s] -- Found rosidl_generator_c: 3.1.5 (/opt/ros/humble/share/rosidl_generator_c/cmake)
[0.252s] -- Found rosidl_adapter: 3.1.5 (/opt/ros/humble/share/rosidl_adapter/cmake)
[0.261s] -- Found rosidl_generator_cpp: 3.1.5 (/opt/ros/humble/share/rosidl_generator_cpp/cmake)
[0.273s] -- Using all available rosidl_typesupport_c: rosidl_typesupport_fastrtps_c;rosidl_typesupport_introspection_c
[0.290s] -- Using all available rosidl_typesupport_cpp: rosidl_typesupport_fastrtps_cpp;rosidl_typesupport_introspection_cpp
[0.335s] -- Found rmw_implementation_cmake: 6.1.2 (/opt/ros/humble/share/rmw_implementation_cmake/cmake)
[0.337s] -- Found rmw_fastrtps_cpp: 6.2.7 (/opt/ros/humble/share/rmw_fastrtps_cpp/cmake)
[0.467s] -- Using RMW implementation 'rmw_fastrtps_cpp' as default
[0.548s] [31mCMake Error at CMakeLists.txt:11 (find_package):
[0.548s]   By not providing "Findinterfaces.cmake" in CMAKE_MODULE_PATH this project
[0.548s]   has asked CMake to find a package configuration file provided by
[0.548s]   "interfaces", but CMake did not find one.
[0.548s] 
[0.549s]   Could not find a package configuration file provided by "interfaces" with
[0.549s]   any of the following names:
[0.549s] 
[0.549s]     interfacesConfig.cmake
[0.549s]     interfaces-config.cmake
[0.549s] 
[0.549s]   Add the installation prefix of "interfaces" to CMAKE_PREFIX_PATH or set
[0.549s]   "interfaces_DIR" to a directory containing one of the above files.  If
[0.550s]   "interfaces" provides a separate development package or SDK, be sure it has
[0.550s]   been installed.
[0.550s] 
[0.550s] [0m
[0.550s] -- Configuring incomplete, errors occurred!
[0.550s] See also "/home/sachinb/ros2_ws/build/task3/CMakeFiles/CMakeOutput.log".
[0.554s] gmake: *** [Makefile:226: cmake_check_build_system] Error 1
[0.557s] Invoked command in '/home/sachinb/ros2_ws/build/task3' returned '2': CMAKE_PREFIX_PATH=${CMAKE_PREFIX_PATH}:/home/sachinb/ros2_ws/install/task1:/opt/ros/humble /usr/bin/cmake --build /home/sachinb/ros2_ws/build/task3 -- -j8 -l8
