[0.016s] Invoking command in '/home/sachinb/ros2_ws/build/task3': CMAKE_PREFIX_PATH=${CMAKE_PREFIX_PATH}:/home/sachinb/ros2_ws/install/task1:/opt/ros/humble /usr/bin/cmake --build /home/sachinb/ros2_ws/build/task3 -- -j8 -l8
[0.043s] -- Found ament_cmake: 1.3.10 (/opt/ros/humble/share/ament_cmake/cmake)
[0.199s] -- Override CMake install command with custom implementation using symlinks instead of copying resources
[0.209s] -- Found rclcpp: 16.0.10 (/opt/ros/humble/share/rclcpp/cmake)
[0.248s] -- Found rosidl_generator_c: 3.1.5 (/opt/ros/humble/share/rosidl_generator_c/cmake)
[0.251s] -- Found rosidl_adapter: 3.1.5 (/opt/ros/humble/share/rosidl_adapter/cmake)
[0.259s] -- Found rosidl_generator_cpp: 3.1.5 (/opt/ros/humble/share/rosidl_generator_cpp/cmake)
[0.273s] -- Using all available rosidl_typesupport_c: rosidl_typesupport_fastrtps_c;rosidl_typesupport_introspection_c
[0.289s] -- Using all available rosidl_typesupport_cpp: rosidl_typesupport_fastrtps_cpp;rosidl_typesupport_introspection_cpp
[0.346s] -- Found rmw_implementation_cmake: 6.1.2 (/opt/ros/humble/share/rmw_implementation_cmake/cmake)
[0.348s] -- Found rmw_fastrtps_cpp: 6.2.7 (/opt/ros/humble/share/rmw_fastrtps_cpp/cmake)
[0.477s] -- Using RMW implementation 'rmw_fastrtps_cpp' as default
[0.559s] [31mCMake Error at CMakeLists.txt:11 (find_package):
[0.559s]   By not providing "Findinterfaces.cmake" in CMAKE_MODULE_PATH this project
[0.559s]   has asked CMake to find a package configuration file provided by
[0.559s]   "interfaces", but CMake did not find one.
[0.559s] 
[0.559s]   Could not find a package configuration file provided by "interfaces" with
[0.559s]   any of the following names:
[0.559s] 
[0.559s]     interfacesConfig.cmake
[0.559s]     interfaces-config.cmake
[0.559s] 
[0.559s]   Add the installation prefix of "interfaces" to CMAKE_PREFIX_PATH or set
[0.560s]   "interfaces_DIR" to a directory containing one of the above files.  If
[0.560s]   "interfaces" provides a separate development package or SDK, be sure it has
[0.560s]   been installed.
[0.560s] 
[0.560s] [0m
[0.560s] -- Configuring incomplete, errors occurred!
[0.560s] See also "/home/sachinb/ros2_ws/build/task3/CMakeFiles/CMakeOutput.log".
[0.565s] gmake: *** [Makefile:226: cmake_check_build_system] Error 1
[0.568s] Invoked command in '/home/sachinb/ros2_ws/build/task3' returned '2': CMAKE_PREFIX_PATH=${CMAKE_PREFIX_PATH}:/home/sachinb/ros2_ws/install/task1:/opt/ros/humble /usr/bin/cmake --build /home/sachinb/ros2_ws/build/task3 -- -j8 -l8
