[0.354s] Invoking command in '/home/sachinb/ros2_ws/build/task2': CMAKE_PREFIX_PATH=${CMAKE_PREFIX_PATH}:/home/sachinb/ros2_ws/install/task1:/opt/ros/humble /usr/bin/cmake /home/sachinb/ros2_ws/src/task2 -DAMENT_CMAKE_SYMLINK_INSTALL=1 -DCMAKE_INSTALL_PREFIX=/home/sachinb/ros2_ws/install/task2
[0.367s] -- Found ament_cmake: 1.3.10 (/opt/ros/humble/share/ament_cmake/cmake)
[0.514s] -- Override CMake install command with custom implementation using symlinks instead of copying resources
[0.523s] -- Found rclcpp: 16.0.10 (/opt/ros/humble/share/rclcpp/cmake)
[0.559s] -- Found rosidl_generator_c: 3.1.5 (/opt/ros/humble/share/rosidl_generator_c/cmake)
[0.562s] -- Found rosidl_adapter: 3.1.5 (/opt/ros/humble/share/rosidl_adapter/cmake)
[0.570s] -- Found rosidl_generator_cpp: 3.1.5 (/opt/ros/humble/share/rosidl_generator_cpp/cmake)
[0.582s] -- Using all available rosidl_typesupport_c: rosidl_typesupport_fastrtps_c;rosidl_typesupport_introspection_c
[0.599s] -- Using all available rosidl_typesupport_cpp: rosidl_typesupport_fastrtps_cpp;rosidl_typesupport_introspection_cpp
[0.643s] -- Found rmw_implementation_cmake: 6.1.2 (/opt/ros/humble/share/rmw_implementation_cmake/cmake)
[0.644s] -- Found rmw_fastrtps_cpp: 6.2.7 (/opt/ros/humble/share/rmw_fastrtps_cpp/cmake)
[0.769s] -- Using RMW implementation 'rmw_fastrtps_cpp' as default
[0.837s] -- Found sensor_msgs: 4.2.4 (/opt/ros/humble/share/sensor_msgs/cmake)
[0.879s] -- Found ament_lint_auto: 0.12.11 (/opt/ros/humble/share/ament_lint_auto/cmake)
[0.967s] -- Added test 'cppcheck' to perform static code analysis on C / C++ code
[0.967s] -- Configured cppcheck include dirs: 
[0.968s] -- Configured cppcheck exclude dirs and/or files: 
[0.968s] -- Added test 'lint_cmake' to check CMake code style
[0.969s] -- Added test 'uncrustify' to check C / C++ code style
[0.969s] -- Configured uncrustify additional arguments: 
[0.969s] -- Added test 'xmllint' to check XML markup files
[0.970s] -- Configuring done
[0.981s] -- Generating done
[0.983s] -- Build files have been written to: /home/sachinb/ros2_ws/build/task2
[0.991s] Invoked command in '/home/sachinb/ros2_ws/build/task2' returned '0': CMAKE_PREFIX_PATH=${CMAKE_PREFIX_PATH}:/home/sachinb/ros2_ws/install/task1:/opt/ros/humble /usr/bin/cmake /home/sachinb/ros2_ws/src/task2 -DAMENT_CMAKE_SYMLINK_INSTALL=1 -DCMAKE_INSTALL_PREFIX=/home/sachinb/ros2_ws/install/task2
[0.993s] Invoking command in '/home/sachinb/ros2_ws/build/task2': CMAKE_PREFIX_PATH=${CMAKE_PREFIX_PATH}:/home/sachinb/ros2_ws/install/task1:/opt/ros/humble /usr/bin/cmake --build /home/sachinb/ros2_ws/build/task2 -- -j8 -l8
[1.036s] [35m[1mConsolidate compiler generated dependencies of target node1[0m
[1.052s] [ 50%] [32m[1mLinking CXX executable node1[0m
[1.535s] [100%] Built target node1
[1.546s] Invoked command in '/home/sachinb/ros2_ws/build/task2' returned '0': CMAKE_PREFIX_PATH=${CMAKE_PREFIX_PATH}:/home/sachinb/ros2_ws/install/task1:/opt/ros/humble /usr/bin/cmake --build /home/sachinb/ros2_ws/build/task2 -- -j8 -l8
[1.580s] Invoking command in '/home/sachinb/ros2_ws/build/task2': CMAKE_PREFIX_PATH=${CMAKE_PREFIX_PATH}:/home/sachinb/ros2_ws/install/task1:/opt/ros/humble /usr/bin/cmake --install /home/sachinb/ros2_ws/build/task2
[1.588s] -- Install configuration: ""
[1.588s] -- Execute custom install script
[1.588s] -- Symlinking: /home/sachinb/ros2_ws/install/task2/lib/task2/node1
[1.598s] -- Symlinking: /home/sachinb/ros2_ws/install/task2/share/ament_index/resource_index/package_run_dependencies/task2
[1.608s] -- Symlinking: /home/sachinb/ros2_ws/install/task2/share/ament_index/resource_index/parent_prefix_path/task2
[1.617s] -- Symlinking: /home/sachinb/ros2_ws/install/task2/share/task2/environment/ament_prefix_path.sh
[1.626s] -- Symlinking: /home/sachinb/ros2_ws/install/task2/share/task2/environment/ament_prefix_path.dsv
[1.636s] -- Symlinking: /home/sachinb/ros2_ws/install/task2/share/task2/environment/path.sh
[1.645s] -- Symlinking: /home/sachinb/ros2_ws/install/task2/share/task2/environment/path.dsv
[1.654s] -- Symlinking: /home/sachinb/ros2_ws/install/task2/share/task2/local_setup.bash
[1.663s] -- Symlinking: /home/sachinb/ros2_ws/install/task2/share/task2/local_setup.sh
[1.672s] -- Symlinking: /home/sachinb/ros2_ws/install/task2/share/task2/local_setup.zsh
[1.681s] -- Symlinking: /home/sachinb/ros2_ws/install/task2/share/task2/local_setup.dsv
[1.691s] -- Symlinking: /home/sachinb/ros2_ws/install/task2/share/task2/package.dsv
[1.700s] -- Symlinking: /home/sachinb/ros2_ws/install/task2/share/ament_index/resource_index/packages/task2
[1.709s] -- Symlinking: /home/sachinb/ros2_ws/install/task2/share/task2/cmake/task2Config.cmake
[1.718s] -- Symlinking: /home/sachinb/ros2_ws/install/task2/share/task2/cmake/task2Config-version.cmake
[1.728s] -- Symlinking: /home/sachinb/ros2_ws/install/task2/share/task2/package.xml
[1.738s] Invoked command in '/home/sachinb/ros2_ws/build/task2' returned '0': CMAKE_PREFIX_PATH=${CMAKE_PREFIX_PATH}:/home/sachinb/ros2_ws/install/task1:/opt/ros/humble /usr/bin/cmake --install /home/sachinb/ros2_ws/build/task2
