[0.013s] Invoking command in '/home/sachinb/ros2_ws/build/task1cpp': CMAKE_PREFIX_PATH=${CMAKE_PREFIX_PATH}:/home/sachinb/ros2_ws/install/task1:/opt/ros/humble /usr/bin/cmake --build /home/sachinb/ros2_ws/build/task1cpp -- -j8 -l8
[0.070s] [ 50%] [32mBuilding CXX object CMakeFiles/publisher.dir/src/publisher.cpp.o[0m
[3.813s] [100%] [32m[1mLinking CXX executable publisher[0m
[3.944s] [100%] Built target publisher
[3.957s] Invoked command in '/home/sachinb/ros2_ws/build/task1cpp' returned '0': CMAKE_PREFIX_PATH=${CMAKE_PREFIX_PATH}:/home/sachinb/ros2_ws/install/task1:/opt/ros/humble /usr/bin/cmake --build /home/sachinb/ros2_ws/build/task1cpp -- -j8 -l8
[3.991s] Invoking command in '/home/sachinb/ros2_ws/build/task1cpp': CMAKE_PREFIX_PATH=${CMAKE_PREFIX_PATH}:/home/sachinb/ros2_ws/install/task1:/opt/ros/humble /usr/bin/cmake --install /home/sachinb/ros2_ws/build/task1cpp
[3.999s] -- Install configuration: ""
[3.999s] -- Installing: /home/sachinb/ros2_ws/install/task1cpp/lib/task1cpp/publisher
[4.000s] -- Set runtime path of "/home/sachinb/ros2_ws/install/task1cpp/lib/task1cpp/publisher" to ""
[4.000s] -- Up-to-date: /home/sachinb/ros2_ws/install/task1cpp/share/ament_index/resource_index/package_run_dependencies/task1cpp
[4.000s] -- Up-to-date: /home/sachinb/ros2_ws/install/task1cpp/share/ament_index/resource_index/parent_prefix_path/task1cpp
[4.000s] -- Up-to-date: /home/sachinb/ros2_ws/install/task1cpp/share/task1cpp/environment/ament_prefix_path.sh
[4.000s] -- Up-to-date: /home/sachinb/ros2_ws/install/task1cpp/share/task1cpp/environment/ament_prefix_path.dsv
[4.000s] -- Up-to-date: /home/sachinb/ros2_ws/install/task1cpp/share/task1cpp/environment/path.sh
[4.000s] -- Up-to-date: /home/sachinb/ros2_ws/install/task1cpp/share/task1cpp/environment/path.dsv
[4.001s] -- Up-to-date: /home/sachinb/ros2_ws/install/task1cpp/share/task1cpp/local_setup.bash
[4.001s] -- Up-to-date: /home/sachinb/ros2_ws/install/task1cpp/share/task1cpp/local_setup.sh
[4.001s] -- Up-to-date: /home/sachinb/ros2_ws/install/task1cpp/share/task1cpp/local_setup.zsh
[4.001s] -- Up-to-date: /home/sachinb/ros2_ws/install/task1cpp/share/task1cpp/local_setup.dsv
[4.001s] -- Installing: /home/sachinb/ros2_ws/install/task1cpp/share/task1cpp/package.dsv
[4.001s] -- Up-to-date: /home/sachinb/ros2_ws/install/task1cpp/share/ament_index/resource_index/packages/task1cpp
[4.001s] -- Up-to-date: /home/sachinb/ros2_ws/install/task1cpp/share/task1cpp/cmake/task1cppConfig.cmake
[4.001s] -- Up-to-date: /home/sachinb/ros2_ws/install/task1cpp/share/task1cpp/cmake/task1cppConfig-version.cmake
[4.001s] -- Up-to-date: /home/sachinb/ros2_ws/install/task1cpp/share/task1cpp/package.xml
[4.003s] Invoked command in '/home/sachinb/ros2_ws/build/task1cpp' returned '0': CMAKE_PREFIX_PATH=${CMAKE_PREFIX_PATH}:/home/sachinb/ros2_ws/install/task1:/opt/ros/humble /usr/bin/cmake --install /home/sachinb/ros2_ws/build/task1cpp
