[0.014s] Invoking command in '/home/sachinb/ros2_ws/build/task3': CMAKE_PREFIX_PATH=${CMAKE_PREFIX_PATH}:/home/sachinb/ros2_ws/install/task1:/opt/ros/humble /usr/bin/cmake --build /home/sachinb/ros2_ws/build/task3 -- -j8 -l8
[0.047s] -- Found ament_cmake: 1.3.10 (/opt/ros/humble/share/ament_cmake/cmake)
[0.210s] -- Override CMake install command with custom implementation using symlinks instead of copying resources
[0.220s] -- Found rclcpp: 16.0.10 (/opt/ros/humble/share/rclcpp/cmake)
[0.258s] -- Found rosidl_generator_c: 3.1.5 (/opt/ros/humble/share/rosidl_generator_c/cmake)
[0.262s] -- Found rosidl_adapter: 3.1.5 (/opt/ros/humble/share/rosidl_adapter/cmake)
[0.270s] -- Found rosidl_generator_cpp: 3.1.5 (/opt/ros/humble/share/rosidl_generator_cpp/cmake)
[0.283s] -- Using all available rosidl_typesupport_c: rosidl_typesupport_fastrtps_c;rosidl_typesupport_introspection_c
[0.300s] -- Using all available rosidl_typesupport_cpp: rosidl_typesupport_fastrtps_cpp;rosidl_typesupport_introspection_cpp
[0.346s] -- Found rmw_implementation_cmake: 6.1.2 (/opt/ros/humble/share/rmw_implementation_cmake/cmake)
[0.348s] -- Found rmw_fastrtps_cpp: 6.2.7 (/opt/ros/humble/share/rmw_fastrtps_cpp/cmake)
[0.480s] -- Using RMW implementation 'rmw_fastrtps_cpp' as default
[0.552s] -- Found rosidl_default_generators: 1.2.0 (/opt/ros/humble/share/rosidl_default_generators/cmake)
[0.882s] -- Found ament_cmake_ros: 0.10.0 (/opt/ros/humble/share/ament_cmake_ros/cmake)
[1.274s] -- Using all available rosidl_typesupport_c: rosidl_typesupport_fastrtps_c;rosidl_typesupport_introspection_c
[1.430s] -- Using all available rosidl_typesupport_cpp: rosidl_typesupport_fastrtps_cpp;rosidl_typesupport_introspection_cpp
[1.461s] -- Found python_cmake_module: 0.10.0 (/opt/ros/humble/share/python_cmake_module/cmake)
[1.490s] -- Using PYTHON_EXECUTABLE: /usr/bin/python3
[1.490s] -- Using PYTHON_INCLUDE_DIRS: /usr/include/python3.10
[1.490s] -- Using PYTHON_LIBRARIES: /usr/lib/x86_64-linux-gnu/libpython3.10.so
[1.521s] [31mCMake Error at CMakeLists.txt:17 (find_package):
[1.521s]   By not providing "Findcustom_service.cmake" in CMAKE_MODULE_PATH this
[1.521s]   project has asked CMake to find a package configuration file provided by
[1.521s]   "custom_service", but CMake did not find one.
[1.522s] 
[1.522s]   Could not find a package configuration file provided by "custom_service"
[1.522s]   with any of the following names:
[1.522s] 
[1.522s]     custom_serviceConfig.cmake
[1.522s]     custom_service-config.cmake
[1.522s] 
[1.522s]   Add the installation prefix of "custom_service" to CMAKE_PREFIX_PATH or set
[1.522s]   "custom_service_DIR" to a directory containing one of the above files.  If
[1.522s]   "custom_service" provides a separate development package or SDK, be sure it
[1.522s]   has been installed.
[1.522s] 
[1.523s] [0m
[1.523s] -- Configuring incomplete, errors occurred!
[1.523s] See also "/home/sachinb/ros2_ws/build/task3/CMakeFiles/CMakeOutput.log".
[1.531s] gmake: *** [Makefile:829: cmake_check_build_system] Error 1
[1.533s] Invoked command in '/home/sachinb/ros2_ws/build/task3' returned '2': CMAKE_PREFIX_PATH=${CMAKE_PREFIX_PATH}:/home/sachinb/ros2_ws/install/task1:/opt/ros/humble /usr/bin/cmake --build /home/sachinb/ros2_ws/build/task3 -- -j8 -l8
