[0.508s] Invoking command in '/home/sachinb/ros2_ws/build/task1': PYTHONPATH=/home/sachinb/ros2_ws/build/task1/prefix_override:/usr/lib/python3/dist-packages/colcon_core/task/python/colcon_distutils_commands:/home/sachinb/ros2_ws/install/task1/lib/python3.10/site-packages:${PYTHONPATH} /usr/bin/python3 -W ignore:setup.py install is deprecated setup.py develop --editable --build-directory /home/sachinb/ros2_ws/build/task1/build --no-deps symlink_data --force
[0.728s] running develop
[0.729s] /usr/lib/python3/dist-packages/setuptools/command/easy_install.py:158: EasyInstallDeprecationWarning: easy_install command is deprecated. Use build and pip and other standards-based tools.
[0.729s]   warnings.warn(
[0.864s] running egg_info
[0.864s] writing task1.egg-info/PKG-INFO
[0.864s] writing dependency_links to task1.egg-info/dependency_links.txt
[0.864s] writing entry points to task1.egg-info/entry_points.txt
[0.864s] writing requirements to task1.egg-info/requires.txt
[0.864s] writing top-level names to task1.egg-info/top_level.txt
[0.866s] reading manifest file 'task1.egg-info/SOURCES.txt'
[0.867s] writing manifest file 'task1.egg-info/SOURCES.txt'
[0.868s] running build_ext
[0.868s] Creating /home/sachinb/ros2_ws/install/task1/lib/python3.10/site-packages/task1.egg-link (link to .)
[0.869s] Installing publisher_python script to /home/sachinb/ros2_ws/install/task1/lib/task1
[0.869s] 
[0.869s] Installed /home/sachinb/ros2_ws/build/task1
[0.869s] running symlink_data
[0.869s] symbolically linking /home/sachinb/ros2_ws/build/task1/resource/task1 -> /home/sachinb/ros2_ws/install/task1/share/ament_index/resource_index/packages
[0.869s] symbolically linking /home/sachinb/ros2_ws/build/task1/package.xml -> /home/sachinb/ros2_ws/install/task1/share/task1
[0.897s] Invoked command in '/home/sachinb/ros2_ws/build/task1' returned '0': PYTHONPATH=/home/sachinb/ros2_ws/build/task1/prefix_override:/usr/lib/python3/dist-packages/colcon_core/task/python/colcon_distutils_commands:/home/sachinb/ros2_ws/install/task1/lib/python3.10/site-packages:${PYTHONPATH} /usr/bin/python3 -W ignore:setup.py install is deprecated setup.py develop --editable --build-directory /home/sachinb/ros2_ws/build/task1/build --no-deps symlink_data --force
