[0.763s] Invoking command in '/home/sachinb/ros2_ws/build/task1': PYTHONPATH=/home/sachinb/ros2_ws/build/task1/prefix_override:/usr/lib/python3/dist-packages/colcon_core/task/python/colcon_distutils_commands:/home/sachinb/ros2_ws/install/task1/lib/python3.10/site-packages:${PYTHONPATH} /usr/bin/python3 -W ignore:setup.py install is deprecated setup.py develop --uninstall --editable --build-directory /home/sachinb/ros2_ws/build/task1/build
[1.098s] running develop
[1.099s] /usr/lib/python3/dist-packages/setuptools/command/easy_install.py:158: EasyInstallDeprecationWarning: easy_install command is deprecated. Use build and pip and other standards-based tools.
[1.100s]   warnings.warn(
[1.306s] Removing /home/sachinb/ros2_ws/install/task1/lib/python3.10/site-packages/task1.egg-link (link to .)
[1.336s] Invoked command in '/home/sachinb/ros2_ws/build/task1' returned '0': PYTHONPATH=/home/sachinb/ros2_ws/build/task1/prefix_override:/usr/lib/python3/dist-packages/colcon_core/task/python/colcon_distutils_commands:/home/sachinb/ros2_ws/install/task1/lib/python3.10/site-packages:${PYTHONPATH} /usr/bin/python3 -W ignore:setup.py install is deprecated setup.py develop --uninstall --editable --build-directory /home/sachinb/ros2_ws/build/task1/build
[1.338s] Invoking command in '/home/sachinb/ros2_ws/src/task1': PYTHONPATH=/home/sachinb/ros2_ws/build/task1/prefix_override:/usr/lib/python3/dist-packages/colcon_core/task/python/colcon_distutils_commands:/home/sachinb/ros2_ws/install/task1/lib/python3.10/site-packages:${PYTHONPATH} /usr/bin/python3 -W ignore:setup.py install is deprecated setup.py egg_info --egg-base ../../build/task1 build --build-base /home/sachinb/ros2_ws/build/task1/build install --record /home/sachinb/ros2_ws/build/task1/install.log --single-version-externally-managed install_data --force
[1.630s] running egg_info
[1.631s] writing ../../build/task1/task1.egg-info/PKG-INFO
[1.631s] writing dependency_links to ../../build/task1/task1.egg-info/dependency_links.txt
[1.631s] writing entry points to ../../build/task1/task1.egg-info/entry_points.txt
[1.632s] writing requirements to ../../build/task1/task1.egg-info/requires.txt
[1.632s] writing top-level names to ../../build/task1/task1.egg-info/top_level.txt
[1.634s] reading manifest file '../../build/task1/task1.egg-info/SOURCES.txt'
[1.635s] writing manifest file '../../build/task1/task1.egg-info/SOURCES.txt'
[1.635s] running build
[1.635s] running build_py
[1.636s] copying task1/template_node.py -> /home/sachinb/ros2_ws/build/task1/build/lib/task1
[1.636s] copying task1/node1.py -> /home/sachinb/ros2_ws/build/task1/build/lib/task1
[1.636s] copying task1/node2.py -> /home/sachinb/ros2_ws/build/task1/build/lib/task1
[1.637s] running install
[1.637s] running install_lib
[1.638s] creating /home/sachinb/ros2_ws/install/task1/lib/python3.10/site-packages/task1
[1.638s] copying /home/sachinb/ros2_ws/build/task1/build/lib/task1/publisher.py -> /home/sachinb/ros2_ws/install/task1/lib/python3.10/site-packages/task1
[1.639s] copying /home/sachinb/ros2_ws/build/task1/build/lib/task1/template_node.py -> /home/sachinb/ros2_ws/install/task1/lib/python3.10/site-packages/task1
[1.639s] copying /home/sachinb/ros2_ws/build/task1/build/lib/task1/__init__.py -> /home/sachinb/ros2_ws/install/task1/lib/python3.10/site-packages/task1
[1.639s] copying /home/sachinb/ros2_ws/build/task1/build/lib/task1/node1.py -> /home/sachinb/ros2_ws/install/task1/lib/python3.10/site-packages/task1
[1.639s] copying /home/sachinb/ros2_ws/build/task1/build/lib/task1/node2.py -> /home/sachinb/ros2_ws/install/task1/lib/python3.10/site-packages/task1
[1.639s] byte-compiling /home/sachinb/ros2_ws/install/task1/lib/python3.10/site-packages/task1/publisher.py to publisher.cpython-310.pyc
[1.640s] byte-compiling /home/sachinb/ros2_ws/install/task1/lib/python3.10/site-packages/task1/template_node.py to template_node.cpython-310.pyc
[1.640s] byte-compiling /home/sachinb/ros2_ws/install/task1/lib/python3.10/site-packages/task1/__init__.py to __init__.cpython-310.pyc
[1.641s] byte-compiling /home/sachinb/ros2_ws/install/task1/lib/python3.10/site-packages/task1/node1.py to node1.cpython-310.pyc
[1.641s] byte-compiling /home/sachinb/ros2_ws/install/task1/lib/python3.10/site-packages/task1/node2.py to node2.cpython-310.pyc
[1.641s] running install_data
[1.641s] copying resource/task1 -> /home/sachinb/ros2_ws/install/task1/share/ament_index/resource_index/packages
[1.642s] copying package.xml -> /home/sachinb/ros2_ws/install/task1/share/task1
[1.642s] running install_egg_info
[1.644s] Copying ../../build/task1/task1.egg-info to /home/sachinb/ros2_ws/install/task1/lib/python3.10/site-packages/task1-0.0.0-py3.10.egg-info
[1.645s] running install_scripts
[1.671s] Installing node1 script to /home/sachinb/ros2_ws/install/task1/lib/task1
[1.671s] Installing node2 script to /home/sachinb/ros2_ws/install/task1/lib/task1
[1.671s] Installing template_python script to /home/sachinb/ros2_ws/install/task1/lib/task1
[1.671s] writing list of installed files to '/home/sachinb/ros2_ws/build/task1/install.log'
[1.696s] Invoked command in '/home/sachinb/ros2_ws/src/task1' returned '0': PYTHONPATH=/home/sachinb/ros2_ws/build/task1/prefix_override:/usr/lib/python3/dist-packages/colcon_core/task/python/colcon_distutils_commands:/home/sachinb/ros2_ws/install/task1/lib/python3.10/site-packages:${PYTHONPATH} /usr/bin/python3 -W ignore:setup.py install is deprecated setup.py egg_info --egg-base ../../build/task1 build --build-base /home/sachinb/ros2_ws/build/task1/build install --record /home/sachinb/ros2_ws/build/task1/install.log --single-version-externally-managed install_data --force
