[0.599s] Invoking command in '/home/sachinb/ros2_ws/build/task1': PYTHONPATH=/home/sachinb/ros2_ws/build/task1/prefix_override:/usr/lib/python3/dist-packages/colcon_core/task/python/colcon_distutils_commands:/home/sachinb/ros2_ws/install/task1/lib/python3.10/site-packages:${PYTHONPATH} /usr/bin/python3 -W ignore:setup.py install is deprecated setup.py develop --uninstall --editable --build-directory /home/sachinb/ros2_ws/build/task1/build
[0.841s] running develop
[0.985s] Removing /home/sachinb/ros2_ws/install/task1/lib/python3.10/site-packages/task1.egg-link (link to .)
[1.012s] Invoked command in '/home/sachinb/ros2_ws/build/task1' returned '0': PYTHONPATH=/home/sachinb/ros2_ws/build/task1/prefix_override:/usr/lib/python3/dist-packages/colcon_core/task/python/colcon_distutils_commands:/home/sachinb/ros2_ws/install/task1/lib/python3.10/site-packages:${PYTHONPATH} /usr/bin/python3 -W ignore:setup.py install is deprecated setup.py develop --uninstall --editable --build-directory /home/sachinb/ros2_ws/build/task1/build
[1.013s] Invoking command in '/home/sachinb/ros2_ws/src/task1': PYTHONPATH=/home/sachinb/ros2_ws/build/task1/prefix_override:/usr/lib/python3/dist-packages/colcon_core/task/python/colcon_distutils_commands:/home/sachinb/ros2_ws/install/task1/lib/python3.10/site-packages:${PYTHONPATH} /usr/bin/python3 -W ignore:setup.py install is deprecated setup.py egg_info --egg-base ../../build/task1 build --build-base /home/sachinb/ros2_ws/build/task1/build install --record /home/sachinb/ros2_ws/build/task1/install.log --single-version-externally-managed install_data --force
[1.218s] running egg_info
[1.219s] writing ../../build/task1/task1.egg-info/PKG-INFO
[1.219s] writing dependency_links to ../../build/task1/task1.egg-info/dependency_links.txt
[1.220s] writing entry points to ../../build/task1/task1.egg-info/entry_points.txt
[1.220s] writing requirements to ../../build/task1/task1.egg-info/requires.txt
[1.220s] writing top-level names to ../../build/task1/task1.egg-info/top_level.txt
[1.222s] reading manifest file '../../build/task1/task1.egg-info/SOURCES.txt'
[1.224s] writing manifest file '../../build/task1/task1.egg-info/SOURCES.txt'
[1.224s] running build
[1.224s] running build_py
[1.225s] running install
[1.225s] running install_lib
[1.225s] creating /home/sachinb/ros2_ws/install/task1/lib/python3.10/site-packages/task1
[1.225s] copying /home/sachinb/ros2_ws/build/task1/build/lib/task1/template_node.py -> /home/sachinb/ros2_ws/install/task1/lib/python3.10/site-packages/task1
[1.226s] copying /home/sachinb/ros2_ws/build/task1/build/lib/task1/__init__.py -> /home/sachinb/ros2_ws/install/task1/lib/python3.10/site-packages/task1
[1.226s] copying /home/sachinb/ros2_ws/build/task1/build/lib/task1/node1.py -> /home/sachinb/ros2_ws/install/task1/lib/python3.10/site-packages/task1
[1.226s] copying /home/sachinb/ros2_ws/build/task1/build/lib/task1/node2.py -> /home/sachinb/ros2_ws/install/task1/lib/python3.10/site-packages/task1
[1.226s] byte-compiling /home/sachinb/ros2_ws/install/task1/lib/python3.10/site-packages/task1/template_node.py to template_node.cpython-310.pyc
[1.227s] byte-compiling /home/sachinb/ros2_ws/install/task1/lib/python3.10/site-packages/task1/__init__.py to __init__.cpython-310.pyc
[1.227s] byte-compiling /home/sachinb/ros2_ws/install/task1/lib/python3.10/site-packages/task1/node1.py to node1.cpython-310.pyc
[1.228s] byte-compiling /home/sachinb/ros2_ws/install/task1/lib/python3.10/site-packages/task1/node2.py to node2.cpython-310.pyc
[1.228s] running install_data
[1.228s] copying resource/task1 -> /home/sachinb/ros2_ws/install/task1/share/ament_index/resource_index/packages
[1.228s] copying package.xml -> /home/sachinb/ros2_ws/install/task1/share/task1
[1.229s] running install_egg_info
[1.231s] Copying ../../build/task1/task1.egg-info to /home/sachinb/ros2_ws/install/task1/lib/python3.10/site-packages/task1-0.0.0-py3.10.egg-info
[1.231s] running install_scripts
[1.249s] Installing node1 script to /home/sachinb/ros2_ws/install/task1/lib/task1
[1.249s] Installing node2 script to /home/sachinb/ros2_ws/install/task1/lib/task1
[1.249s] Installing template_python script to /home/sachinb/ros2_ws/install/task1/lib/task1
[1.249s] writing list of installed files to '/home/sachinb/ros2_ws/build/task1/install.log'
[1.269s] Invoked command in '/home/sachinb/ros2_ws/src/task1' returned '0': PYTHONPATH=/home/sachinb/ros2_ws/build/task1/prefix_override:/usr/lib/python3/dist-packages/colcon_core/task/python/colcon_distutils_commands:/home/sachinb/ros2_ws/install/task1/lib/python3.10/site-packages:${PYTHONPATH} /usr/bin/python3 -W ignore:setup.py install is deprecated setup.py egg_info --egg-base ../../build/task1 build --build-base /home/sachinb/ros2_ws/build/task1/build install --record /home/sachinb/ros2_ws/build/task1/install.log --single-version-externally-managed install_data --force
