[0.428s] Invoking command in '/home/sachinb/ros2_ws/build/task1': PYTHONPATH=/home/sachinb/ros2_ws/build/task1/prefix_override:/usr/lib/python3/dist-packages/colcon_core/task/python/colcon_distutils_commands:/home/sachinb/ros2_ws/install/task1/lib/python3.10/site-packages:${PYTHONPATH} /usr/bin/python3 -W ignore:setup.py install is deprecated setup.py develop --uninstall --editable --build-directory /home/sachinb/ros2_ws/build/task1/build
[0.613s] running develop
[0.613s] /usr/lib/python3/dist-packages/setuptools/command/easy_install.py:158: EasyInstallDeprecationWarning: easy_install command is deprecated. Use build and pip and other standards-based tools.
[0.613s]   warnings.warn(
[0.727s] Removing /home/sachinb/ros2_ws/install/task1/lib/python3.10/site-packages/task1.egg-link (link to .)
[0.746s] Invoked command in '/home/sachinb/ros2_ws/build/task1' returned '0': PYTHONPATH=/home/sachinb/ros2_ws/build/task1/prefix_override:/usr/lib/python3/dist-packages/colcon_core/task/python/colcon_distutils_commands:/home/sachinb/ros2_ws/install/task1/lib/python3.10/site-packages:${PYTHONPATH} /usr/bin/python3 -W ignore:setup.py install is deprecated setup.py develop --uninstall --editable --build-directory /home/sachinb/ros2_ws/build/task1/build
[0.747s] Invoking command in '/home/sachinb/ros2_ws/src/task1': PYTHONPATH=/home/sachinb/ros2_ws/build/task1/prefix_override:/usr/lib/python3/dist-packages/colcon_core/task/python/colcon_distutils_commands:/home/sachinb/ros2_ws/install/task1/lib/python3.10/site-packages:${PYTHONPATH} /usr/bin/python3 -W ignore:setup.py install is deprecated setup.py egg_info --egg-base ../../build/task1 build --build-base /home/sachinb/ros2_ws/build/task1/build install --record /home/sachinb/ros2_ws/build/task1/install.log --single-version-externally-managed install_data --force
[0.919s] running egg_info
[0.919s] writing ../../build/task1/task1.egg-info/PKG-INFO
[0.919s] writing dependency_links to ../../build/task1/task1.egg-info/dependency_links.txt
[0.919s] writing entry points to ../../build/task1/task1.egg-info/entry_points.txt
[0.920s] writing requirements to ../../build/task1/task1.egg-info/requires.txt
[0.920s] writing top-level names to ../../build/task1/task1.egg-info/top_level.txt
[0.921s] reading manifest file '../../build/task1/task1.egg-info/SOURCES.txt'
[0.921s] writing manifest file '../../build/task1/task1.egg-info/SOURCES.txt'
[0.921s] running build
[0.922s] running build_py
[0.922s] copying task1/publisher.py -> /home/sachinb/ros2_ws/build/task1/build/lib/task1
[0.922s] running install
[0.922s] running install_lib
[0.922s] creating /home/sachinb/ros2_ws/install/task1/lib/python3.10/site-packages/task1
[0.922s] copying /home/sachinb/ros2_ws/build/task1/build/lib/task1/publisher.py -> /home/sachinb/ros2_ws/install/task1/lib/python3.10/site-packages/task1
[0.923s] copying /home/sachinb/ros2_ws/build/task1/build/lib/task1/__init__.py -> /home/sachinb/ros2_ws/install/task1/lib/python3.10/site-packages/task1
[0.923s] byte-compiling /home/sachinb/ros2_ws/install/task1/lib/python3.10/site-packages/task1/publisher.py to publisher.cpython-310.pyc
[0.923s] byte-compiling /home/sachinb/ros2_ws/install/task1/lib/python3.10/site-packages/task1/__init__.py to __init__.cpython-310.pyc
[0.923s] running install_data
[0.923s] copying resource/task1 -> /home/sachinb/ros2_ws/install/task1/share/ament_index/resource_index/packages
[0.924s] copying package.xml -> /home/sachinb/ros2_ws/install/task1/share/task1
[0.924s] running install_egg_info
[0.925s] Copying ../../build/task1/task1.egg-info to /home/sachinb/ros2_ws/install/task1/lib/python3.10/site-packages/task1-0.0.0-py3.10.egg-info
[0.926s] running install_scripts
[0.941s] Installing publisher_python script to /home/sachinb/ros2_ws/install/task1/lib/task1
[0.941s] writing list of installed files to '/home/sachinb/ros2_ws/build/task1/install.log'
[0.958s] Invoked command in '/home/sachinb/ros2_ws/src/task1' returned '0': PYTHONPATH=/home/sachinb/ros2_ws/build/task1/prefix_override:/usr/lib/python3/dist-packages/colcon_core/task/python/colcon_distutils_commands:/home/sachinb/ros2_ws/install/task1/lib/python3.10/site-packages:${PYTHONPATH} /usr/bin/python3 -W ignore:setup.py install is deprecated setup.py egg_info --egg-base ../../build/task1 build --build-base /home/sachinb/ros2_ws/build/task1/build install --record /home/sachinb/ros2_ws/build/task1/install.log --single-version-externally-managed install_data --force
