[0.210s] Invoking command in '/home/sachinb/ros2_ws/build/task2': CMAKE_PREFIX_PATH=/opt/ros/humble /usr/bin/cmake /home/sachinb/ros2_ws/src/task2 -DCMAKE_INSTALL_PREFIX=/home/sachinb/ros2_ws/install/task2
[0.280s] -- The C compiler identification is GNU 11.4.0
[0.345s] -- The CXX compiler identification is GNU 11.4.0
[0.353s] -- Detecting C compiler ABI info
[0.407s] -- Detecting C compiler ABI info - done
[0.413s] -- Check for working C compiler: /usr/bin/cc - skipped
[0.414s] -- Detecting C compile features
[0.414s] -- Detecting C compile features - done
[0.417s] -- Detecting CXX compiler ABI info
[0.487s] -- Detecting CXX compiler ABI info - done
[0.493s] -- Check for working CXX compiler: /usr/bin/c++ - skipped
[0.494s] -- Detecting CXX compile features
[0.494s] -- Detecting CXX compile features - done
[0.499s] -- Found ament_cmake: 1.3.10 (/opt/ros/humble/share/ament_cmake/cmake)
[0.630s] -- Found Python3: /usr/bin/python3 (found version "3.10.12") found components: Interpreter 
[0.708s] -- Found rclcpp: 16.0.10 (/opt/ros/humble/share/rclcpp/cmake)
[0.753s] -- Found rosidl_generator_c: 3.1.5 (/opt/ros/humble/share/rosidl_generator_c/cmake)
[0.758s] -- Found rosidl_adapter: 3.1.5 (/opt/ros/humble/share/rosidl_adapter/cmake)
[0.766s] -- Found rosidl_generator_cpp: 3.1.5 (/opt/ros/humble/share/rosidl_generator_cpp/cmake)
[0.778s] -- Using all available rosidl_typesupport_c: rosidl_typesupport_fastrtps_c;rosidl_typesupport_introspection_c
[0.793s] -- Using all available rosidl_typesupport_cpp: rosidl_typesupport_fastrtps_cpp;rosidl_typesupport_introspection_cpp
[0.843s] -- Found rmw_implementation_cmake: 6.1.2 (/opt/ros/humble/share/rmw_implementation_cmake/cmake)
[0.846s] -- Found rmw_fastrtps_cpp: 6.2.7 (/opt/ros/humble/share/rmw_fastrtps_cpp/cmake)
[0.915s] -- Found OpenSSL: /usr/lib/x86_64-linux-gnu/libcrypto.so (found version "3.0.2")  
[0.934s] -- Found FastRTPS: /opt/ros/humble/include  
[0.962s] -- Using RMW implementation 'rmw_fastrtps_cpp' as default
[0.970s] -- Looking for pthread.h
[1.026s] -- Looking for pthread.h - found
[1.026s] -- Performing Test CMAKE_HAVE_LIBC_PTHREAD
[1.079s] -- Performing Test CMAKE_HAVE_LIBC_PTHREAD - Success
[1.080s] -- Found Threads: TRUE  
[1.130s] -- Found ament_lint_auto: 0.12.11 (/opt/ros/humble/share/ament_lint_auto/cmake)
[1.194s] -- Added test 'lint_cmake' to check CMake code style
[1.195s] -- Added test 'xmllint' to check XML markup files
[1.197s] -- Configuring done
[1.200s] -- Generating done
[1.201s] -- Build files have been written to: /home/sachinb/ros2_ws/build/task2
[1.209s] Invoked command in '/home/sachinb/ros2_ws/build/task2' returned '0': CMAKE_PREFIX_PATH=/opt/ros/humble /usr/bin/cmake /home/sachinb/ros2_ws/src/task2 -DCMAKE_INSTALL_PREFIX=/home/sachinb/ros2_ws/install/task2
[1.211s] Invoking command in '/home/sachinb/ros2_ws/build/task2': CMAKE_PREFIX_PATH=/opt/ros/humble /usr/bin/cmake --build /home/sachinb/ros2_ws/build/task2 -- -j8 -l8
[1.241s] Invoked command in '/home/sachinb/ros2_ws/build/task2' returned '0': CMAKE_PREFIX_PATH=/opt/ros/humble /usr/bin/cmake --build /home/sachinb/ros2_ws/build/task2 -- -j8 -l8
[1.262s] Invoking command in '/home/sachinb/ros2_ws/build/task2': CMAKE_PREFIX_PATH=/opt/ros/humble /usr/bin/cmake --install /home/sachinb/ros2_ws/build/task2
[1.267s] -- Install configuration: ""
[1.267s] -- Installing: /home/sachinb/ros2_ws/install/task2/share/ament_index/resource_index/package_run_dependencies/task2
[1.267s] -- Installing: /home/sachinb/ros2_ws/install/task2/share/ament_index/resource_index/parent_prefix_path/task2
[1.268s] -- Installing: /home/sachinb/ros2_ws/install/task2/share/task2/environment/ament_prefix_path.sh
[1.268s] -- Installing: /home/sachinb/ros2_ws/install/task2/share/task2/environment/ament_prefix_path.dsv
[1.268s] -- Installing: /home/sachinb/ros2_ws/install/task2/share/task2/environment/path.sh
[1.268s] -- Installing: /home/sachinb/ros2_ws/install/task2/share/task2/environment/path.dsv
[1.268s] -- Installing: /home/sachinb/ros2_ws/install/task2/share/task2/local_setup.bash
[1.268s] -- Installing: /home/sachinb/ros2_ws/install/task2/share/task2/local_setup.sh
[1.268s] -- Installing: /home/sachinb/ros2_ws/install/task2/share/task2/local_setup.zsh
[1.268s] -- Installing: /home/sachinb/ros2_ws/install/task2/share/task2/local_setup.dsv
[1.269s] -- Installing: /home/sachinb/ros2_ws/install/task2/share/task2/package.dsv
[1.269s] -- Installing: /home/sachinb/ros2_ws/install/task2/share/ament_index/resource_index/packages/task2
[1.269s] -- Installing: /home/sachinb/ros2_ws/install/task2/share/task2/cmake/task2Config.cmake
[1.269s] -- Installing: /home/sachinb/ros2_ws/install/task2/share/task2/cmake/task2Config-version.cmake
[1.269s] -- Installing: /home/sachinb/ros2_ws/install/task2/share/task2/package.xml
[1.271s] Invoked command in '/home/sachinb/ros2_ws/build/task2' returned '0': CMAKE_PREFIX_PATH=/opt/ros/humble /usr/bin/cmake --install /home/sachinb/ros2_ws/build/task2
