[0.013s] Invoking command in '/home/sachinb/ros2_ws/build/task3': /usr/bin/cmake --build /home/sachinb/ros2_ws/build/task3 -- -j8 -l8
[0.042s] -- Found ament_cmake: 1.3.10 (/opt/ros/humble/share/ament_cmake/cmake)
[0.194s] -- Override CMake install command with custom implementation using symlinks instead of copying resources
[0.203s] -- Found rclcpp: 16.0.10 (/opt/ros/humble/share/rclcpp/cmake)
[0.240s] -- Found rosidl_generator_c: 3.1.5 (/opt/ros/humble/share/rosidl_generator_c/cmake)
[0.243s] -- Found rosidl_adapter: 3.1.5 (/opt/ros/humble/share/rosidl_adapter/cmake)
[0.250s] -- Found rosidl_generator_cpp: 3.1.5 (/opt/ros/humble/share/rosidl_generator_cpp/cmake)
[0.263s] -- Using all available rosidl_typesupport_c: rosidl_typesupport_fastrtps_c;rosidl_typesupport_introspection_c
[0.280s] -- Using all available rosidl_typesupport_cpp: rosidl_typesupport_fastrtps_cpp;rosidl_typesupport_introspection_cpp
[0.324s] -- Found rmw_implementation_cmake: 6.1.2 (/opt/ros/humble/share/rmw_implementation_cmake/cmake)
[0.326s] -- Found rmw_fastrtps_cpp: 6.2.7 (/opt/ros/humble/share/rmw_fastrtps_cpp/cmake)
[0.448s] -- Using RMW implementation 'rmw_fastrtps_cpp' as default
[0.515s] -- Found rosidl_default_generators: 1.2.0 (/opt/ros/humble/share/rosidl_default_generators/cmake)
[0.524s] -- Found task3: 0.0.0 (/home/sachinb/ros2_ws/install/task3/share/task3/cmake)
[0.765s] Error parsing '/home/sachinb/ros2_ws/src/task3/package.xml':
[0.824s] Traceback (most recent call last):
[0.824s]   File "/opt/ros/humble/share/ament_cmake_core/cmake/core/package_xml_2_cmake.py", line 150, in <module>
[0.824s]     main()
[0.825s]   File "/opt/ros/humble/share/ament_cmake_core/cmake/core/package_xml_2_cmake.py", line 53, in main
[0.825s]     raise e
[0.825s]   File "/opt/ros/humble/share/ament_cmake_core/cmake/core/package_xml_2_cmake.py", line 49, in main
[0.825s]     package = parse_package_string(
[0.825s]   File "/usr/lib/python3/dist-packages/catkin_pkg/package.py", line 788, in parse_package_string
[0.825s]     pkg.validate(warnings=warnings)
[0.825s]   File "/usr/lib/python3/dist-packages/catkin_pkg/package.py", line 330, in validate
[0.825s]     raise InvalidPackage('\n'.join(errors), self.filename)
[0.826s] catkin_pkg.package.InvalidPackage: Error(s) in package '/home/sachinb/ros2_ws/src/task3/package.xml':
[0.826s] The package "task3" must not "build_depend" on a package with the same name as this package
[0.826s] The package "task3" must not "build_export_depend" on a package with the same name as this package
[0.826s] The package "task3" must not "exec_depend" on a package with the same name as this package
[0.843s] [31mCMake Error at /opt/ros/humble/share/ament_cmake_core/cmake/core/ament_package_xml.cmake:95 (message):
[0.843s]   execute_process(/usr/bin/python3
[0.843s]   /opt/ros/humble/share/ament_cmake_core/cmake/core/package_xml_2_cmake.py
[0.843s]   /home/sachinb/ros2_ws/src/task3/package.xml
[0.843s]   /home/sachinb/ros2_ws/build/task3/ament_cmake_core/package.cmake) returned
[0.843s]   error code 1
[0.843s] Call Stack (most recent call first):
[0.843s]   /opt/ros/humble/share/ament_cmake_core/cmake/core/ament_package_xml.cmake:49 (_ament_package_xml)
[0.844s]   /opt/ros/humble/share/rosidl_cmake/cmake/rosidl_generate_interfaces.cmake:226 (ament_package_xml)
[0.844s]   CMakeLists.txt:15 (rosidl_generate_interfaces)
[0.844s] 
[0.844s] [0m
[0.844s] -- Configuring incomplete, errors occurred!
[0.844s] See also "/home/sachinb/ros2_ws/build/task3/CMakeFiles/CMakeOutput.log".
[0.851s] gmake: *** [Makefile:829: cmake_check_build_system] Error 1
[0.853s] Invoked command in '/home/sachinb/ros2_ws/build/task3' returned '2': /usr/bin/cmake --build /home/sachinb/ros2_ws/build/task3 -- -j8 -l8
