[0.511s] Invoking command in '/home/sachinb/ros2_ws/build/task1': PYTHONPATH=/home/sachinb/ros2_ws/build/task1/prefix_override:/usr/lib/python3/dist-packages/colcon_core/task/python/colcon_distutils_commands:/home/sachinb/ros2_ws/install/task1/lib/python3.10/site-packages:${PYTHONPATH} /usr/bin/python3 -W ignore:setup.py install is deprecated setup.py develop --editable --build-directory /home/sachinb/ros2_ws/build/task1/build --no-deps symlink_data --force
[0.752s] running develop
[0.879s] running egg_info
[0.879s] writing task1.egg-info/PKG-INFO
[0.879s] writing dependency_links to task1.egg-info/dependency_links.txt
[0.879s] writing entry points to task1.egg-info/entry_points.txt
[0.879s] writing requirements to task1.egg-info/requires.txt
[0.880s] writing top-level names to task1.egg-info/top_level.txt
[0.881s] reading manifest file 'task1.egg-info/SOURCES.txt'
[0.881s] writing manifest file 'task1.egg-info/SOURCES.txt'
[0.882s] running build_ext
[0.882s] Creating /home/sachinb/ros2_ws/install/task1/lib/python3.10/site-packages/task1.egg-link (link to .)
[0.883s] Installing node1 script to /home/sachinb/ros2_ws/install/task1/lib/task1
[0.883s] Installing node2 script to /home/sachinb/ros2_ws/install/task1/lib/task1
[0.883s] Installing template_python script to /home/sachinb/ros2_ws/install/task1/lib/task1
[0.883s] 
[0.883s] Installed /home/sachinb/ros2_ws/build/task1
[0.883s] running symlink_data
[0.883s] symbolically linking /home/sachinb/ros2_ws/build/task1/resource/task1 -> /home/sachinb/ros2_ws/install/task1/share/ament_index/resource_index/packages
[0.883s] symbolically linking /home/sachinb/ros2_ws/build/task1/package.xml -> /home/sachinb/ros2_ws/install/task1/share/task1
[0.904s] Invoked command in '/home/sachinb/ros2_ws/build/task1' returned '0': PYTHONPATH=/home/sachinb/ros2_ws/build/task1/prefix_override:/usr/lib/python3/dist-packages/colcon_core/task/python/colcon_distutils_commands:/home/sachinb/ros2_ws/install/task1/lib/python3.10/site-packages:${PYTHONPATH} /usr/bin/python3 -W ignore:setup.py install is deprecated setup.py develop --editable --build-directory /home/sachinb/ros2_ws/build/task1/build --no-deps symlink_data --force
