[0.768s] Invoking command in '/home/sachinb/ros2_ws/src/task1': PYTHONPATH=/home/sachinb/ros2_ws/build/task1/prefix_override:/usr/lib/python3/dist-packages/colcon_core/task/python/colcon_distutils_commands:/home/sachinb/ros2_ws/install/task1/lib/python3.10/site-packages:${PYTHONPATH} /usr/bin/python3 -W ignore:setup.py install is deprecated setup.py egg_info --egg-base ../../build/task1 build --build-base /home/sachinb/ros2_ws/build/task1/build install --record /home/sachinb/ros2_ws/build/task1/install.log --single-version-externally-managed install_data
[1.066s] running egg_info
[1.067s] writing ../../build/task1/task1.egg-info/PKG-INFO
[1.067s] writing dependency_links to ../../build/task1/task1.egg-info/dependency_links.txt
[1.067s] writing entry points to ../../build/task1/task1.egg-info/entry_points.txt
[1.068s] writing requirements to ../../build/task1/task1.egg-info/requires.txt
[1.068s] writing top-level names to ../../build/task1/task1.egg-info/top_level.txt
[1.070s] reading manifest file '../../build/task1/task1.egg-info/SOURCES.txt'
[1.071s] writing manifest file '../../build/task1/task1.egg-info/SOURCES.txt'
[1.071s] running build
[1.071s] running build_py
[1.071s] running install
[1.071s] running install_lib
[1.073s] running install_data
[1.073s] running install_egg_info
[1.075s] removing '/home/sachinb/ros2_ws/install/task1/lib/python3.10/site-packages/task1-0.0.0-py3.10.egg-info' (and everything under it)
[1.075s] Copying ../../build/task1/task1.egg-info to /home/sachinb/ros2_ws/install/task1/lib/python3.10/site-packages/task1-0.0.0-py3.10.egg-info
[1.076s] running install_scripts
[1.102s] writing list of installed files to '/home/sachinb/ros2_ws/build/task1/install.log'
[1.127s] Invoked command in '/home/sachinb/ros2_ws/src/task1' returned '0': PYTHONPATH=/home/sachinb/ros2_ws/build/task1/prefix_override:/usr/lib/python3/dist-packages/colcon_core/task/python/colcon_distutils_commands:/home/sachinb/ros2_ws/install/task1/lib/python3.10/site-packages:${PYTHONPATH} /usr/bin/python3 -W ignore:setup.py install is deprecated setup.py egg_info --egg-base ../../build/task1 build --build-base /home/sachinb/ros2_ws/build/task1/build install --record /home/sachinb/ros2_ws/build/task1/install.log --single-version-externally-managed install_data
