[0.349s] Invoking command in '/home/sachinb/ros2_ws/build/task2': CMAKE_PREFIX_PATH=${CMAKE_PREFIX_PATH}:/home/sachinb/ros2_ws/install/task1:/opt/ros/humble /usr/bin/cmake --build /home/sachinb/ros2_ws/build/task2 -- -j8 -l8
[0.406s] Invoked command in '/home/sachinb/ros2_ws/build/task2' returned '0': CMAKE_PREFIX_PATH=${CMAKE_PREFIX_PATH}:/home/sachinb/ros2_ws/install/task1:/opt/ros/humble /usr/bin/cmake --build /home/sachinb/ros2_ws/build/task2 -- -j8 -l8
[0.441s] Invoking command in '/home/sachinb/ros2_ws/build/task2': CMAKE_PREFIX_PATH=${CMAKE_PREFIX_PATH}:/home/sachinb/ros2_ws/install/task1:/opt/ros/humble /usr/bin/cmake --install /home/sachinb/ros2_ws/build/task2
[0.450s] -- Install configuration: ""
[0.450s] -- Up-to-date: /home/sachinb/ros2_ws/install/task2/share/ament_index/resource_index/package_run_dependencies/task2
[0.450s] -- Up-to-date: /home/sachinb/ros2_ws/install/task2/share/ament_index/resource_index/parent_prefix_path/task2
[0.450s] -- Up-to-date: /home/sachinb/ros2_ws/install/task2/share/task2/environment/ament_prefix_path.sh
[0.451s] -- Up-to-date: /home/sachinb/ros2_ws/install/task2/share/task2/environment/ament_prefix_path.dsv
[0.451s] -- Up-to-date: /home/sachinb/ros2_ws/install/task2/share/task2/environment/path.sh
[0.451s] -- Up-to-date: /home/sachinb/ros2_ws/install/task2/share/task2/environment/path.dsv
[0.451s] -- Up-to-date: /home/sachinb/ros2_ws/install/task2/share/task2/local_setup.bash
[0.451s] -- Up-to-date: /home/sachinb/ros2_ws/install/task2/share/task2/local_setup.sh
[0.451s] -- Up-to-date: /home/sachinb/ros2_ws/install/task2/share/task2/local_setup.zsh
[0.451s] -- Up-to-date: /home/sachinb/ros2_ws/install/task2/share/task2/local_setup.dsv
[0.451s] -- Up-to-date: /home/sachinb/ros2_ws/install/task2/share/task2/package.dsv
[0.452s] -- Up-to-date: /home/sachinb/ros2_ws/install/task2/share/ament_index/resource_index/packages/task2
[0.452s] -- Up-to-date: /home/sachinb/ros2_ws/install/task2/share/task2/cmake/task2Config.cmake
[0.452s] -- Up-to-date: /home/sachinb/ros2_ws/install/task2/share/task2/cmake/task2Config-version.cmake
[0.452s] -- Up-to-date: /home/sachinb/ros2_ws/install/task2/share/task2/package.xml
[0.453s] Invoked command in '/home/sachinb/ros2_ws/build/task2' returned '0': CMAKE_PREFIX_PATH=${CMAKE_PREFIX_PATH}:/home/sachinb/ros2_ws/install/task1:/opt/ros/humble /usr/bin/cmake --install /home/sachinb/ros2_ws/build/task2
