-- Found ament_cmake: 1.3.10 (/opt/ros/humble/share/ament_cmake/cmake)
-- Override CMake install command with custom implementation using symlinks instead of copying resources
-- Found rclcpp: 16.0.10 (/opt/ros/humble/share/rclcpp/cmake)
-- Found rosidl_generator_c: 3.1.5 (/opt/ros/humble/share/rosidl_generator_c/cmake)
-- Found rosidl_adapter: 3.1.5 (/opt/ros/humble/share/rosidl_adapter/cmake)
-- Found rosidl_generator_cpp: 3.1.5 (/opt/ros/humble/share/rosidl_generator_cpp/cmake)
-- Using all available rosidl_typesupport_c: rosidl_typesupport_fastrtps_c;rosidl_typesupport_introspection_c
-- Using all available rosidl_typesupport_cpp: rosidl_typesupport_fastrtps_cpp;rosidl_typesupport_introspection_cpp
-- Found rmw_implementation_cmake: 6.1.2 (/opt/ros/humble/share/rmw_implementation_cmake/cmake)
-- Found rmw_fastrtps_cpp: 6.2.7 (/opt/ros/humble/share/rmw_fastrtps_cpp/cmake)
-- Using RMW implementation 'rmw_fastrtps_cpp' as default
-- Found ament_lint_auto: 0.12.11 (/opt/ros/humble/share/ament_lint_auto/cmake)
-- Added test 'cppcheck' to perform static code analysis on C / C++ code
-- Configured cppcheck include dirs: 
-- Configured cppcheck exclude dirs and/or files: 
-- Added test 'lint_cmake' to check CMake code style
-- Added test 'uncrustify' to check C / C++ code style
-- Configured uncrustify additional arguments: 
-- Added test 'xmllint' to check XML markup files
-- Configuring done
-- Generating done
-- Build files have been written to: /home/sachinb/ros2_ws/build/task1cpp
[35m[1mConsolidate compiler generated dependencies of target publisher[0m
[ 50%] [32m[1mLinking CXX executable publisher[0m
[100%] Built target publisher
-- Install configuration: ""
-- Execute custom install script
-- Symlinking: /home/sachinb/ros2_ws/install/task1cpp/lib/task1cpp/publisher
-- Symlinking: /home/sachinb/ros2_ws/install/task1cpp/share/ament_index/resource_index/package_run_dependencies/task1cpp
-- Symlinking: /home/sachinb/ros2_ws/install/task1cpp/share/ament_index/resource_index/parent_prefix_path/task1cpp
-- Symlinking: /home/sachinb/ros2_ws/install/task1cpp/share/task1cpp/environment/ament_prefix_path.sh
-- Symlinking: /home/sachinb/ros2_ws/install/task1cpp/share/task1cpp/environment/ament_prefix_path.dsv
-- Symlinking: /home/sachinb/ros2_ws/install/task1cpp/share/task1cpp/environment/path.sh
-- Symlinking: /home/sachinb/ros2_ws/install/task1cpp/share/task1cpp/environment/path.dsv
-- Symlinking: /home/sachinb/ros2_ws/install/task1cpp/share/task1cpp/local_setup.bash
-- Symlinking: /home/sachinb/ros2_ws/install/task1cpp/share/task1cpp/local_setup.sh
-- Symlinking: /home/sachinb/ros2_ws/install/task1cpp/share/task1cpp/local_setup.zsh
-- Symlinking: /home/sachinb/ros2_ws/install/task1cpp/share/task1cpp/local_setup.dsv
-- Symlinking: /home/sachinb/ros2_ws/install/task1cpp/share/task1cpp/package.dsv
-- Symlinking: /home/sachinb/ros2_ws/install/task1cpp/share/ament_index/resource_index/packages/task1cpp
-- Symlinking: /home/sachinb/ros2_ws/install/task1cpp/share/task1cpp/cmake/task1cppConfig.cmake
-- Symlinking: /home/sachinb/ros2_ws/install/task1cpp/share/task1cpp/cmake/task1cppConfig-version.cmake
-- Symlinking: /home/sachinb/ros2_ws/install/task1cpp/share/task1cpp/package.xml
