[0.206s] Invoking command in '/home/sachinb/ros2_ws/build/task1cpp': CMAKE_PREFIX_PATH=${CMAKE_PREFIX_PATH}:/home/sachinb/ros2_ws/install/task1:/opt/ros/humble /usr/bin/cmake /home/sachinb/ros2_ws/src/task1cpp -DAMENT_CMAKE_SYMLINK_INSTALL=1 -DCMAKE_INSTALL_PREFIX=/home/sachinb/ros2_ws/install/task1cpp
[0.237s] -- Found ament_cmake: 1.3.10 (/opt/ros/humble/share/ament_cmake/cmake)
[0.349s] -- Override CMake install command with custom implementation using symlinks instead of copying resources
[0.357s] -- Found rclcpp: 16.0.10 (/opt/ros/humble/share/rclcpp/cmake)
[0.385s] -- Found rosidl_generator_c: 3.1.5 (/opt/ros/humble/share/rosidl_generator_c/cmake)
[0.387s] -- Found rosidl_adapter: 3.1.5 (/opt/ros/humble/share/rosidl_adapter/cmake)
[0.394s] -- Found rosidl_generator_cpp: 3.1.5 (/opt/ros/humble/share/rosidl_generator_cpp/cmake)
[0.404s] -- Using all available rosidl_typesupport_c: rosidl_typesupport_fastrtps_c;rosidl_typesupport_introspection_c
[0.416s] -- Using all available rosidl_typesupport_cpp: rosidl_typesupport_fastrtps_cpp;rosidl_typesupport_introspection_cpp
[0.449s] -- Found rmw_implementation_cmake: 6.1.2 (/opt/ros/humble/share/rmw_implementation_cmake/cmake)
[0.450s] -- Found rmw_fastrtps_cpp: 6.2.7 (/opt/ros/humble/share/rmw_fastrtps_cpp/cmake)
[0.537s] -- Using RMW implementation 'rmw_fastrtps_cpp' as default
[0.587s] -- Found ament_lint_auto: 0.12.11 (/opt/ros/humble/share/ament_lint_auto/cmake)
[0.650s] -- Added test 'cppcheck' to perform static code analysis on C / C++ code
[0.651s] -- Configured cppcheck include dirs: 
[0.651s] -- Configured cppcheck exclude dirs and/or files: 
[0.651s] -- Added test 'lint_cmake' to check CMake code style
[0.652s] -- Added test 'uncrustify' to check C / C++ code style
[0.652s] -- Configured uncrustify additional arguments: 
[0.652s] -- Added test 'xmllint' to check XML markup files
[0.653s] -- Configuring done
[0.662s] -- Generating done
[0.663s] -- Build files have been written to: /home/sachinb/ros2_ws/build/task1cpp
[0.671s] Invoked command in '/home/sachinb/ros2_ws/build/task1cpp' returned '0': CMAKE_PREFIX_PATH=${CMAKE_PREFIX_PATH}:/home/sachinb/ros2_ws/install/task1:/opt/ros/humble /usr/bin/cmake /home/sachinb/ros2_ws/src/task1cpp -DAMENT_CMAKE_SYMLINK_INSTALL=1 -DCMAKE_INSTALL_PREFIX=/home/sachinb/ros2_ws/install/task1cpp
[0.672s] Invoking command in '/home/sachinb/ros2_ws/build/task1cpp': CMAKE_PREFIX_PATH=${CMAKE_PREFIX_PATH}:/home/sachinb/ros2_ws/install/task1:/opt/ros/humble /usr/bin/cmake --build /home/sachinb/ros2_ws/build/task1cpp -- -j8 -l8
[0.701s] [35m[1mConsolidate compiler generated dependencies of target publisher[0m
[0.714s] [ 50%] [32m[1mLinking CXX executable publisher[0m
[0.829s] [100%] Built target publisher
[0.837s] Invoked command in '/home/sachinb/ros2_ws/build/task1cpp' returned '0': CMAKE_PREFIX_PATH=${CMAKE_PREFIX_PATH}:/home/sachinb/ros2_ws/install/task1:/opt/ros/humble /usr/bin/cmake --build /home/sachinb/ros2_ws/build/task1cpp -- -j8 -l8
[0.854s] Invoking command in '/home/sachinb/ros2_ws/build/task1cpp': CMAKE_PREFIX_PATH=${CMAKE_PREFIX_PATH}:/home/sachinb/ros2_ws/install/task1:/opt/ros/humble /usr/bin/cmake --install /home/sachinb/ros2_ws/build/task1cpp
[0.859s] -- Install configuration: ""
[0.860s] -- Execute custom install script
[0.860s] -- Symlinking: /home/sachinb/ros2_ws/install/task1cpp/lib/task1cpp/publisher
[0.868s] -- Symlinking: /home/sachinb/ros2_ws/install/task1cpp/share/ament_index/resource_index/package_run_dependencies/task1cpp
[0.875s] -- Symlinking: /home/sachinb/ros2_ws/install/task1cpp/share/ament_index/resource_index/parent_prefix_path/task1cpp
[0.882s] -- Symlinking: /home/sachinb/ros2_ws/install/task1cpp/share/task1cpp/environment/ament_prefix_path.sh
[0.889s] -- Symlinking: /home/sachinb/ros2_ws/install/task1cpp/share/task1cpp/environment/ament_prefix_path.dsv
[0.896s] -- Symlinking: /home/sachinb/ros2_ws/install/task1cpp/share/task1cpp/environment/path.sh
[0.902s] -- Symlinking: /home/sachinb/ros2_ws/install/task1cpp/share/task1cpp/environment/path.dsv
[0.908s] -- Symlinking: /home/sachinb/ros2_ws/install/task1cpp/share/task1cpp/local_setup.bash
[0.914s] -- Symlinking: /home/sachinb/ros2_ws/install/task1cpp/share/task1cpp/local_setup.sh
[0.919s] -- Symlinking: /home/sachinb/ros2_ws/install/task1cpp/share/task1cpp/local_setup.zsh
[0.926s] -- Symlinking: /home/sachinb/ros2_ws/install/task1cpp/share/task1cpp/local_setup.dsv
[0.931s] -- Symlinking: /home/sachinb/ros2_ws/install/task1cpp/share/task1cpp/package.dsv
[0.937s] -- Symlinking: /home/sachinb/ros2_ws/install/task1cpp/share/ament_index/resource_index/packages/task1cpp
[0.943s] -- Symlinking: /home/sachinb/ros2_ws/install/task1cpp/share/task1cpp/cmake/task1cppConfig.cmake
[0.949s] -- Symlinking: /home/sachinb/ros2_ws/install/task1cpp/share/task1cpp/cmake/task1cppConfig-version.cmake
[0.955s] -- Symlinking: /home/sachinb/ros2_ws/install/task1cpp/share/task1cpp/package.xml
[0.963s] Invoked command in '/home/sachinb/ros2_ws/build/task1cpp' returned '0': CMAKE_PREFIX_PATH=${CMAKE_PREFIX_PATH}:/home/sachinb/ros2_ws/install/task1:/opt/ros/humble /usr/bin/cmake --install /home/sachinb/ros2_ws/build/task1cpp
