[0.009s] Invoking command in '/home/sachinb/ros2_ws/build/task3': CMAKE_PREFIX_PATH=${CMAKE_PREFIX_PATH}:/home/sachinb/ros2_ws/install/task1:/opt/ros/humble /usr/bin/cmake --build /home/sachinb/ros2_ws/build/task3 -- -j8 -l8
[0.044s] [35m[1mConsolidate compiler generated dependencies of target node2[0m
[0.048s] [  2%] Built target task3__cpp
[0.054s] [ 17%] Built target node1
[0.054s] [ 17%] Built target task3__rosidl_generator_c
[0.057s] [ 17%] Built target ament_cmake_python_symlink_task3
[0.066s] [ 20%] [32mBuilding CXX object CMakeFiles/node2.dir/src/node2.cpp.o[0m
[0.076s] [ 37%] Built target task3__rosidl_typesupport_fastrtps_cpp
[0.078s] [ 34%] Built target task3__rosidl_typesupport_cpp
[0.078s] [ 45%] Built target task3__rosidl_typesupport_introspection_cpp
[0.079s] [ 65%] Built target task3__rosidl_typesupport_fastrtps_c
[0.080s] [ 65%] Built target task3__rosidl_typesupport_c
[0.080s] [ 71%] Built target task3__rosidl_typesupport_introspection_c
[0.094s] [ 71%] Built target task3
[0.110s] [ 74%] Built target task3__py
[0.127s] [ 80%] Built target task3__rosidl_generator_py
[0.148s] [ 85%] Built target task3__rosidl_typesupport_fastrtps_c__pyext
[0.148s] [ 91%] Built target task3__rosidl_typesupport_c__pyext
[0.151s] [ 97%] Built target task3__rosidl_typesupport_introspection_c__pyext
[0.283s] running egg_info
[0.283s] writing task3.egg-info/PKG-INFO
[0.283s] writing dependency_links to task3.egg-info/dependency_links.txt
[0.284s] writing top-level names to task3.egg-info/top_level.txt
[0.285s] reading manifest file 'task3.egg-info/SOURCES.txt'
[0.286s] writing manifest file 'task3.egg-info/SOURCES.txt'
[0.307s] [ 97%] Built target ament_cmake_python_build_task3_egg
[2.754s] [100%] [32m[1mLinking CXX executable node2[0m
[2.865s] [100%] Built target node2
[2.876s] Invoked command in '/home/sachinb/ros2_ws/build/task3' returned '0': CMAKE_PREFIX_PATH=${CMAKE_PREFIX_PATH}:/home/sachinb/ros2_ws/install/task1:/opt/ros/humble /usr/bin/cmake --build /home/sachinb/ros2_ws/build/task3 -- -j8 -l8
[2.921s] Invoking command in '/home/sachinb/ros2_ws/build/task3': CMAKE_PREFIX_PATH=${CMAKE_PREFIX_PATH}:/home/sachinb/ros2_ws/install/task1:/opt/ros/humble /usr/bin/cmake --install /home/sachinb/ros2_ws/build/task3
[2.926s] -- Install configuration: ""
[2.927s] -- Execute custom install script
[2.927s] -- Up-to-date symlink: /home/sachinb/ros2_ws/install/task3/share/ament_index/resource_index/rosidl_interfaces/task3
[2.927s] -- Up-to-date symlink: /home/sachinb/ros2_ws/install/task3/include/task3/task3/msg/rosidl_generator_c__visibility_control.h
[2.927s] -- Up-to-date symlink: /home/sachinb/ros2_ws/install/task3/include/task3/task3/srv/custom.h
[2.928s] -- Up-to-date symlink: /home/sachinb/ros2_ws/install/task3/include/task3/task3/srv/custom_service.h
[2.928s] -- Up-to-date symlink: /home/sachinb/ros2_ws/install/task3/include/task3/task3/srv/detail/custom__functions.h
[2.928s] -- Up-to-date symlink: /home/sachinb/ros2_ws/install/task3/include/task3/task3/srv/detail/custom__struct.h
[2.928s] -- Up-to-date symlink: /home/sachinb/ros2_ws/install/task3/include/task3/task3/srv/detail/custom__type_support.h
[2.928s] -- Up-to-date symlink: /home/sachinb/ros2_ws/install/task3/include/task3/task3/srv/detail/custom_service__functions.h
[2.928s] -- Up-to-date symlink: /home/sachinb/ros2_ws/install/task3/include/task3/task3/srv/detail/custom_service__struct.h
[2.928s] -- Up-to-date symlink: /home/sachinb/ros2_ws/install/task3/include/task3/task3/srv/detail/custom_service__type_support.h
[2.929s] -- Up-to-date symlink: /home/sachinb/ros2_ws/install/task3/share/task3/environment/library_path.sh
[2.929s] -- Up-to-date symlink: /home/sachinb/ros2_ws/install/task3/share/task3/environment/library_path.dsv
[2.929s] -- Up-to-date symlink: /home/sachinb/ros2_ws/install/task3/include/task3/task3/msg/rosidl_typesupport_fastrtps_c__visibility_control.h
[2.929s] -- Up-to-date symlink: /home/sachinb/ros2_ws/install/task3/include/task3/task3/srv/detail/custom__rosidl_typesupport_fastrtps_c.h
[2.929s] -- Up-to-date symlink: /home/sachinb/ros2_ws/install/task3/include/task3/task3/srv/detail/custom_service__rosidl_typesupport_fastrtps_c.h
[2.930s] -- Up-to-date symlink: /home/sachinb/ros2_ws/install/task3/include/task3/task3/srv/custom.hpp
[2.930s] -- Up-to-date symlink: /home/sachinb/ros2_ws/install/task3/include/task3/task3/srv/custom_service.hpp
[2.930s] -- Up-to-date symlink: /home/sachinb/ros2_ws/install/task3/include/task3/task3/srv/detail/custom__builder.hpp
[2.930s] -- Up-to-date symlink: /home/sachinb/ros2_ws/install/task3/include/task3/task3/srv/detail/custom__struct.hpp
[2.930s] -- Up-to-date symlink: /home/sachinb/ros2_ws/install/task3/include/task3/task3/srv/detail/custom__traits.hpp
[2.930s] -- Up-to-date symlink: /home/sachinb/ros2_ws/install/task3/include/task3/task3/srv/detail/custom_service__builder.hpp
[2.930s] -- Up-to-date symlink: /home/sachinb/ros2_ws/install/task3/include/task3/task3/srv/detail/custom_service__struct.hpp
[2.931s] -- Up-to-date symlink: /home/sachinb/ros2_ws/install/task3/include/task3/task3/srv/detail/custom_service__traits.hpp
[2.931s] -- Up-to-date symlink: /home/sachinb/ros2_ws/install/task3/include/task3/task3/msg/rosidl_typesupport_fastrtps_cpp__visibility_control.h
[2.931s] -- Up-to-date symlink: /home/sachinb/ros2_ws/install/task3/include/task3/task3/srv/detail/custom__rosidl_typesupport_fastrtps_cpp.hpp
[2.931s] -- Up-to-date symlink: /home/sachinb/ros2_ws/install/task3/include/task3/task3/srv/detail/custom_service__rosidl_typesupport_fastrtps_cpp.hpp
[2.932s] -- Up-to-date symlink: /home/sachinb/ros2_ws/install/task3/include/task3/task3/msg/rosidl_typesupport_introspection_c__visibility_control.h
[2.932s] -- Up-to-date symlink: /home/sachinb/ros2_ws/install/task3/include/task3/task3/srv/detail/custom__rosidl_typesupport_introspection_c.h
[2.932s] -- Up-to-date symlink: /home/sachinb/ros2_ws/install/task3/include/task3/task3/srv/detail/custom_service__rosidl_typesupport_introspection_c.h
[2.932s] -- Up-to-date symlink: /home/sachinb/ros2_ws/install/task3/include/task3/task3/srv/detail/custom__rosidl_typesupport_introspection_cpp.hpp
[2.932s] -- Up-to-date symlink: /home/sachinb/ros2_ws/install/task3/include/task3/task3/srv/detail/custom_service__rosidl_typesupport_introspection_cpp.hpp
[2.932s] -- Up-to-date symlink: /home/sachinb/ros2_ws/install/task3/share/task3/environment/pythonpath.sh
[2.933s] -- Up-to-date symlink: /home/sachinb/ros2_ws/install/task3/share/task3/environment/pythonpath.dsv
[2.933s] -- Up-to-date symlink: /home/sachinb/ros2_ws/install/task3/local/lib/python3.10/dist-packages/task3-0.0.0-py3.10.egg-info/PKG-INFO
[2.933s] -- Up-to-date symlink: /home/sachinb/ros2_ws/install/task3/local/lib/python3.10/dist-packages/task3-0.0.0-py3.10.egg-info/SOURCES.txt
[2.933s] -- Up-to-date symlink: /home/sachinb/ros2_ws/install/task3/local/lib/python3.10/dist-packages/task3-0.0.0-py3.10.egg-info/dependency_links.txt
[2.933s] -- Up-to-date symlink: /home/sachinb/ros2_ws/install/task3/local/lib/python3.10/dist-packages/task3-0.0.0-py3.10.egg-info/top_level.txt
[2.934s] -- Up-to-date symlink: /home/sachinb/ros2_ws/install/task3/local/lib/python3.10/dist-packages/task3/__init__.py
[2.934s] -- Up-to-date symlink: /home/sachinb/ros2_ws/install/task3/local/lib/python3.10/dist-packages/task3/_task3_s.ep.rosidl_typesupport_c.c
[2.934s] -- Up-to-date symlink: /home/sachinb/ros2_ws/install/task3/local/lib/python3.10/dist-packages/task3/_task3_s.ep.rosidl_typesupport_fastrtps_c.c
[2.934s] -- Up-to-date symlink: /home/sachinb/ros2_ws/install/task3/local/lib/python3.10/dist-packages/task3/_task3_s.ep.rosidl_typesupport_introspection_c.c
[2.934s] -- Up-to-date symlink: /home/sachinb/ros2_ws/install/task3/local/lib/python3.10/dist-packages/task3/libtask3__rosidl_generator_py.so
[2.935s] -- Up-to-date symlink: /home/sachinb/ros2_ws/install/task3/local/lib/python3.10/dist-packages/task3/srv/__init__.py
[2.935s] -- Up-to-date symlink: /home/sachinb/ros2_ws/install/task3/local/lib/python3.10/dist-packages/task3/srv/_custom.py
[2.935s] -- Up-to-date symlink: /home/sachinb/ros2_ws/install/task3/local/lib/python3.10/dist-packages/task3/srv/_custom_s.c
[2.935s] -- Up-to-date symlink: /home/sachinb/ros2_ws/install/task3/local/lib/python3.10/dist-packages/task3/srv/_custom_service.py
[2.935s] -- Up-to-date symlink: /home/sachinb/ros2_ws/install/task3/local/lib/python3.10/dist-packages/task3/srv/_custom_service_s.c
[2.935s] -- Up-to-date symlink: /home/sachinb/ros2_ws/install/task3/local/lib/python3.10/dist-packages/task3/task3_s__rosidl_typesupport_c.cpython-310-x86_64-linux-gnu.so
[2.935s] -- Up-to-date symlink: /home/sachinb/ros2_ws/install/task3/local/lib/python3.10/dist-packages/task3/task3_s__rosidl_typesupport_fastrtps_c.cpython-310-x86_64-linux-gnu.so
[2.936s] -- Up-to-date symlink: /home/sachinb/ros2_ws/install/task3/local/lib/python3.10/dist-packages/task3/task3_s__rosidl_typesupport_introspection_c.cpython-310-x86_64-linux-gnu.so
[2.936s] -- Up-to-date symlink: /home/sachinb/ros2_ws/install/task3/local/lib/python3.10/dist-packages/task3/task3_s__rosidl_typesupport_fastrtps_c.cpython-310-x86_64-linux-gnu.so
[2.936s] -- Up-to-date symlink: /home/sachinb/ros2_ws/install/task3/local/lib/python3.10/dist-packages/task3/task3_s__rosidl_typesupport_introspection_c.cpython-310-x86_64-linux-gnu.so
[2.936s] -- Up-to-date symlink: /home/sachinb/ros2_ws/install/task3/local/lib/python3.10/dist-packages/task3/task3_s__rosidl_typesupport_c.cpython-310-x86_64-linux-gnu.so
[2.936s] -- Up-to-date symlink: /home/sachinb/ros2_ws/install/task3/share/task3/srv/Custom.idl
[2.937s] -- Up-to-date symlink: /home/sachinb/ros2_ws/install/task3/share/task3/srv/Custom.srv
[2.937s] -- Up-to-date symlink: /home/sachinb/ros2_ws/install/task3/share/task3/srv/Custom_Request.msg
[2.937s] -- Up-to-date symlink: /home/sachinb/ros2_ws/install/task3/share/task3/srv/Custom_Response.msg
[2.937s] -- Up-to-date symlink: /home/sachinb/ros2_ws/install/task3/lib/task3/node1
[2.937s] -- Up-to-date symlink: /home/sachinb/ros2_ws/install/task3/lib/task3/node2
[2.937s] -- Up-to-date symlink: /home/sachinb/ros2_ws/install/task3/share/ament_index/resource_index/package_run_dependencies/task3
[2.938s] -- Up-to-date symlink: /home/sachinb/ros2_ws/install/task3/share/ament_index/resource_index/parent_prefix_path/task3
[2.938s] -- Up-to-date symlink: /home/sachinb/ros2_ws/install/task3/share/task3/environment/ament_prefix_path.sh
[2.938s] -- Up-to-date symlink: /home/sachinb/ros2_ws/install/task3/share/task3/environment/ament_prefix_path.dsv
[2.938s] -- Up-to-date symlink: /home/sachinb/ros2_ws/install/task3/share/task3/environment/path.sh
[2.938s] -- Up-to-date symlink: /home/sachinb/ros2_ws/install/task3/share/task3/environment/path.dsv
[2.939s] -- Up-to-date symlink: /home/sachinb/ros2_ws/install/task3/share/task3/local_setup.bash
[2.939s] -- Up-to-date symlink: /home/sachinb/ros2_ws/install/task3/share/task3/local_setup.sh
[2.939s] -- Up-to-date symlink: /home/sachinb/ros2_ws/install/task3/share/task3/local_setup.zsh
[2.939s] -- Up-to-date symlink: /home/sachinb/ros2_ws/install/task3/share/task3/local_setup.dsv
[2.939s] -- Symlinking: /home/sachinb/ros2_ws/install/task3/share/task3/package.dsv
[2.946s] -- Up-to-date symlink: /home/sachinb/ros2_ws/install/task3/share/ament_index/resource_index/packages/task3
[2.946s] -- Up-to-date symlink: /home/sachinb/ros2_ws/install/task3/share/task3/cmake/rosidl_cmake-extras.cmake
[2.946s] -- Up-to-date symlink: /home/sachinb/ros2_ws/install/task3/share/task3/cmake/ament_cmake_export_include_directories-extras.cmake
[2.946s] -- Up-to-date symlink: /home/sachinb/ros2_ws/install/task3/share/task3/cmake/ament_cmake_export_libraries-extras.cmake
[2.946s] -- Up-to-date symlink: /home/sachinb/ros2_ws/install/task3/share/task3/cmake/ament_cmake_export_targets-extras.cmake
[2.946s] -- Up-to-date symlink: /home/sachinb/ros2_ws/install/task3/share/task3/cmake/rosidl_cmake_export_typesupport_targets-extras.cmake
[2.947s] -- Up-to-date symlink: /home/sachinb/ros2_ws/install/task3/share/task3/cmake/ament_cmake_export_dependencies-extras.cmake
[2.947s] -- Up-to-date symlink: /home/sachinb/ros2_ws/install/task3/share/task3/cmake/rosidl_cmake_export_typesupport_libraries-extras.cmake
[2.947s] -- Up-to-date symlink: /home/sachinb/ros2_ws/install/task3/share/task3/cmake/task3Config.cmake
[2.947s] -- Up-to-date symlink: /home/sachinb/ros2_ws/install/task3/share/task3/cmake/task3Config-version.cmake
[2.947s] -- Up-to-date symlink: /home/sachinb/ros2_ws/install/task3/share/task3/package.xml
[2.947s] -- Up-to-date: /home/sachinb/ros2_ws/install/task3/lib/libtask3__rosidl_generator_c.so
[2.948s] -- Up-to-date: /home/sachinb/ros2_ws/install/task3/lib/libtask3__rosidl_typesupport_fastrtps_c.so
[2.948s] -- Up-to-date: /home/sachinb/ros2_ws/install/task3/lib/libtask3__rosidl_typesupport_fastrtps_cpp.so
[2.948s] -- Up-to-date: /home/sachinb/ros2_ws/install/task3/lib/libtask3__rosidl_typesupport_introspection_c.so
[2.948s] -- Up-to-date: /home/sachinb/ros2_ws/install/task3/lib/libtask3__rosidl_typesupport_c.so
[2.948s] -- Up-to-date: /home/sachinb/ros2_ws/install/task3/lib/libtask3__rosidl_typesupport_introspection_cpp.so
[2.949s] -- Up-to-date: /home/sachinb/ros2_ws/install/task3/lib/libtask3__rosidl_typesupport_cpp.so
[2.972s] Listing '/home/sachinb/ros2_ws/install/task3/local/lib/python3.10/dist-packages/task3'...
[2.972s] Listing '/home/sachinb/ros2_ws/install/task3/local/lib/python3.10/dist-packages/task3/srv'...
[2.975s] -- Up-to-date: /home/sachinb/ros2_ws/install/task3/lib/libtask3__rosidl_generator_py.so
[2.975s] -- Up-to-date: /home/sachinb/ros2_ws/install/task3/share/task3/cmake/export_task3__rosidl_generator_cExport.cmake
[2.975s] -- Up-to-date: /home/sachinb/ros2_ws/install/task3/share/task3/cmake/export_task3__rosidl_generator_cExport-noconfig.cmake
[2.975s] -- Up-to-date: /home/sachinb/ros2_ws/install/task3/share/task3/cmake/export_task3__rosidl_typesupport_fastrtps_cExport.cmake
[2.975s] -- Up-to-date: /home/sachinb/ros2_ws/install/task3/share/task3/cmake/export_task3__rosidl_typesupport_fastrtps_cExport-noconfig.cmake
[2.976s] -- Up-to-date: /home/sachinb/ros2_ws/install/task3/share/task3/cmake/export_task3__rosidl_generator_cppExport.cmake
[2.976s] -- Up-to-date: /home/sachinb/ros2_ws/install/task3/share/task3/cmake/export_task3__rosidl_typesupport_fastrtps_cppExport.cmake
[2.976s] -- Up-to-date: /home/sachinb/ros2_ws/install/task3/share/task3/cmake/export_task3__rosidl_typesupport_fastrtps_cppExport-noconfig.cmake
[2.976s] -- Up-to-date: /home/sachinb/ros2_ws/install/task3/share/task3/cmake/task3__rosidl_typesupport_introspection_cExport.cmake
[2.976s] -- Up-to-date: /home/sachinb/ros2_ws/install/task3/share/task3/cmake/task3__rosidl_typesupport_introspection_cExport-noconfig.cmake
[2.976s] -- Up-to-date: /home/sachinb/ros2_ws/install/task3/share/task3/cmake/task3__rosidl_typesupport_cExport.cmake
[2.976s] -- Up-to-date: /home/sachinb/ros2_ws/install/task3/share/task3/cmake/task3__rosidl_typesupport_cExport-noconfig.cmake
[2.976s] -- Up-to-date: /home/sachinb/ros2_ws/install/task3/share/task3/cmake/task3__rosidl_typesupport_introspection_cppExport.cmake
[2.976s] -- Up-to-date: /home/sachinb/ros2_ws/install/task3/share/task3/cmake/task3__rosidl_typesupport_introspection_cppExport-noconfig.cmake
[2.976s] -- Up-to-date: /home/sachinb/ros2_ws/install/task3/share/task3/cmake/task3__rosidl_typesupport_cppExport.cmake
[2.977s] -- Up-to-date: /home/sachinb/ros2_ws/install/task3/share/task3/cmake/task3__rosidl_typesupport_cppExport-noconfig.cmake
[2.977s] -- Up-to-date: /home/sachinb/ros2_ws/install/task3/share/task3/cmake/export_task3__rosidl_generator_pyExport.cmake
[2.977s] -- Up-to-date: /home/sachinb/ros2_ws/install/task3/share/task3/cmake/export_task3__rosidl_generator_pyExport-noconfig.cmake
[2.978s] Invoked command in '/home/sachinb/ros2_ws/build/task3' returned '0': CMAKE_PREFIX_PATH=${CMAKE_PREFIX_PATH}:/home/sachinb/ros2_ws/install/task1:/opt/ros/humble /usr/bin/cmake --install /home/sachinb/ros2_ws/build/task3
