-- The C compiler identification is GNU 11.4.0
-- The CXX compiler identification is GNU 11.4.0
-- Detecting C compiler ABI info
-- Detecting C compiler ABI info - done
-- Check for working C compiler: /usr/bin/cc - skipped
-- Detecting C compile features
-- Detecting C compile features - done
-- Detecting CXX compiler ABI info
-- Detecting CXX compiler ABI info - done
-- Check for working CXX compiler: /usr/bin/c++ - skipped
-- Detecting CXX compile features
-- Detecting CXX compile features - done
-- Found ament_cmake: 1.3.10 (/opt/ros/humble/share/ament_cmake/cmake)
-- Found Python3: /usr/bin/python3 (found version "3.10.12") found components: Interpreter 
-- Found ament_lint_auto: 0.12.11 (/opt/ros/humble/share/ament_lint_auto/cmake)
-- Added test 'cppcheck' to perform static code analysis on C / C++ code
-- Configured cppcheck include dirs: $<BUILD_INTERFACE:/home/sachinb/ros2_ws/src/task1cpp/include>
-- Configured cppcheck exclude dirs and/or files: 
-- Added test 'lint_cmake' to check CMake code style
-- Added test 'uncrustify' to check C / C++ code style
-- Configured uncrustify additional arguments: 
-- Added test 'xmllint' to check XML markup files
-- Configuring done
-- Generating done
-- Build files have been written to: /home/sachinb/ros2_ws/build/task1cpp
[ 50%] [32mBuilding CXX object CMakeFiles/publisher.dir/src/publisher.cpp.o[0m
[100%] [32m[1mLinking CXX executable publisher[0m
[100%] Built target publisher
-- Install configuration: ""
-- Installing: /home/sachinb/ros2_ws/install/task1cpp/lib/task1cpp/publisher
-- Installing: /home/sachinb/ros2_ws/install/task1cpp/share/ament_index/resource_index/package_run_dependencies/task1cpp
-- Installing: /home/sachinb/ros2_ws/install/task1cpp/share/ament_index/resource_index/parent_prefix_path/task1cpp
-- Installing: /home/sachinb/ros2_ws/install/task1cpp/share/task1cpp/environment/ament_prefix_path.sh
-- Installing: /home/sachinb/ros2_ws/install/task1cpp/share/task1cpp/environment/ament_prefix_path.dsv
-- Installing: /home/sachinb/ros2_ws/install/task1cpp/share/task1cpp/environment/path.sh
-- Installing: /home/sachinb/ros2_ws/install/task1cpp/share/task1cpp/environment/path.dsv
-- Installing: /home/sachinb/ros2_ws/install/task1cpp/share/task1cpp/local_setup.bash
-- Installing: /home/sachinb/ros2_ws/install/task1cpp/share/task1cpp/local_setup.sh
-- Installing: /home/sachinb/ros2_ws/install/task1cpp/share/task1cpp/local_setup.zsh
-- Installing: /home/sachinb/ros2_ws/install/task1cpp/share/task1cpp/local_setup.dsv
-- Installing: /home/sachinb/ros2_ws/install/task1cpp/share/task1cpp/package.dsv
-- Installing: /home/sachinb/ros2_ws/install/task1cpp/share/ament_index/resource_index/packages/task1cpp
-- Installing: /home/sachinb/ros2_ws/install/task1cpp/share/task1cpp/cmake/task1cppConfig.cmake
-- Installing: /home/sachinb/ros2_ws/install/task1cpp/share/task1cpp/cmake/task1cppConfig-version.cmake
-- Installing: /home/sachinb/ros2_ws/install/task1cpp/share/task1cpp/package.xml
