[0.344s] Invoking command in '/home/sachinb/ros2_ws/build/task1cpp': CMAKE_PREFIX_PATH=${CMAKE_PREFIX_PATH}:/home/sachinb/ros2_ws/install/task1:/opt/ros/humble /usr/bin/cmake /home/sachinb/ros2_ws/src/task1cpp -DCMAKE_INSTALL_PREFIX=/home/sachinb/ros2_ws/install/task1cpp
[0.443s] -- The C compiler identification is GNU 11.4.0
[0.530s] -- The CXX compiler identification is GNU 11.4.0
[0.542s] -- Detecting C compiler ABI info
[0.621s] -- Detecting C compiler ABI info - done
[0.632s] -- Check for working C compiler: /usr/bin/cc - skipped
[0.632s] -- Detecting C compile features
[0.633s] -- Detecting C compile features - done
[0.637s] -- Detecting CXX compiler ABI info
[0.731s] -- Detecting CXX compiler ABI info - done
[0.742s] -- Check for working CXX compiler: /usr/bin/c++ - skipped
[0.743s] -- Detecting CXX compile features
[0.743s] -- Detecting CXX compile features - done
[0.747s] -- Found ament_cmake: 1.3.10 (/opt/ros/humble/share/ament_cmake/cmake)
[0.939s] -- Found Python3: /usr/bin/python3 (found version "3.10.12") found components: Interpreter 
[1.054s] -- Found ament_lint_auto: 0.12.11 (/opt/ros/humble/share/ament_lint_auto/cmake)
[1.155s] -- Added test 'cppcheck' to perform static code analysis on C / C++ code
[1.155s] -- Configured cppcheck include dirs: $<BUILD_INTERFACE:/home/sachinb/ros2_ws/src/task1cpp/include>
[1.155s] -- Configured cppcheck exclude dirs and/or files: 
[1.157s] -- Added test 'lint_cmake' to check CMake code style
[1.159s] -- Added test 'uncrustify' to check C / C++ code style
[1.159s] -- Configured uncrustify additional arguments: 
[1.160s] -- Added test 'xmllint' to check XML markup files
[1.162s] -- Configuring done
[1.169s] -- Generating done
[1.171s] -- Build files have been written to: /home/sachinb/ros2_ws/build/task1cpp
[1.176s] Invoked command in '/home/sachinb/ros2_ws/build/task1cpp' returned '0': CMAKE_PREFIX_PATH=${CMAKE_PREFIX_PATH}:/home/sachinb/ros2_ws/install/task1:/opt/ros/humble /usr/bin/cmake /home/sachinb/ros2_ws/src/task1cpp -DCMAKE_INSTALL_PREFIX=/home/sachinb/ros2_ws/install/task1cpp
[1.177s] Invoking command in '/home/sachinb/ros2_ws/build/task1cpp': CMAKE_PREFIX_PATH=${CMAKE_PREFIX_PATH}:/home/sachinb/ros2_ws/install/task1:/opt/ros/humble /usr/bin/cmake --build /home/sachinb/ros2_ws/build/task1cpp -- -j8 -l8
[1.228s] [ 50%] [32mBuilding CXX object CMakeFiles/publisher.dir/src/publisher.cpp.o[0m
[1.261s] [100%] [32m[1mLinking CXX executable publisher[0m
[1.314s] [100%] Built target publisher
[1.326s] Invoked command in '/home/sachinb/ros2_ws/build/task1cpp' returned '0': CMAKE_PREFIX_PATH=${CMAKE_PREFIX_PATH}:/home/sachinb/ros2_ws/install/task1:/opt/ros/humble /usr/bin/cmake --build /home/sachinb/ros2_ws/build/task1cpp -- -j8 -l8
[1.351s] Invoking command in '/home/sachinb/ros2_ws/build/task1cpp': CMAKE_PREFIX_PATH=${CMAKE_PREFIX_PATH}:/home/sachinb/ros2_ws/install/task1:/opt/ros/humble /usr/bin/cmake --install /home/sachinb/ros2_ws/build/task1cpp
[1.360s] -- Install configuration: ""
[1.360s] -- Installing: /home/sachinb/ros2_ws/install/task1cpp/lib/task1cpp/publisher
[1.360s] -- Installing: /home/sachinb/ros2_ws/install/task1cpp/share/ament_index/resource_index/package_run_dependencies/task1cpp
[1.360s] -- Installing: /home/sachinb/ros2_ws/install/task1cpp/share/ament_index/resource_index/parent_prefix_path/task1cpp
[1.361s] -- Installing: /home/sachinb/ros2_ws/install/task1cpp/share/task1cpp/environment/ament_prefix_path.sh
[1.361s] -- Installing: /home/sachinb/ros2_ws/install/task1cpp/share/task1cpp/environment/ament_prefix_path.dsv
[1.361s] -- Installing: /home/sachinb/ros2_ws/install/task1cpp/share/task1cpp/environment/path.sh
[1.361s] -- Installing: /home/sachinb/ros2_ws/install/task1cpp/share/task1cpp/environment/path.dsv
[1.361s] -- Installing: /home/sachinb/ros2_ws/install/task1cpp/share/task1cpp/local_setup.bash
[1.361s] -- Installing: /home/sachinb/ros2_ws/install/task1cpp/share/task1cpp/local_setup.sh
[1.361s] -- Installing: /home/sachinb/ros2_ws/install/task1cpp/share/task1cpp/local_setup.zsh
[1.362s] -- Installing: /home/sachinb/ros2_ws/install/task1cpp/share/task1cpp/local_setup.dsv
[1.362s] -- Installing: /home/sachinb/ros2_ws/install/task1cpp/share/task1cpp/package.dsv
[1.362s] -- Installing: /home/sachinb/ros2_ws/install/task1cpp/share/ament_index/resource_index/packages/task1cpp
[1.362s] -- Installing: /home/sachinb/ros2_ws/install/task1cpp/share/task1cpp/cmake/task1cppConfig.cmake
[1.362s] -- Installing: /home/sachinb/ros2_ws/install/task1cpp/share/task1cpp/cmake/task1cppConfig-version.cmake
[1.362s] -- Installing: /home/sachinb/ros2_ws/install/task1cpp/share/task1cpp/package.xml
[1.365s] Invoked command in '/home/sachinb/ros2_ws/build/task1cpp' returned '0': CMAKE_PREFIX_PATH=${CMAKE_PREFIX_PATH}:/home/sachinb/ros2_ws/install/task1:/opt/ros/humble /usr/bin/cmake --install /home/sachinb/ros2_ws/build/task1cpp
