[0.328s] Invoking command in '/home/sachinb/ros2_ws/build/task2': CMAKE_PREFIX_PATH=${CMAKE_PREFIX_PATH}:/home/sachinb/ros2_ws/install/task1:/opt/ros/humble /usr/bin/cmake /home/sachinb/ros2_ws/src/task2 -DCMAKE_INSTALL_PREFIX=/home/sachinb/ros2_ws/install/task2
[0.342s] -- Found ament_cmake: 1.3.10 (/opt/ros/humble/share/ament_cmake/cmake)
[0.496s] -- Override CMake install command with custom implementation using symlinks instead of copying resources
[0.516s] -- Found rclcpp: 16.0.10 (/opt/ros/humble/share/rclcpp/cmake)
[0.570s] -- Found rosidl_generator_c: 3.1.5 (/opt/ros/humble/share/rosidl_generator_c/cmake)
[0.574s] -- Found rosidl_adapter: 3.1.5 (/opt/ros/humble/share/rosidl_adapter/cmake)
[0.583s] -- Found rosidl_generator_cpp: 3.1.5 (/opt/ros/humble/share/rosidl_generator_cpp/cmake)
[0.598s] -- Using all available rosidl_typesupport_c: rosidl_typesupport_fastrtps_c;rosidl_typesupport_introspection_c
[0.618s] -- Using all available rosidl_typesupport_cpp: rosidl_typesupport_fastrtps_cpp;rosidl_typesupport_introspection_cpp
[0.668s] -- Found rmw_implementation_cmake: 6.1.2 (/opt/ros/humble/share/rmw_implementation_cmake/cmake)
[0.670s] -- Found rmw_fastrtps_cpp: 6.2.7 (/opt/ros/humble/share/rmw_fastrtps_cpp/cmake)
[0.805s] -- Using RMW implementation 'rmw_fastrtps_cpp' as default
[0.882s] -- Found ament_lint_auto: 0.12.11 (/opt/ros/humble/share/ament_lint_auto/cmake)
[0.982s] -- Added test 'lint_cmake' to check CMake code style
[0.984s] -- Added test 'xmllint' to check XML markup files
[0.986s] -- Configuring done
[0.995s] -- Generating done
[0.997s] -- Build files have been written to: /home/sachinb/ros2_ws/build/task2
[1.007s] Invoked command in '/home/sachinb/ros2_ws/build/task2' returned '0': CMAKE_PREFIX_PATH=${CMAKE_PREFIX_PATH}:/home/sachinb/ros2_ws/install/task1:/opt/ros/humble /usr/bin/cmake /home/sachinb/ros2_ws/src/task2 -DCMAKE_INSTALL_PREFIX=/home/sachinb/ros2_ws/install/task2
[1.009s] Invoking command in '/home/sachinb/ros2_ws/build/task2': CMAKE_PREFIX_PATH=${CMAKE_PREFIX_PATH}:/home/sachinb/ros2_ws/install/task1:/opt/ros/humble /usr/bin/cmake --build /home/sachinb/ros2_ws/build/task2 -- -j8 -l8
[1.052s] Invoked command in '/home/sachinb/ros2_ws/build/task2' returned '0': CMAKE_PREFIX_PATH=${CMAKE_PREFIX_PATH}:/home/sachinb/ros2_ws/install/task1:/opt/ros/humble /usr/bin/cmake --build /home/sachinb/ros2_ws/build/task2 -- -j8 -l8
[1.086s] Invoking command in '/home/sachinb/ros2_ws/build/task2': CMAKE_PREFIX_PATH=${CMAKE_PREFIX_PATH}:/home/sachinb/ros2_ws/install/task1:/opt/ros/humble /usr/bin/cmake --install /home/sachinb/ros2_ws/build/task2
[1.094s] -- Install configuration: ""
[1.095s] -- Execute custom install script
[1.095s] -- Up-to-date symlink: /home/sachinb/ros2_ws/install/task2/share/ament_index/resource_index/package_run_dependencies/task2
[1.095s] -- Up-to-date symlink: /home/sachinb/ros2_ws/install/task2/share/ament_index/resource_index/parent_prefix_path/task2
[1.095s] -- Up-to-date symlink: /home/sachinb/ros2_ws/install/task2/share/task2/environment/ament_prefix_path.sh
[1.096s] -- Up-to-date symlink: /home/sachinb/ros2_ws/install/task2/share/task2/environment/ament_prefix_path.dsv
[1.096s] -- Up-to-date symlink: /home/sachinb/ros2_ws/install/task2/share/task2/environment/path.sh
[1.096s] -- Up-to-date symlink: /home/sachinb/ros2_ws/install/task2/share/task2/environment/path.dsv
[1.096s] -- Up-to-date symlink: /home/sachinb/ros2_ws/install/task2/share/task2/local_setup.bash
[1.096s] -- Up-to-date symlink: /home/sachinb/ros2_ws/install/task2/share/task2/local_setup.sh
[1.097s] -- Up-to-date symlink: /home/sachinb/ros2_ws/install/task2/share/task2/local_setup.zsh
[1.097s] -- Up-to-date symlink: /home/sachinb/ros2_ws/install/task2/share/task2/local_setup.dsv
[1.097s] -- Symlinking: /home/sachinb/ros2_ws/install/task2/share/task2/package.dsv
[1.107s] -- Up-to-date symlink: /home/sachinb/ros2_ws/install/task2/share/ament_index/resource_index/packages/task2
[1.107s] -- Up-to-date symlink: /home/sachinb/ros2_ws/install/task2/share/task2/cmake/task2Config.cmake
[1.107s] -- Up-to-date symlink: /home/sachinb/ros2_ws/install/task2/share/task2/cmake/task2Config-version.cmake
[1.108s] -- Up-to-date symlink: /home/sachinb/ros2_ws/install/task2/share/task2/package.xml
[1.110s] Invoked command in '/home/sachinb/ros2_ws/build/task2' returned '0': CMAKE_PREFIX_PATH=${CMAKE_PREFIX_PATH}:/home/sachinb/ros2_ws/install/task1:/opt/ros/humble /usr/bin/cmake --install /home/sachinb/ros2_ws/build/task2
