[0.490s] Invoking command in '/home/sachinb/ros2_ws/src/task1': PYTHONPATH=/home/sachinb/ros2_ws/build/task1/prefix_override:/usr/lib/python3/dist-packages/colcon_core/task/python/colcon_distutils_commands:/home/sachinb/ros2_ws/install/task1/lib/python3.10/site-packages:${PYTHONPATH} /usr/bin/python3 -W ignore:setup.py install is deprecated setup.py egg_info --egg-base ../../build/task1 build --build-base /home/sachinb/ros2_ws/build/task1/build install --record /home/sachinb/ros2_ws/build/task1/install.log --single-version-externally-managed install_data
[0.680s] running egg_info
[0.680s] creating ../../build/task1/task1.egg-info
[0.680s] writing ../../build/task1/task1.egg-info/PKG-INFO
[0.681s] writing dependency_links to ../../build/task1/task1.egg-info/dependency_links.txt
[0.681s] writing entry points to ../../build/task1/task1.egg-info/entry_points.txt
[0.681s] writing requirements to ../../build/task1/task1.egg-info/requires.txt
[0.681s] writing top-level names to ../../build/task1/task1.egg-info/top_level.txt
[0.681s] writing manifest file '../../build/task1/task1.egg-info/SOURCES.txt'
[0.683s] reading manifest file '../../build/task1/task1.egg-info/SOURCES.txt'
[0.683s] writing manifest file '../../build/task1/task1.egg-info/SOURCES.txt'
[0.683s] running build
[0.683s] running build_py
[0.683s] creating /home/sachinb/ros2_ws/build/task1/build
[0.683s] creating /home/sachinb/ros2_ws/build/task1/build/lib
[0.683s] creating /home/sachinb/ros2_ws/build/task1/build/lib/task1
[0.684s] copying task1/__init__.py -> /home/sachinb/ros2_ws/build/task1/build/lib/task1
[0.684s] running install
[0.684s] running install_lib
[0.684s] creating /home/sachinb/ros2_ws/install/task1/lib/python3.10/site-packages/task1
[0.684s] copying /home/sachinb/ros2_ws/build/task1/build/lib/task1/__init__.py -> /home/sachinb/ros2_ws/install/task1/lib/python3.10/site-packages/task1
[0.685s] byte-compiling /home/sachinb/ros2_ws/install/task1/lib/python3.10/site-packages/task1/__init__.py to __init__.cpython-310.pyc
[0.685s] running install_data
[0.685s] creating /home/sachinb/ros2_ws/install/task1/share/ament_index
[0.685s] creating /home/sachinb/ros2_ws/install/task1/share/ament_index/resource_index
[0.685s] creating /home/sachinb/ros2_ws/install/task1/share/ament_index/resource_index/packages
[0.685s] copying resource/task1 -> /home/sachinb/ros2_ws/install/task1/share/ament_index/resource_index/packages
[0.685s] copying package.xml -> /home/sachinb/ros2_ws/install/task1/share/task1
[0.685s] running install_egg_info
[0.687s] Copying ../../build/task1/task1.egg-info to /home/sachinb/ros2_ws/install/task1/lib/python3.10/site-packages/task1-0.0.0-py3.10.egg-info
[0.687s] running install_scripts
[0.704s] writing list of installed files to '/home/sachinb/ros2_ws/build/task1/install.log'
[0.725s] Invoked command in '/home/sachinb/ros2_ws/src/task1' returned '0': PYTHONPATH=/home/sachinb/ros2_ws/build/task1/prefix_override:/usr/lib/python3/dist-packages/colcon_core/task/python/colcon_distutils_commands:/home/sachinb/ros2_ws/install/task1/lib/python3.10/site-packages:${PYTHONPATH} /usr/bin/python3 -W ignore:setup.py install is deprecated setup.py egg_info --egg-base ../../build/task1 build --build-base /home/sachinb/ros2_ws/build/task1/build install --record /home/sachinb/ros2_ws/build/task1/install.log --single-version-externally-managed install_data
