[0.012s] Invoking command in '/home/sachinb/ros2_ws/build/task3': CMAKE_PREFIX_PATH=${CMAKE_PREFIX_PATH}:/home/sachinb/ros2_ws/install/task1:/opt/ros/humble /usr/bin/cmake /home/sachinb/ros2_ws/src/task3 -DCMAKE_INSTALL_PREFIX=/home/sachinb/ros2_ws/install/task3
[0.029s] -- Found ament_cmake: 1.3.10 (/opt/ros/humble/share/ament_cmake/cmake)
[0.184s] -- Override CMake install command with custom implementation using symlinks instead of copying resources
[0.193s] -- Found rclcpp: 16.0.10 (/opt/ros/humble/share/rclcpp/cmake)
[0.231s] -- Found rosidl_generator_c: 3.1.5 (/opt/ros/humble/share/rosidl_generator_c/cmake)
[0.234s] -- Found rosidl_adapter: 3.1.5 (/opt/ros/humble/share/rosidl_adapter/cmake)
[0.242s] -- Found rosidl_generator_cpp: 3.1.5 (/opt/ros/humble/share/rosidl_generator_cpp/cmake)
[0.255s] -- Using all available rosidl_typesupport_c: rosidl_typesupport_fastrtps_c;rosidl_typesupport_introspection_c
[0.272s] -- Using all available rosidl_typesupport_cpp: rosidl_typesupport_fastrtps_cpp;rosidl_typesupport_introspection_cpp
[0.316s] -- Found rmw_implementation_cmake: 6.1.2 (/opt/ros/humble/share/rmw_implementation_cmake/cmake)
[0.318s] -- Found rmw_fastrtps_cpp: 6.2.7 (/opt/ros/humble/share/rmw_fastrtps_cpp/cmake)
[0.444s] -- Using RMW implementation 'rmw_fastrtps_cpp' as default
[0.511s] -- Found geometry_msgs: 4.2.4 (/opt/ros/humble/share/geometry_msgs/cmake)
[0.529s] -- Found rosidl_default_generators: 1.2.0 (/opt/ros/humble/share/rosidl_default_generators/cmake)
[0.756s] [31mCMake Error at /opt/ros/humble/share/rosidl_adapter/cmake/rosidl_adapt_interfaces.cmake:59 (message):
[0.756s]   execute_process(/usr/bin/python3 -m rosidl_adapter --package-name task3
[0.757s]   --arguments-file
[0.757s]   /home/sachinb/ros2_ws/build/task3/rosidl_adapter__arguments__task3.json
[0.757s]   --output-dir /home/sachinb/ros2_ws/build/task3/rosidl_adapter/task3
[0.757s]   --output-file /home/sachinb/ros2_ws/build/task3/rosidl_adapter/task3.idls)
[0.757s]   returned error code 1:
[0.757s] 
[0.757s]   Error processing 'int32 Request' of 'task3/Custom_Request': ''Request' is
[0.757s]   an invalid field name.  It should have the pattern
[0.757s]   '^(?!.*__)(?!.*_$)[a-z][a-z0-9_]*$''
[0.757s] 
[0.757s]   Traceback (most recent call last):
[0.757s] 
[0.758s]     File "/usr/lib/python3.10/runpy.py", line 196, in _run_module_as_main
[0.758s]       return _run_code(code, main_globals, None,
[0.758s]     File "/usr/lib/python3.10/runpy.py", line 86, in _run_code
[0.758s]       exec(code, run_globals)
[0.758s]     File "/opt/ros/humble/local/lib/python3.10/dist-packages/rosidl_adapter/__main__.py", line 19, in <module>
[0.758s]       sys.exit(main())
[0.758s]     File "/opt/ros/humble/local/lib/python3.10/dist-packages/rosidl_adapter/main.py", line 53, in main
[0.758s]       abs_idl_file = convert_to_idl(
[0.758s]     File "/opt/ros/humble/local/lib/python3.10/dist-packages/rosidl_adapter/__init__.py", line 24, in convert_to_idl
[0.758s]       return convert_srv_to_idl(
[0.758s]     File "/opt/ros/humble/local/lib/python3.10/dist-packages/rosidl_adapter/srv/__init__.py", line 28, in convert_srv_to_idl
[0.758s]       srv = parse_service_string(package_name, input_file.stem, content)
[0.758s]     File "/opt/ros/humble/local/lib/python3.10/dist-packages/rosidl_adapter/parser.py", line 859, in parse_service_string
[0.759s]       request_message = parse_message_string(
[0.759s]     File "/opt/ros/humble/local/lib/python3.10/dist-packages/rosidl_adapter/parser.py", line 519, in parse_message_string
[0.759s]       fields.append(Field(
[0.759s]     File "/opt/ros/humble/local/lib/python3.10/dist-packages/rosidl_adapter/parser.py", line 354, in __init__
[0.759s]       raise NameError(
[0.759s] 
[0.759s]   NameError: 'Request' is an invalid field name.  It should have the pattern
[0.759s]   '^(?!.*__)(?!.*_$)[a-z][a-z0-9_]*$'
[0.759s] 
[0.759s] Call Stack (most recent call first):
[0.759s]   /opt/ros/humble/share/rosidl_cmake/cmake/rosidl_generate_interfaces.cmake:130 (rosidl_adapt_interfaces)
[0.759s]   CMakeLists.txt:15 (rosidl_generate_interfaces)
[0.759s] 
[0.759s] [0m
[0.760s] -- Configuring incomplete, errors occurred!
[0.760s] See also "/home/sachinb/ros2_ws/build/task3/CMakeFiles/CMakeOutput.log".
[0.766s] Invoked command in '/home/sachinb/ros2_ws/build/task3' returned '1': CMAKE_PREFIX_PATH=${CMAKE_PREFIX_PATH}:/home/sachinb/ros2_ws/install/task1:/opt/ros/humble /usr/bin/cmake /home/sachinb/ros2_ws/src/task3 -DCMAKE_INSTALL_PREFIX=/home/sachinb/ros2_ws/install/task3
