[35m[1mConsolidate compiler generated dependencies of target node1[0m
[  2%] Built target task3__cpp
[ 11%] Built target task3__rosidl_generator_c
[ 11%] Built target ament_cmake_python_symlink_task3
[ 14%] [32mBuilding CXX object CMakeFiles/node1.dir/src/node1.cpp.o[0m
[ 17%] [32mBuilding CXX object CMakeFiles/node2.dir/src/node2.cpp.o[0m
[ 25%] Built target task3__rosidl_typesupport_fastrtps_cpp
[ 34%] Built target task3__rosidl_typesupport_cpp
[ 42%] Built target task3__rosidl_typesupport_introspection_cpp
[ 51%] Built target task3__rosidl_typesupport_introspection_c
[ 60%] Built target task3__rosidl_typesupport_c
[ 68%] Built target task3__rosidl_typesupport_fastrtps_c
[ 68%] Built target task3
[ 71%] Built target task3__py
[ 77%] Built target task3__rosidl_generator_py
[ 82%] Built target task3__rosidl_typesupport_introspection_c__pyext
[ 88%] Built target task3__rosidl_typesupport_c__pyext
[ 94%] Built target task3__rosidl_typesupport_fastrtps_c__pyext
running egg_info
writing task3.egg-info/PKG-INFO
writing dependency_links to task3.egg-info/dependency_links.txt
writing top-level names to task3.egg-info/top_level.txt
reading manifest file 'task3.egg-info/SOURCES.txt'
writing manifest file 'task3.egg-info/SOURCES.txt'
[ 94%] Built target ament_cmake_python_build_task3_egg
[ 97%] [32m[1mLinking CXX executable node2[0m
[ 97%] Built target node2
