[0.008s] Invoking command in '/home/sachinb/ros2_ws/build/task3': CMAKE_PREFIX_PATH=${CMAKE_PREFIX_PATH}:/home/sachinb/ros2_ws/install/task1:/opt/ros/humble /usr/bin/cmake --build /home/sachinb/ros2_ws/build/task3 -- -j8 -l8
[0.041s] [35m[1mConsolidate compiler generated dependencies of target node1[0m
[0.049s] [  2%] Built target task3__cpp
[0.058s] [ 11%] Built target task3__rosidl_generator_c
[0.060s] [ 11%] Built target ament_cmake_python_symlink_task3
[0.060s] [ 17%] Built target node2
[0.061s] [ 22%] Built target node1
[0.073s] [ 31%] Built target task3__rosidl_typesupport_introspection_cpp
[0.076s] [ 40%] Built target task3__rosidl_typesupport_cpp
[0.076s] [ 48%] Built target task3__rosidl_typesupport_fastrtps_cpp
[0.081s] [ 57%] Built target task3__rosidl_typesupport_fastrtps_c
[0.081s] [ 65%] Built target task3__rosidl_typesupport_introspection_c
[0.083s] [ 74%] Built target task3__rosidl_typesupport_c
[0.098s] [ 74%] Built target task3
[0.113s] [ 77%] Built target task3__py
[0.130s] [ 82%] Built target task3__rosidl_generator_py
[0.148s] [ 88%] Built target task3__rosidl_typesupport_c__pyext
[0.149s] [100%] Built target task3__rosidl_typesupport_fastrtps_c__pyext
[0.149s] [100%] Built target task3__rosidl_typesupport_introspection_c__pyext
[0.281s] running egg_info
[0.281s] writing task3.egg-info/PKG-INFO
[0.281s] writing dependency_links to task3.egg-info/dependency_links.txt
[0.281s] writing top-level names to task3.egg-info/top_level.txt
[0.283s] reading manifest file 'task3.egg-info/SOURCES.txt'
[0.284s] writing manifest file 'task3.egg-info/SOURCES.txt'
[0.303s] [100%] Built target ament_cmake_python_build_task3_egg
[0.311s] Invoked command in '/home/sachinb/ros2_ws/build/task3' returned '0': CMAKE_PREFIX_PATH=${CMAKE_PREFIX_PATH}:/home/sachinb/ros2_ws/install/task1:/opt/ros/humble /usr/bin/cmake --build /home/sachinb/ros2_ws/build/task3 -- -j8 -l8
[0.356s] Invoking command in '/home/sachinb/ros2_ws/build/task3': CMAKE_PREFIX_PATH=${CMAKE_PREFIX_PATH}:/home/sachinb/ros2_ws/install/task1:/opt/ros/humble /usr/bin/cmake --install /home/sachinb/ros2_ws/build/task3
[0.362s] -- Install configuration: ""
[0.362s] -- Execute custom install script
[0.362s] -- Up-to-date symlink: /home/sachinb/ros2_ws/install/task3/share/ament_index/resource_index/rosidl_interfaces/task3
[0.362s] -- Up-to-date symlink: /home/sachinb/ros2_ws/install/task3/include/task3/task3/msg/rosidl_generator_c__visibility_control.h
[0.363s] -- Up-to-date symlink: /home/sachinb/ros2_ws/install/task3/include/task3/task3/srv/custom.h
[0.363s] -- Up-to-date symlink: /home/sachinb/ros2_ws/install/task3/include/task3/task3/srv/custom_service.h
[0.363s] -- Up-to-date symlink: /home/sachinb/ros2_ws/install/task3/include/task3/task3/srv/detail/custom__functions.h
[0.363s] -- Up-to-date symlink: /home/sachinb/ros2_ws/install/task3/include/task3/task3/srv/detail/custom__struct.h
[0.363s] -- Up-to-date symlink: /home/sachinb/ros2_ws/install/task3/include/task3/task3/srv/detail/custom__type_support.h
[0.363s] -- Up-to-date symlink: /home/sachinb/ros2_ws/install/task3/include/task3/task3/srv/detail/custom_service__functions.h
[0.363s] -- Up-to-date symlink: /home/sachinb/ros2_ws/install/task3/include/task3/task3/srv/detail/custom_service__struct.h
[0.363s] -- Up-to-date symlink: /home/sachinb/ros2_ws/install/task3/include/task3/task3/srv/detail/custom_service__type_support.h
[0.363s] -- Up-to-date symlink: /home/sachinb/ros2_ws/install/task3/share/task3/environment/library_path.sh
[0.363s] -- Up-to-date symlink: /home/sachinb/ros2_ws/install/task3/share/task3/environment/library_path.dsv
[0.364s] -- Up-to-date symlink: /home/sachinb/ros2_ws/install/task3/include/task3/task3/msg/rosidl_typesupport_fastrtps_c__visibility_control.h
[0.364s] -- Up-to-date symlink: /home/sachinb/ros2_ws/install/task3/include/task3/task3/srv/detail/custom__rosidl_typesupport_fastrtps_c.h
[0.364s] -- Up-to-date symlink: /home/sachinb/ros2_ws/install/task3/include/task3/task3/srv/detail/custom_service__rosidl_typesupport_fastrtps_c.h
[0.364s] -- Up-to-date symlink: /home/sachinb/ros2_ws/install/task3/include/task3/task3/srv/custom.hpp
[0.364s] -- Up-to-date symlink: /home/sachinb/ros2_ws/install/task3/include/task3/task3/srv/custom_service.hpp
[0.364s] -- Up-to-date symlink: /home/sachinb/ros2_ws/install/task3/include/task3/task3/srv/detail/custom__builder.hpp
[0.364s] -- Up-to-date symlink: /home/sachinb/ros2_ws/install/task3/include/task3/task3/srv/detail/custom__struct.hpp
[0.364s] -- Up-to-date symlink: /home/sachinb/ros2_ws/install/task3/include/task3/task3/srv/detail/custom__traits.hpp
[0.364s] -- Up-to-date symlink: /home/sachinb/ros2_ws/install/task3/include/task3/task3/srv/detail/custom_service__builder.hpp
[0.365s] -- Up-to-date symlink: /home/sachinb/ros2_ws/install/task3/include/task3/task3/srv/detail/custom_service__struct.hpp
[0.365s] -- Up-to-date symlink: /home/sachinb/ros2_ws/install/task3/include/task3/task3/srv/detail/custom_service__traits.hpp
[0.365s] -- Up-to-date symlink: /home/sachinb/ros2_ws/install/task3/include/task3/task3/msg/rosidl_typesupport_fastrtps_cpp__visibility_control.h
[0.365s] -- Up-to-date symlink: /home/sachinb/ros2_ws/install/task3/include/task3/task3/srv/detail/custom__rosidl_typesupport_fastrtps_cpp.hpp
[0.365s] -- Up-to-date symlink: /home/sachinb/ros2_ws/install/task3/include/task3/task3/srv/detail/custom_service__rosidl_typesupport_fastrtps_cpp.hpp
[0.365s] -- Up-to-date symlink: /home/sachinb/ros2_ws/install/task3/include/task3/task3/msg/rosidl_typesupport_introspection_c__visibility_control.h
[0.365s] -- Up-to-date symlink: /home/sachinb/ros2_ws/install/task3/include/task3/task3/srv/detail/custom__rosidl_typesupport_introspection_c.h
[0.366s] -- Up-to-date symlink: /home/sachinb/ros2_ws/install/task3/include/task3/task3/srv/detail/custom_service__rosidl_typesupport_introspection_c.h
[0.366s] -- Up-to-date symlink: /home/sachinb/ros2_ws/install/task3/include/task3/task3/srv/detail/custom__rosidl_typesupport_introspection_cpp.hpp
[0.366s] -- Up-to-date symlink: /home/sachinb/ros2_ws/install/task3/include/task3/task3/srv/detail/custom_service__rosidl_typesupport_introspection_cpp.hpp
[0.366s] -- Up-to-date symlink: /home/sachinb/ros2_ws/install/task3/share/task3/environment/pythonpath.sh
[0.366s] -- Up-to-date symlink: /home/sachinb/ros2_ws/install/task3/share/task3/environment/pythonpath.dsv
[0.366s] -- Up-to-date symlink: /home/sachinb/ros2_ws/install/task3/local/lib/python3.10/dist-packages/task3-0.0.0-py3.10.egg-info/PKG-INFO
[0.367s] -- Up-to-date symlink: /home/sachinb/ros2_ws/install/task3/local/lib/python3.10/dist-packages/task3-0.0.0-py3.10.egg-info/SOURCES.txt
[0.367s] -- Up-to-date symlink: /home/sachinb/ros2_ws/install/task3/local/lib/python3.10/dist-packages/task3-0.0.0-py3.10.egg-info/dependency_links.txt
[0.367s] -- Up-to-date symlink: /home/sachinb/ros2_ws/install/task3/local/lib/python3.10/dist-packages/task3-0.0.0-py3.10.egg-info/top_level.txt
[0.367s] -- Up-to-date symlink: /home/sachinb/ros2_ws/install/task3/local/lib/python3.10/dist-packages/task3/__init__.py
[0.367s] -- Up-to-date symlink: /home/sachinb/ros2_ws/install/task3/local/lib/python3.10/dist-packages/task3/_task3_s.ep.rosidl_typesupport_c.c
[0.367s] -- Up-to-date symlink: /home/sachinb/ros2_ws/install/task3/local/lib/python3.10/dist-packages/task3/_task3_s.ep.rosidl_typesupport_fastrtps_c.c
[0.367s] -- Up-to-date symlink: /home/sachinb/ros2_ws/install/task3/local/lib/python3.10/dist-packages/task3/_task3_s.ep.rosidl_typesupport_introspection_c.c
[0.368s] -- Up-to-date symlink: /home/sachinb/ros2_ws/install/task3/local/lib/python3.10/dist-packages/task3/libtask3__rosidl_generator_py.so
[0.368s] -- Up-to-date symlink: /home/sachinb/ros2_ws/install/task3/local/lib/python3.10/dist-packages/task3/srv/__init__.py
[0.368s] -- Up-to-date symlink: /home/sachinb/ros2_ws/install/task3/local/lib/python3.10/dist-packages/task3/srv/_custom.py
[0.368s] -- Up-to-date symlink: /home/sachinb/ros2_ws/install/task3/local/lib/python3.10/dist-packages/task3/srv/_custom_s.c
[0.368s] -- Up-to-date symlink: /home/sachinb/ros2_ws/install/task3/local/lib/python3.10/dist-packages/task3/srv/_custom_service.py
[0.368s] -- Up-to-date symlink: /home/sachinb/ros2_ws/install/task3/local/lib/python3.10/dist-packages/task3/srv/_custom_service_s.c
[0.368s] -- Up-to-date symlink: /home/sachinb/ros2_ws/install/task3/local/lib/python3.10/dist-packages/task3/task3_s__rosidl_typesupport_c.cpython-310-x86_64-linux-gnu.so
[0.368s] -- Up-to-date symlink: /home/sachinb/ros2_ws/install/task3/local/lib/python3.10/dist-packages/task3/task3_s__rosidl_typesupport_fastrtps_c.cpython-310-x86_64-linux-gnu.so
[0.368s] -- Up-to-date symlink: /home/sachinb/ros2_ws/install/task3/local/lib/python3.10/dist-packages/task3/task3_s__rosidl_typesupport_introspection_c.cpython-310-x86_64-linux-gnu.so
[0.368s] -- Up-to-date symlink: /home/sachinb/ros2_ws/install/task3/local/lib/python3.10/dist-packages/task3/task3_s__rosidl_typesupport_fastrtps_c.cpython-310-x86_64-linux-gnu.so
[0.369s] -- Up-to-date symlink: /home/sachinb/ros2_ws/install/task3/local/lib/python3.10/dist-packages/task3/task3_s__rosidl_typesupport_introspection_c.cpython-310-x86_64-linux-gnu.so
[0.369s] -- Up-to-date symlink: /home/sachinb/ros2_ws/install/task3/local/lib/python3.10/dist-packages/task3/task3_s__rosidl_typesupport_c.cpython-310-x86_64-linux-gnu.so
[0.369s] -- Up-to-date symlink: /home/sachinb/ros2_ws/install/task3/share/task3/srv/Custom.idl
[0.369s] -- Up-to-date symlink: /home/sachinb/ros2_ws/install/task3/share/task3/srv/Custom.srv
[0.369s] -- Up-to-date symlink: /home/sachinb/ros2_ws/install/task3/share/task3/srv/Custom_Request.msg
[0.369s] -- Up-to-date symlink: /home/sachinb/ros2_ws/install/task3/share/task3/srv/Custom_Response.msg
[0.369s] -- Up-to-date symlink: /home/sachinb/ros2_ws/install/task3/lib/task3/node1
[0.370s] -- Up-to-date symlink: /home/sachinb/ros2_ws/install/task3/lib/task3/node2
[0.370s] -- Up-to-date symlink: /home/sachinb/ros2_ws/install/task3/share/ament_index/resource_index/package_run_dependencies/task3
[0.370s] -- Up-to-date symlink: /home/sachinb/ros2_ws/install/task3/share/ament_index/resource_index/parent_prefix_path/task3
[0.370s] -- Up-to-date symlink: /home/sachinb/ros2_ws/install/task3/share/task3/environment/ament_prefix_path.sh
[0.370s] -- Up-to-date symlink: /home/sachinb/ros2_ws/install/task3/share/task3/environment/ament_prefix_path.dsv
[0.370s] -- Up-to-date symlink: /home/sachinb/ros2_ws/install/task3/share/task3/environment/path.sh
[0.370s] -- Up-to-date symlink: /home/sachinb/ros2_ws/install/task3/share/task3/environment/path.dsv
[0.370s] -- Up-to-date symlink: /home/sachinb/ros2_ws/install/task3/share/task3/local_setup.bash
[0.370s] -- Up-to-date symlink: /home/sachinb/ros2_ws/install/task3/share/task3/local_setup.sh
[0.370s] -- Up-to-date symlink: /home/sachinb/ros2_ws/install/task3/share/task3/local_setup.zsh
[0.371s] -- Up-to-date symlink: /home/sachinb/ros2_ws/install/task3/share/task3/local_setup.dsv
[0.371s] -- Symlinking: /home/sachinb/ros2_ws/install/task3/share/task3/package.dsv
[0.378s] -- Up-to-date symlink: /home/sachinb/ros2_ws/install/task3/share/ament_index/resource_index/packages/task3
[0.378s] -- Up-to-date symlink: /home/sachinb/ros2_ws/install/task3/share/task3/cmake/rosidl_cmake-extras.cmake
[0.378s] -- Up-to-date symlink: /home/sachinb/ros2_ws/install/task3/share/task3/cmake/ament_cmake_export_include_directories-extras.cmake
[0.378s] -- Up-to-date symlink: /home/sachinb/ros2_ws/install/task3/share/task3/cmake/ament_cmake_export_libraries-extras.cmake
[0.378s] -- Up-to-date symlink: /home/sachinb/ros2_ws/install/task3/share/task3/cmake/ament_cmake_export_targets-extras.cmake
[0.378s] -- Up-to-date symlink: /home/sachinb/ros2_ws/install/task3/share/task3/cmake/rosidl_cmake_export_typesupport_targets-extras.cmake
[0.378s] -- Up-to-date symlink: /home/sachinb/ros2_ws/install/task3/share/task3/cmake/ament_cmake_export_dependencies-extras.cmake
[0.378s] -- Up-to-date symlink: /home/sachinb/ros2_ws/install/task3/share/task3/cmake/rosidl_cmake_export_typesupport_libraries-extras.cmake
[0.378s] -- Up-to-date symlink: /home/sachinb/ros2_ws/install/task3/share/task3/cmake/task3Config.cmake
[0.378s] -- Up-to-date symlink: /home/sachinb/ros2_ws/install/task3/share/task3/cmake/task3Config-version.cmake
[0.378s] -- Up-to-date symlink: /home/sachinb/ros2_ws/install/task3/share/task3/package.xml
[0.379s] -- Up-to-date: /home/sachinb/ros2_ws/install/task3/lib/libtask3__rosidl_generator_c.so
[0.379s] -- Up-to-date: /home/sachinb/ros2_ws/install/task3/lib/libtask3__rosidl_typesupport_fastrtps_c.so
[0.379s] -- Up-to-date: /home/sachinb/ros2_ws/install/task3/lib/libtask3__rosidl_typesupport_fastrtps_cpp.so
[0.379s] -- Up-to-date: /home/sachinb/ros2_ws/install/task3/lib/libtask3__rosidl_typesupport_introspection_c.so
[0.379s] -- Up-to-date: /home/sachinb/ros2_ws/install/task3/lib/libtask3__rosidl_typesupport_c.so
[0.380s] -- Up-to-date: /home/sachinb/ros2_ws/install/task3/lib/libtask3__rosidl_typesupport_introspection_cpp.so
[0.380s] -- Up-to-date: /home/sachinb/ros2_ws/install/task3/lib/libtask3__rosidl_typesupport_cpp.so
[0.405s] Listing '/home/sachinb/ros2_ws/install/task3/local/lib/python3.10/dist-packages/task3'...
[0.405s] Listing '/home/sachinb/ros2_ws/install/task3/local/lib/python3.10/dist-packages/task3/srv'...
[0.408s] -- Up-to-date: /home/sachinb/ros2_ws/install/task3/lib/libtask3__rosidl_generator_py.so
[0.409s] -- Up-to-date: /home/sachinb/ros2_ws/install/task3/share/task3/cmake/export_task3__rosidl_generator_cExport.cmake
[0.409s] -- Up-to-date: /home/sachinb/ros2_ws/install/task3/share/task3/cmake/export_task3__rosidl_generator_cExport-noconfig.cmake
[0.409s] -- Up-to-date: /home/sachinb/ros2_ws/install/task3/share/task3/cmake/export_task3__rosidl_typesupport_fastrtps_cExport.cmake
[0.409s] -- Up-to-date: /home/sachinb/ros2_ws/install/task3/share/task3/cmake/export_task3__rosidl_typesupport_fastrtps_cExport-noconfig.cmake
[0.409s] -- Up-to-date: /home/sachinb/ros2_ws/install/task3/share/task3/cmake/export_task3__rosidl_generator_cppExport.cmake
[0.409s] -- Up-to-date: /home/sachinb/ros2_ws/install/task3/share/task3/cmake/export_task3__rosidl_typesupport_fastrtps_cppExport.cmake
[0.409s] -- Up-to-date: /home/sachinb/ros2_ws/install/task3/share/task3/cmake/export_task3__rosidl_typesupport_fastrtps_cppExport-noconfig.cmake
[0.409s] -- Up-to-date: /home/sachinb/ros2_ws/install/task3/share/task3/cmake/task3__rosidl_typesupport_introspection_cExport.cmake
[0.410s] -- Up-to-date: /home/sachinb/ros2_ws/install/task3/share/task3/cmake/task3__rosidl_typesupport_introspection_cExport-noconfig.cmake
[0.410s] -- Up-to-date: /home/sachinb/ros2_ws/install/task3/share/task3/cmake/task3__rosidl_typesupport_cExport.cmake
[0.410s] -- Up-to-date: /home/sachinb/ros2_ws/install/task3/share/task3/cmake/task3__rosidl_typesupport_cExport-noconfig.cmake
[0.410s] -- Up-to-date: /home/sachinb/ros2_ws/install/task3/share/task3/cmake/task3__rosidl_typesupport_introspection_cppExport.cmake
[0.410s] -- Up-to-date: /home/sachinb/ros2_ws/install/task3/share/task3/cmake/task3__rosidl_typesupport_introspection_cppExport-noconfig.cmake
[0.410s] -- Up-to-date: /home/sachinb/ros2_ws/install/task3/share/task3/cmake/task3__rosidl_typesupport_cppExport.cmake
[0.410s] -- Up-to-date: /home/sachinb/ros2_ws/install/task3/share/task3/cmake/task3__rosidl_typesupport_cppExport-noconfig.cmake
[0.410s] -- Up-to-date: /home/sachinb/ros2_ws/install/task3/share/task3/cmake/export_task3__rosidl_generator_pyExport.cmake
[0.410s] -- Up-to-date: /home/sachinb/ros2_ws/install/task3/share/task3/cmake/export_task3__rosidl_generator_pyExport-noconfig.cmake
[0.412s] Invoked command in '/home/sachinb/ros2_ws/build/task3' returned '0': CMAKE_PREFIX_PATH=${CMAKE_PREFIX_PATH}:/home/sachinb/ros2_ws/install/task1:/opt/ros/humble /usr/bin/cmake --install /home/sachinb/ros2_ws/build/task3
