[0.009s] Invoking command in '/home/sachinb/ros2_ws/build/task3': CMAKE_PREFIX_PATH=${CMAKE_PREFIX_PATH}:/home/sachinb/ros2_ws/install/task1:/opt/ros/humble /usr/bin/cmake --build /home/sachinb/ros2_ws/build/task3 -- -j8 -l8
[0.063s] [35m[1mConsolidate compiler generated dependencies of target node1[0m
[0.067s] [  5%] Built target task3__cpp
[0.067s] [ 11%] Built target task3__rosidl_generator_c
[0.078s] [ 11%] Built target ament_cmake_python_symlink_task3
[0.079s] [ 14%] [32mBuilding CXX object CMakeFiles/node2.dir/src/node2.cpp.o[0m
[0.083s] [ 17%] [32mBuilding CXX object CMakeFiles/node1.dir/src/node1.cpp.o[0m
[0.091s] [ 25%] Built target task3__rosidl_typesupport_introspection_c
[0.092s] [ 37%] Built target task3__rosidl_typesupport_fastrtps_c
[0.093s] [ 42%] Built target task3__rosidl_typesupport_c
[0.098s] [ 51%] Built target task3__rosidl_typesupport_introspection_cpp
[0.103s] [ 60%] Built target task3__rosidl_typesupport_fastrtps_cpp
[0.104s] [ 68%] Built target task3__rosidl_typesupport_cpp
[0.121s] [ 68%] Built target task3
[0.141s] [ 71%] Built target task3__py
[0.161s] [ 77%] Built target task3__rosidl_generator_py
[0.182s] [ 82%] Built target task3__rosidl_typesupport_fastrtps_c__pyext
[0.186s] [ 88%] Built target task3__rosidl_typesupport_introspection_c__pyext
[0.187s] [ 94%] Built target task3__rosidl_typesupport_c__pyext
[0.335s] running egg_info
[0.335s] writing task3.egg-info/PKG-INFO
[0.335s] writing dependency_links to task3.egg-info/dependency_links.txt
[0.336s] writing top-level names to task3.egg-info/top_level.txt
[0.338s] reading manifest file 'task3.egg-info/SOURCES.txt'
[0.338s] writing manifest file 'task3.egg-info/SOURCES.txt'
[0.362s] [ 94%] Built target ament_cmake_python_build_task3_egg
[2.345s] In file included from [01m[K/usr/include/x86_64-linux-gnu/c++/11/bits/c++allocator.h:33[m[K,
[2.345s]                  from [01m[K/usr/include/c++/11/bits/allocator.h:46[m[K,
[2.345s]                  from [01m[K/usr/include/c++/11/memory:64[m[K,
[2.345s]                  from [01m[K/opt/ros/humble/include/rclcpp/rclcpp/rclcpp.hpp:153[m[K,
[2.345s]                  from [01m[K/home/sachinb/ros2_ws/src/task3/src/node1.cpp:1[m[K:
[2.346s] /usr/include/c++/11/ext/new_allocator.h: In instantiation of ‘[01m[Kvoid __gnu_cxx::new_allocator<_Tp>::construct(_Up*, _Args&& ...) [with _Up = rclcpp::Node; _Args = {}; _Tp = rclcpp::Node][m[K’:
[2.346s] [01m[K/usr/include/c++/11/bits/alloc_traits.h:516:17:[m[K   required from ‘[01m[Kstatic void std::allocator_traits<std::allocator<_Tp1> >::construct(std::allocator_traits<std::allocator<_Tp1> >::allocator_type&, _Up*, _Args&& ...) [with _Up = rclcpp::Node; _Args = {}; _Tp = rclcpp::Node; std::allocator_traits<std::allocator<_Tp1> >::allocator_type = std::allocator<rclcpp::Node>][m[K’
[2.346s] [01m[K/usr/include/c++/11/bits/shared_ptr_base.h:519:39:[m[K   required from ‘[01m[Kstd::_Sp_counted_ptr_inplace<_Tp, _Alloc, _Lp>::_Sp_counted_ptr_inplace(_Alloc, _Args&& ...) [with _Args = {}; _Tp = rclcpp::Node; _Alloc = std::allocator<rclcpp::Node>; __gnu_cxx::_Lock_policy _Lp = __gnu_cxx::_S_atomic][m[K’
[2.346s] [01m[K/usr/include/c++/11/bits/shared_ptr_base.h:650:16:[m[K   required from ‘[01m[Kstd::__shared_count<_Lp>::__shared_count(_Tp*&, std::_Sp_alloc_shared_tag<_Alloc>, _Args&& ...) [with _Tp = rclcpp::Node; _Alloc = std::allocator<rclcpp::Node>; _Args = {}; __gnu_cxx::_Lock_policy _Lp = __gnu_cxx::_S_atomic][m[K’
[2.346s] [01m[K/usr/include/c++/11/bits/shared_ptr_base.h:1342:14:[m[K   required from ‘[01m[Kstd::__shared_ptr<_Tp, _Lp>::__shared_ptr(std::_Sp_alloc_shared_tag<_Tp>, _Args&& ...) [with _Alloc = std::allocator<rclcpp::Node>; _Args = {}; _Tp = rclcpp::Node; __gnu_cxx::_Lock_policy _Lp = __gnu_cxx::_S_atomic][m[K’
[2.346s] [01m[K/usr/include/c++/11/bits/shared_ptr.h:409:59:[m[K   required from ‘[01m[Kstd::shared_ptr<_Tp>::shared_ptr(std::_Sp_alloc_shared_tag<_Tp>, _Args&& ...) [with _Alloc = std::allocator<rclcpp::Node>; _Args = {}; _Tp = rclcpp::Node][m[K’
[2.346s] [01m[K/usr/include/c++/11/bits/shared_ptr.h:862:14:[m[K   required from ‘[01m[Kstd::shared_ptr<_Tp> std::allocate_shared(const _Alloc&, _Args&& ...) [with _Tp = rclcpp::Node; _Alloc = std::allocator<rclcpp::Node>; _Args = {}][m[K’
[2.346s] [01m[K/usr/include/c++/11/bits/shared_ptr.h:878:39:[m[K   required from ‘[01m[Kstd::shared_ptr<_Tp> std::make_shared(_Args&& ...) [with _Tp = rclcpp::Node; _Args = {}][m[K’
[2.346s] [01m[K/home/sachinb/ros2_ws/src/task3/src/node1.cpp:54:48:[m[K   required from here
[2.346s] [01m[K/usr/include/c++/11/ext/new_allocator.h:162:11:[m[K [01;31m[Kerror: [m[Kno matching function for call to ‘[01m[Krclcpp::Node::Node()[m[K’
[2.346s]   162 |         { [01;31m[K::new((void *)__p) _Up(std::forward<_Args>(__args)...)[m[K; }
[2.346s]       |           [01;31m[K^~~~~~~~~~~~~~~~~~~~~~~~~~~~~~~~~~~~~~~~~~~~~~~~~~~~~~[m[K
[2.346s] In file included from [01m[K/opt/ros/humble/include/rclcpp/rclcpp/executors/single_threaded_executor.hpp:28[m[K,
[2.346s]                  from [01m[K/opt/ros/humble/include/rclcpp/rclcpp/executors.hpp:22[m[K,
[2.346s]                  from [01m[K/opt/ros/humble/include/rclcpp/rclcpp/rclcpp.hpp:155[m[K,
[2.346s]                  from [01m[K/home/sachinb/ros2_ws/src/task3/src/node1.cpp:1[m[K:
[2.346s] [01m[K/opt/ros/humble/include/rclcpp/rclcpp/node.hpp:1294:3:[m[K [01;36m[Knote: [m[Kcandidate: ‘[01m[Krclcpp::Node::Node(const rclcpp::Node&, const string&)[m[K’
[2.347s]  1294 |   [01;36m[KNode[m[K(
[2.347s]       |   [01;36m[K^~~~[m[K
[2.347s] [01m[K/opt/ros/humble/include/rclcpp/rclcpp/node.hpp:1294:3:[m[K [01;36m[Knote: [m[K  candidate expects 2 arguments, 0 provided
[2.347s] [01m[K/opt/ros/humble/include/rclcpp/rclcpp/node.hpp:101:12:[m[K [01;36m[Knote: [m[Kcandidate: ‘[01m[Krclcpp::Node::Node(const string&, const string&, const rclcpp::NodeOptions&)[m[K’
[2.347s]   101 |   explicit [01;36m[KNode[m[K(
[2.347s]       |            [01;36m[K^~~~[m[K
[2.347s] [01m[K/opt/ros/humble/include/rclcpp/rclcpp/node.hpp:101:12:[m[K [01;36m[Knote: [m[K  candidate expects 3 arguments, 0 provided
[2.347s] [01m[K/opt/ros/humble/include/rclcpp/rclcpp/node.hpp:89:12:[m[K [01;36m[Knote: [m[Kcandidate: ‘[01m[Krclcpp::Node::Node(const string&, const rclcpp::NodeOptions&)[m[K’
[2.347s]    89 |   explicit [01;36m[KNode[m[K(
[2.347s]       |            [01;36m[K^~~~[m[K
[2.347s] [01m[K/opt/ros/humble/include/rclcpp/rclcpp/node.hpp:89:12:[m[K [01;36m[Knote: [m[K  candidate expects 2 arguments, 0 provided
[2.411s] gmake[2]: *** [CMakeFiles/node1.dir/build.make:76: CMakeFiles/node1.dir/src/node1.cpp.o] Error 1
[2.411s] gmake[1]: *** [CMakeFiles/Makefile2:594: CMakeFiles/node1.dir/all] Error 2
[2.412s] gmake[1]: *** Waiting for unfinished jobs....
[3.057s] [ 97%] [32m[1mLinking CXX executable node2[0m
[3.200s] [ 97%] Built target node2
[3.201s] gmake: *** [Makefile:146: all] Error 2
[3.202s] Invoked command in '/home/sachinb/ros2_ws/build/task3' returned '2': CMAKE_PREFIX_PATH=${CMAKE_PREFIX_PATH}:/home/sachinb/ros2_ws/install/task1:/opt/ros/humble /usr/bin/cmake --build /home/sachinb/ros2_ws/build/task3 -- -j8 -l8
