[0.013s] Invoking command in '/home/sachinb/ros2_ws/build/task1cpp': CMAKE_PREFIX_PATH=${CMAKE_PREFIX_PATH}:/home/sachinb/ros2_ws/install/task1:/opt/ros/humble /usr/bin/cmake --build /home/sachinb/ros2_ws/build/task1cpp -- -j8 -l8
[0.056s] [35m[1mConsolidate compiler generated dependencies of target publisher[0m
[0.073s] [ 50%] [32mBuilding CXX object CMakeFiles/publisher.dir/src/publisher.cpp.o[0m
[3.881s] [100%] [32m[1mLinking CXX executable publisher[0m
[4.014s] [100%] Built target publisher
[4.026s] Invoked command in '/home/sachinb/ros2_ws/build/task1cpp' returned '0': CMAKE_PREFIX_PATH=${CMAKE_PREFIX_PATH}:/home/sachinb/ros2_ws/install/task1:/opt/ros/humble /usr/bin/cmake --build /home/sachinb/ros2_ws/build/task1cpp -- -j8 -l8
[4.061s] Invoking command in '/home/sachinb/ros2_ws/build/task1cpp': CMAKE_PREFIX_PATH=${CMAKE_PREFIX_PATH}:/home/sachinb/ros2_ws/install/task1:/opt/ros/humble /usr/bin/cmake --install /home/sachinb/ros2_ws/build/task1cpp
[4.069s] -- Install configuration: ""
[4.069s] -- Installing: /home/sachinb/ros2_ws/install/task1cpp/lib/task1cpp/publisher
[4.069s] -- Set runtime path of "/home/sachinb/ros2_ws/install/task1cpp/lib/task1cpp/publisher" to ""
[4.070s] -- Up-to-date: /home/sachinb/ros2_ws/install/task1cpp/share/ament_index/resource_index/package_run_dependencies/task1cpp
[4.070s] -- Up-to-date: /home/sachinb/ros2_ws/install/task1cpp/share/ament_index/resource_index/parent_prefix_path/task1cpp
[4.070s] -- Up-to-date: /home/sachinb/ros2_ws/install/task1cpp/share/task1cpp/environment/ament_prefix_path.sh
[4.070s] -- Up-to-date: /home/sachinb/ros2_ws/install/task1cpp/share/task1cpp/environment/ament_prefix_path.dsv
[4.070s] -- Up-to-date: /home/sachinb/ros2_ws/install/task1cpp/share/task1cpp/environment/path.sh
[4.070s] -- Up-to-date: /home/sachinb/ros2_ws/install/task1cpp/share/task1cpp/environment/path.dsv
[4.070s] -- Up-to-date: /home/sachinb/ros2_ws/install/task1cpp/share/task1cpp/local_setup.bash
[4.070s] -- Up-to-date: /home/sachinb/ros2_ws/install/task1cpp/share/task1cpp/local_setup.sh
[4.071s] -- Up-to-date: /home/sachinb/ros2_ws/install/task1cpp/share/task1cpp/local_setup.zsh
[4.071s] -- Up-to-date: /home/sachinb/ros2_ws/install/task1cpp/share/task1cpp/local_setup.dsv
[4.071s] -- Installing: /home/sachinb/ros2_ws/install/task1cpp/share/task1cpp/package.dsv
[4.071s] -- Up-to-date: /home/sachinb/ros2_ws/install/task1cpp/share/ament_index/resource_index/packages/task1cpp
[4.071s] -- Up-to-date: /home/sachinb/ros2_ws/install/task1cpp/share/task1cpp/cmake/task1cppConfig.cmake
[4.071s] -- Up-to-date: /home/sachinb/ros2_ws/install/task1cpp/share/task1cpp/cmake/task1cppConfig-version.cmake
[4.071s] -- Up-to-date: /home/sachinb/ros2_ws/install/task1cpp/share/task1cpp/package.xml
[4.072s] Invoked command in '/home/sachinb/ros2_ws/build/task1cpp' returned '0': CMAKE_PREFIX_PATH=${CMAKE_PREFIX_PATH}:/home/sachinb/ros2_ws/install/task1:/opt/ros/humble /usr/bin/cmake --install /home/sachinb/ros2_ws/build/task1cpp
