[0.334s] Invoking command in '/home/sachinb/ros2_ws/build/task1cpp': CMAKE_PREFIX_PATH=${CMAKE_PREFIX_PATH}:/home/sachinb/ros2_ws/install/task1:/opt/ros/humble /usr/bin/cmake --build /home/sachinb/ros2_ws/build/task1cpp -- -j8 -l8
[0.385s] [100%] Built target publisher
[0.397s] Invoked command in '/home/sachinb/ros2_ws/build/task1cpp' returned '0': CMAKE_PREFIX_PATH=${CMAKE_PREFIX_PATH}:/home/sachinb/ros2_ws/install/task1:/opt/ros/humble /usr/bin/cmake --build /home/sachinb/ros2_ws/build/task1cpp -- -j8 -l8
[0.424s] Invoking command in '/home/sachinb/ros2_ws/build/task1cpp': CMAKE_PREFIX_PATH=${CMAKE_PREFIX_PATH}:/home/sachinb/ros2_ws/install/task1:/opt/ros/humble /usr/bin/cmake --install /home/sachinb/ros2_ws/build/task1cpp
[0.433s] -- Install configuration: ""
[0.433s] -- Up-to-date: /home/sachinb/ros2_ws/install/task1cpp/lib/task1cpp/publisher
[0.433s] -- Up-to-date: /home/sachinb/ros2_ws/install/task1cpp/share/ament_index/resource_index/package_run_dependencies/task1cpp
[0.433s] -- Up-to-date: /home/sachinb/ros2_ws/install/task1cpp/share/ament_index/resource_index/parent_prefix_path/task1cpp
[0.433s] -- Up-to-date: /home/sachinb/ros2_ws/install/task1cpp/share/task1cpp/environment/ament_prefix_path.sh
[0.434s] -- Up-to-date: /home/sachinb/ros2_ws/install/task1cpp/share/task1cpp/environment/ament_prefix_path.dsv
[0.434s] -- Up-to-date: /home/sachinb/ros2_ws/install/task1cpp/share/task1cpp/environment/path.sh
[0.434s] -- Up-to-date: /home/sachinb/ros2_ws/install/task1cpp/share/task1cpp/environment/path.dsv
[0.434s] -- Up-to-date: /home/sachinb/ros2_ws/install/task1cpp/share/task1cpp/local_setup.bash
[0.434s] -- Up-to-date: /home/sachinb/ros2_ws/install/task1cpp/share/task1cpp/local_setup.sh
[0.435s] -- Up-to-date: /home/sachinb/ros2_ws/install/task1cpp/share/task1cpp/local_setup.zsh
[0.435s] -- Up-to-date: /home/sachinb/ros2_ws/install/task1cpp/share/task1cpp/local_setup.dsv
[0.436s] -- Installing: /home/sachinb/ros2_ws/install/task1cpp/share/task1cpp/package.dsv
[0.436s] -- Up-to-date: /home/sachinb/ros2_ws/install/task1cpp/share/ament_index/resource_index/packages/task1cpp
[0.436s] -- Up-to-date: /home/sachinb/ros2_ws/install/task1cpp/share/task1cpp/cmake/task1cppConfig.cmake
[0.436s] -- Up-to-date: /home/sachinb/ros2_ws/install/task1cpp/share/task1cpp/cmake/task1cppConfig-version.cmake
[0.436s] -- Up-to-date: /home/sachinb/ros2_ws/install/task1cpp/share/task1cpp/package.xml
[0.447s] Invoked command in '/home/sachinb/ros2_ws/build/task1cpp' returned '0': CMAKE_PREFIX_PATH=${CMAKE_PREFIX_PATH}:/home/sachinb/ros2_ws/install/task1:/opt/ros/humble /usr/bin/cmake --install /home/sachinb/ros2_ws/build/task1cpp
